<?xml version="1.0" encoding="UTF-8"?>
<!-- Generated by org.testng.reporters.JUnitXMLReporter -->
<testsuite hostname="Test" name="Default test" tests="11" failures="1" timestamp="16 Jul 2016 23:22:40 GMT" time="70.688" errors="0">
  <testcase name="dropdownValidationTest" time="0.042" classname="com.selenium.thoughtworks.marsair.validation.validationTest">
    <skipped/>
  </testcase> <!-- dropdownValidationTest -->
  <testcase name="dropdownValidationTest" time="0.024" classname="com.selenium.thoughtworks.marsair.validation.validationTest">
    <skipped/>
  </testcase> <!-- dropdownValidationTest -->
  <testcase name="fieldValidationTest" time="0.012" classname="com.selenium.thoughtworks.marsair.validation.validationTest">
    <skipped/>
  </testcase> <!-- fieldValidationTest -->
  <testcase name="fieldValidationTest" time="0.017" classname="com.selenium.thoughtworks.marsair.validation.validationTest">
    <skipped/>
  </testcase> <!-- fieldValidationTest -->
  <testcase name="fieldValidationTest" time="0.01" classname="com.selenium.thoughtworks.marsair.validation.validationTest">
    <skipped/>
  </testcase> <!-- fieldValidationTest -->
  <testcase name="fieldValidationTest" time="0.01" classname="com.selenium.thoughtworks.marsair.validation.validationTest">
    <skipped/>
  </testcase> <!-- fieldValidationTest -->
  <testcase name="labelValidationTest" time="0.016" classname="com.selenium.thoughtworks.marsair.validation.validationTest">
    <skipped/>
  </testcase> <!-- labelValidationTest -->
  <testcase name="labelValidationTest" time="0.012" classname="com.selenium.thoughtworks.marsair.validation.validationTest">
    <skipped/>
  </testcase> <!-- labelValidationTest -->
  <testcase name="labelValidationTest" time="0.008" classname="com.selenium.thoughtworks.marsair.validation.validationTest">
    <skipped/>
  </testcase> <!-- labelValidationTest -->
  <testcase name="linkNavigateToHomePageTest" time="36.412" classname="com.selenium.thoughtworks.marsair.validation.validationTest"/>
  <testcase name="linkNavigateToHomePageTest" time="33.434" classname="com.selenium.thoughtworks.marsair.validation.validationTest">
    <failure type="java.lang.AssertionError" message="&amp;quot;Book a ticket to the red planet now!&amp;quot; link is not present on search results page expected [true] but found [false]">
      <![CDATA[java.lang.AssertionError: "Book a ticket to the red planet now!" link is not present on search results page expected [true] but found [false]
	at org.testng.Assert.fail(Assert.java:94)
	at org.testng.Assert.failNotEquals(Assert.java:513)
	at org.testng.Assert.assertTrue(Assert.java:42)
	at com.selenium.thoughtworks.marsair.validation.validationTest.linkNavigateToHomePageTest(validationTest.java:56)
	at sun.reflect.NativeMethodAccessorImpl.invoke0(Native Method)
	at sun.reflect.NativeMethodAccessorImpl.invoke(Unknown Source)
	at sun.reflect.DelegatingMethodAccessorImpl.invoke(Unknown Source)
	at java.lang.reflect.Method.invoke(Unknown Source)
	at org.testng.internal.MethodInvocationHelper.invokeMethod(MethodInvocationHelper.java:86)
	at org.testng.internal.Invoker.invokeMethod(Invoker.java:643)
	at org.testng.internal.Invoker.invokeTestMethod(Invoker.java:820)
	at org.testng.internal.Invoker.invokeTestMethods(Invoker.java:1128)
	at org.testng.internal.TestMethodWorker.invokeTestMethods(TestMethodWorker.java:129)
	at org.testng.internal.TestMethodWorker.run(TestMethodWorker.java:112)
	at org.testng.TestRunner.privateRun(TestRunner.java:782)
	at org.testng.TestRunner.run(TestRunner.java:632)
	at org.testng.SuiteRunner.runTest(SuiteRunner.java:366)
	at org.testng.SuiteRunner.runSequentially(SuiteRunner.java:361)
	at org.testng.SuiteRunner.privateRun(SuiteRunner.java:319)
	at org.testng.SuiteRunner.run(SuiteRunner.java:268)
	at org.testng.SuiteRunnerWorker.runSuite(SuiteRunnerWorker.java:52)
	at org.testng.SuiteRunnerWorker.run(SuiteRunnerWorker.java:86)
	at org.testng.TestNG.runSuitesSequentially(TestNG.java:1244)
	at org.testng.TestNG.runSuitesLocally(TestNG.java:1169)
	at org.testng.TestNG.run(TestNG.java:1064)
	at org.testng.remote.AbstractRemoteTestNG.run(AbstractRemoteTestNG.java:126)
	at org.testng.remote.RemoteTestNG.initAndRun(RemoteTestNG.java:137)
	at org.testng.remote.RemoteTestNG.main(RemoteTestNG.java:58)
]]>
    </failure>
  </testcase> <!-- linkNavigateToHomePageTest -->
</testsuite> <!-- Default test -->
