<html>
<head>
<title>TestNG:  Command line test</title>
<link href="../testng.css" rel="stylesheet" type="text/css" />
<link href="../my-testng.css" rel="stylesheet" type="text/css" />

<style type="text/css">
.log { display: none;} 
.stack-trace { display: none;} 
</style>
<script type="text/javascript">
<!--
function flip(e) {
  current = e.style.display;
  if (current == 'block') {
    e.style.display = 'none';
    return 0;
  }
  else {
    e.style.display = 'block';
    return 1;
  }
}

function toggleBox(szDivId, elem, msg1, msg2)
{
  var res = -1;  if (document.getElementById) {
    res = flip(document.getElementById(szDivId));
  }
  else if (document.all) {
    // this is the way old msie versions work
    res = flip(document.all[szDivId]);
  }
  if(elem) {
    if(res == 0) elem.innerHTML = msg1; else elem.innerHTML = msg2;
  }

}

function toggleAllBoxes() {
  if (document.getElementsByTagName) {
    d = document.getElementsByTagName('div');
    for (i = 0; i < d.length; i++) {
      if (d[i].className == 'log') {
        flip(d[i]);
      }
    }
  }
}

// -->
</script>

</head>
<body>
<h2 align='center'>Command line test</h2><table border='1' align="center">
<tr>
<td>Tests passed/Failed/Skipped:</td><td>13/5/0</td>
</tr><tr>
<td>Started on:</td><td>Sun Jul 17 18:40:33 BST 2016</td>
</tr>
<tr><td>Total time:</td><td>220 seconds (220563 ms)</td>
</tr><tr>
<td>Included groups:</td><td></td>
</tr><tr>
<td>Excluded groups:</td><td></td>
</tr>
</table><p/>
<small><i>(Hover the method name to see the test class name)</i></small><p/>
<table width='100%' border='1' class='invocation-failed'>
<tr><td colspan='4' align='center'><b>FAILED TESTS</b></td></tr>
<tr><td><b>Test method</b></td>
<td width="30%"><b>Exception</b></td>
<td width="10%"><b>Time (seconds)</b></td>
<td><b>Instance</b></td>
</tr>
<tr>
<td title='com.selenium.thoughtworks.marsair.validation.validationTest.labelValidationTest()'><b>labelValidationTest</b><br>Test class: com.selenium.thoughtworks.marsair.validation.validationTest<br>Parameters: {TCResult=Fail, ExpectedLabel=Departure, LabelXpathFromPropertiesFile=departureLabel_xpath, Runmode=Y, DefectId=1.0}</td>
<td><div><pre>java.lang.AssertionError: Departure - Label not displayed correctly expected [true] but found [false]
	at com.selenium.thoughtworks.marsair.validation.validationTest.labelValidationTest(validationTest.java:48)
... Removed 37 stack frames</pre></div><a href='#' onClick='toggleBox("stack-trace1234586997", this, "Click to show all stack frames", "Click to hide stack frames")'>Click to show all stack frames</a>
<div class='stack-trace' id='stack-trace1234586997'><pre>java.lang.AssertionError: Departure - Label not displayed correctly expected [true] but found [false]
	at org.testng.Assert.fail(Assert.java:94)
	at org.testng.Assert.failNotEquals(Assert.java:513)
	at org.testng.Assert.assertTrue(Assert.java:42)
	at com.selenium.thoughtworks.marsair.validation.validationTest.labelValidationTest(validationTest.java:48)
	at sun.reflect.NativeMethodAccessorImpl.invoke0(Native Method)
	at sun.reflect.NativeMethodAccessorImpl.invoke(NativeMethodAccessorImpl.java:62)
	at sun.reflect.DelegatingMethodAccessorImpl.invoke(DelegatingMethodAccessorImpl.java:43)
	at java.lang.reflect.Method.invoke(Method.java:498)
	at org.testng.internal.MethodInvocationHelper.invokeMethod(MethodInvocationHelper.java:86)
	at org.testng.internal.Invoker.invokeMethod(Invoker.java:643)
	at org.testng.internal.Invoker.invokeTestMethod(Invoker.java:820)
	at org.testng.internal.Invoker.invokeTestMethods(Invoker.java:1128)
	at org.testng.internal.TestMethodWorker.invokeTestMethods(TestMethodWorker.java:129)
	at org.testng.internal.TestMethodWorker.run(TestMethodWorker.java:112)
	at org.testng.TestRunner.privateRun(TestRunner.java:782)
	at org.testng.TestRunner.run(TestRunner.java:632)
	at org.testng.SuiteRunner.runTest(SuiteRunner.java:366)
	at org.testng.SuiteRunner.runSequentially(SuiteRunner.java:361)
	at org.testng.SuiteRunner.privateRun(SuiteRunner.java:319)
	at org.testng.SuiteRunner.run(SuiteRunner.java:268)
	at org.testng.SuiteRunnerWorker.runSuite(SuiteRunnerWorker.java:52)
	at org.testng.SuiteRunnerWorker.run(SuiteRunnerWorker.java:86)
	at org.testng.TestNG.runSuitesSequentially(TestNG.java:1244)
	at org.testng.TestNG.runSuitesLocally(TestNG.java:1169)
	at org.testng.TestNG.run(TestNG.java:1064)
	at org.apache.maven.surefire.testng.TestNGExecutor.run(TestNGExecutor.java:77)
	at org.apache.maven.surefire.testng.TestNGDirectoryTestSuite.executeMulti(TestNGDirectoryTestSuite.java:159)
	at org.apache.maven.surefire.testng.TestNGDirectoryTestSuite.execute(TestNGDirectoryTestSuite.java:99)
	at org.apache.maven.surefire.testng.TestNGProvider.invoke(TestNGProvider.java:106)
	at sun.reflect.NativeMethodAccessorImpl.invoke0(Native Method)
	at sun.reflect.NativeMethodAccessorImpl.invoke(NativeMethodAccessorImpl.java:62)
	at sun.reflect.DelegatingMethodAccessorImpl.invoke(DelegatingMethodAccessorImpl.java:43)
	at java.lang.reflect.Method.invoke(Method.java:498)
	at org.apache.maven.surefire.util.ReflectionUtils.invokeMethodWithArray(ReflectionUtils.java:189)
	at org.apache.maven.surefire.booter.ProviderFactory$ProviderProxy.invoke(ProviderFactory.java:165)
	at org.apache.maven.surefire.booter.ProviderFactory.invokeProvider(ProviderFactory.java:85)
	at org.apache.maven.surefire.booter.ForkedBooter.runSuitesInProcess(ForkedBooter.java:115)
	at org.apache.maven.surefire.booter.ForkedBooter.main(ForkedBooter.java:75)
</pre></div></td>
<td>3</td>
<td>com.selenium.thoughtworks.marsair.validation.validationTest@7823a2f9</td></tr>
<tr>
<td title='com.selenium.thoughtworks.marsair.validation.validationTest.labelValidationTest()'><b>labelValidationTest</b><br>Test class: com.selenium.thoughtworks.marsair.validation.validationTest<br>Parameters: {TCResult=Fail, ExpectedLabel=Arrival, LabelXpathFromPropertiesFile=returnLabel_xpath, Runmode=Y, DefectId=1.0}</td>
<td><div><pre>java.lang.AssertionError: Arrival - Label not displayed correctly expected [true] but found [false]
	at com.selenium.thoughtworks.marsair.validation.validationTest.labelValidationTest(validationTest.java:48)
... Removed 37 stack frames</pre></div><a href='#' onClick='toggleBox("stack-trace795011696", this, "Click to show all stack frames", "Click to hide stack frames")'>Click to show all stack frames</a>
<div class='stack-trace' id='stack-trace795011696'><pre>java.lang.AssertionError: Arrival - Label not displayed correctly expected [true] but found [false]
	at org.testng.Assert.fail(Assert.java:94)
	at org.testng.Assert.failNotEquals(Assert.java:513)
	at org.testng.Assert.assertTrue(Assert.java:42)
	at com.selenium.thoughtworks.marsair.validation.validationTest.labelValidationTest(validationTest.java:48)
	at sun.reflect.NativeMethodAccessorImpl.invoke0(Native Method)
	at sun.reflect.NativeMethodAccessorImpl.invoke(NativeMethodAccessorImpl.java:62)
	at sun.reflect.DelegatingMethodAccessorImpl.invoke(DelegatingMethodAccessorImpl.java:43)
	at java.lang.reflect.Method.invoke(Method.java:498)
	at org.testng.internal.MethodInvocationHelper.invokeMethod(MethodInvocationHelper.java:86)
	at org.testng.internal.Invoker.invokeMethod(Invoker.java:643)
	at org.testng.internal.Invoker.invokeTestMethod(Invoker.java:820)
	at org.testng.internal.Invoker.invokeTestMethods(Invoker.java:1128)
	at org.testng.internal.TestMethodWorker.invokeTestMethods(TestMethodWorker.java:129)
	at org.testng.internal.TestMethodWorker.run(TestMethodWorker.java:112)
	at org.testng.TestRunner.privateRun(TestRunner.java:782)
	at org.testng.TestRunner.run(TestRunner.java:632)
	at org.testng.SuiteRunner.runTest(SuiteRunner.java:366)
	at org.testng.SuiteRunner.runSequentially(SuiteRunner.java:361)
	at org.testng.SuiteRunner.privateRun(SuiteRunner.java:319)
	at org.testng.SuiteRunner.run(SuiteRunner.java:268)
	at org.testng.SuiteRunnerWorker.runSuite(SuiteRunnerWorker.java:52)
	at org.testng.SuiteRunnerWorker.run(SuiteRunnerWorker.java:86)
	at org.testng.TestNG.runSuitesSequentially(TestNG.java:1244)
	at org.testng.TestNG.runSuitesLocally(TestNG.java:1169)
	at org.testng.TestNG.run(TestNG.java:1064)
	at org.apache.maven.surefire.testng.TestNGExecutor.run(TestNGExecutor.java:77)
	at org.apache.maven.surefire.testng.TestNGDirectoryTestSuite.executeMulti(TestNGDirectoryTestSuite.java:159)
	at org.apache.maven.surefire.testng.TestNGDirectoryTestSuite.execute(TestNGDirectoryTestSuite.java:99)
	at org.apache.maven.surefire.testng.TestNGProvider.invoke(TestNGProvider.java:106)
	at sun.reflect.NativeMethodAccessorImpl.invoke0(Native Method)
	at sun.reflect.NativeMethodAccessorImpl.invoke(NativeMethodAccessorImpl.java:62)
	at sun.reflect.DelegatingMethodAccessorImpl.invoke(DelegatingMethodAccessorImpl.java:43)
	at java.lang.reflect.Method.invoke(Method.java:498)
	at org.apache.maven.surefire.util.ReflectionUtils.invokeMethodWithArray(ReflectionUtils.java:189)
	at org.apache.maven.surefire.booter.ProviderFactory$ProviderProxy.invoke(ProviderFactory.java:165)
	at org.apache.maven.surefire.booter.ProviderFactory.invokeProvider(ProviderFactory.java:85)
	at org.apache.maven.surefire.booter.ForkedBooter.runSuitesInProcess(ForkedBooter.java:115)
	at org.apache.maven.surefire.booter.ForkedBooter.main(ForkedBooter.java:75)
</pre></div></td>
<td>3</td>
<td>com.selenium.thoughtworks.marsair.validation.validationTest@7823a2f9</td></tr>
<tr>
<td title='com.selenium.thoughtworks.marsair.validation.validationTest.labelValidationTest()'><b>labelValidationTest</b><br>Test class: com.selenium.thoughtworks.marsair.validation.validationTest<br>Parameters: {TCResult=Fail, ExpectedLabel=Promo Code, LabelXpathFromPropertiesFile=popmocodeLabel_xpath, Runmode=Y, DefectId=1.0}</td>
<td><div><pre>java.lang.AssertionError: Promo Code - Label not displayed correctly expected [true] but found [false]
	at com.selenium.thoughtworks.marsair.validation.validationTest.labelValidationTest(validationTest.java:48)
... Removed 37 stack frames</pre></div><a href='#' onClick='toggleBox("stack-trace1127338375", this, "Click to show all stack frames", "Click to hide stack frames")'>Click to show all stack frames</a>
<div class='stack-trace' id='stack-trace1127338375'><pre>java.lang.AssertionError: Promo Code - Label not displayed correctly expected [true] but found [false]
	at org.testng.Assert.fail(Assert.java:94)
	at org.testng.Assert.failNotEquals(Assert.java:513)
	at org.testng.Assert.assertTrue(Assert.java:42)
	at com.selenium.thoughtworks.marsair.validation.validationTest.labelValidationTest(validationTest.java:48)
	at sun.reflect.NativeMethodAccessorImpl.invoke0(Native Method)
	at sun.reflect.NativeMethodAccessorImpl.invoke(NativeMethodAccessorImpl.java:62)
	at sun.reflect.DelegatingMethodAccessorImpl.invoke(DelegatingMethodAccessorImpl.java:43)
	at java.lang.reflect.Method.invoke(Method.java:498)
	at org.testng.internal.MethodInvocationHelper.invokeMethod(MethodInvocationHelper.java:86)
	at org.testng.internal.Invoker.invokeMethod(Invoker.java:643)
	at org.testng.internal.Invoker.invokeTestMethod(Invoker.java:820)
	at org.testng.internal.Invoker.invokeTestMethods(Invoker.java:1128)
	at org.testng.internal.TestMethodWorker.invokeTestMethods(TestMethodWorker.java:129)
	at org.testng.internal.TestMethodWorker.run(TestMethodWorker.java:112)
	at org.testng.TestRunner.privateRun(TestRunner.java:782)
	at org.testng.TestRunner.run(TestRunner.java:632)
	at org.testng.SuiteRunner.runTest(SuiteRunner.java:366)
	at org.testng.SuiteRunner.runSequentially(SuiteRunner.java:361)
	at org.testng.SuiteRunner.privateRun(SuiteRunner.java:319)
	at org.testng.SuiteRunner.run(SuiteRunner.java:268)
	at org.testng.SuiteRunnerWorker.runSuite(SuiteRunnerWorker.java:52)
	at org.testng.SuiteRunnerWorker.run(SuiteRunnerWorker.java:86)
	at org.testng.TestNG.runSuitesSequentially(TestNG.java:1244)
	at org.testng.TestNG.runSuitesLocally(TestNG.java:1169)
	at org.testng.TestNG.run(TestNG.java:1064)
	at org.apache.maven.surefire.testng.TestNGExecutor.run(TestNGExecutor.java:77)
	at org.apache.maven.surefire.testng.TestNGDirectoryTestSuite.executeMulti(TestNGDirectoryTestSuite.java:159)
	at org.apache.maven.surefire.testng.TestNGDirectoryTestSuite.execute(TestNGDirectoryTestSuite.java:99)
	at org.apache.maven.surefire.testng.TestNGProvider.invoke(TestNGProvider.java:106)
	at sun.reflect.NativeMethodAccessorImpl.invoke0(Native Method)
	at sun.reflect.NativeMethodAccessorImpl.invoke(NativeMethodAccessorImpl.java:62)
	at sun.reflect.DelegatingMethodAccessorImpl.invoke(DelegatingMethodAccessorImpl.java:43)
	at java.lang.reflect.Method.invoke(Method.java:498)
	at org.apache.maven.surefire.util.ReflectionUtils.invokeMethodWithArray(ReflectionUtils.java:189)
	at org.apache.maven.surefire.booter.ProviderFactory$ProviderProxy.invoke(ProviderFactory.java:165)
	at org.apache.maven.surefire.booter.ProviderFactory.invokeProvider(ProviderFactory.java:85)
	at org.apache.maven.surefire.booter.ForkedBooter.runSuitesInProcess(ForkedBooter.java:115)
	at org.apache.maven.surefire.booter.ForkedBooter.main(ForkedBooter.java:75)
</pre></div></td>
<td>3</td>
<td>com.selenium.thoughtworks.marsair.validation.validationTest@7823a2f9</td></tr>
<tr>
<td title='com.selenium.thoughtworks.marsair.validation.validationTest.linkNavigateToHomePageTest()'><b>linkNavigateToHomePageTest</b><br>Test class: com.selenium.thoughtworks.marsair.validation.validationTest<br>Parameters: {TCResult=Fail, linksXpathFromPropertiesFile=bookTicketToRedPlanet_xpath, Runmode=Y, DefectId=2.0, Links="Book a ticket to the red planet now!" link}</td>
<td><div><pre>java.lang.AssertionError: &quot;Book a ticket to the red planet now!&quot; link is not present on search results page expected [true] but found [false]
	at com.selenium.thoughtworks.marsair.validation.validationTest.linkNavigateToHomePageTest(validationTest.java:62)
... Removed 37 stack frames</pre></div><a href='#' onClick='toggleBox("stack-trace41765385", this, "Click to show all stack frames", "Click to hide stack frames")'>Click to show all stack frames</a>
<div class='stack-trace' id='stack-trace41765385'><pre>java.lang.AssertionError: &quot;Book a ticket to the red planet now!&quot; link is not present on search results page expected [true] but found [false]
	at org.testng.Assert.fail(Assert.java:94)
	at org.testng.Assert.failNotEquals(Assert.java:513)
	at org.testng.Assert.assertTrue(Assert.java:42)
	at com.selenium.thoughtworks.marsair.validation.validationTest.linkNavigateToHomePageTest(validationTest.java:62)
	at sun.reflect.NativeMethodAccessorImpl.invoke0(Native Method)
	at sun.reflect.NativeMethodAccessorImpl.invoke(NativeMethodAccessorImpl.java:62)
	at sun.reflect.DelegatingMethodAccessorImpl.invoke(DelegatingMethodAccessorImpl.java:43)
	at java.lang.reflect.Method.invoke(Method.java:498)
	at org.testng.internal.MethodInvocationHelper.invokeMethod(MethodInvocationHelper.java:86)
	at org.testng.internal.Invoker.invokeMethod(Invoker.java:643)
	at org.testng.internal.Invoker.invokeTestMethod(Invoker.java:820)
	at org.testng.internal.Invoker.invokeTestMethods(Invoker.java:1128)
	at org.testng.internal.TestMethodWorker.invokeTestMethods(TestMethodWorker.java:129)
	at org.testng.internal.TestMethodWorker.run(TestMethodWorker.java:112)
	at org.testng.TestRunner.privateRun(TestRunner.java:782)
	at org.testng.TestRunner.run(TestRunner.java:632)
	at org.testng.SuiteRunner.runTest(SuiteRunner.java:366)
	at org.testng.SuiteRunner.runSequentially(SuiteRunner.java:361)
	at org.testng.SuiteRunner.privateRun(SuiteRunner.java:319)
	at org.testng.SuiteRunner.run(SuiteRunner.java:268)
	at org.testng.SuiteRunnerWorker.runSuite(SuiteRunnerWorker.java:52)
	at org.testng.SuiteRunnerWorker.run(SuiteRunnerWorker.java:86)
	at org.testng.TestNG.runSuitesSequentially(TestNG.java:1244)
	at org.testng.TestNG.runSuitesLocally(TestNG.java:1169)
	at org.testng.TestNG.run(TestNG.java:1064)
	at org.apache.maven.surefire.testng.TestNGExecutor.run(TestNGExecutor.java:77)
	at org.apache.maven.surefire.testng.TestNGDirectoryTestSuite.executeMulti(TestNGDirectoryTestSuite.java:159)
	at org.apache.maven.surefire.testng.TestNGDirectoryTestSuite.execute(TestNGDirectoryTestSuite.java:99)
	at org.apache.maven.surefire.testng.TestNGProvider.invoke(TestNGProvider.java:106)
	at sun.reflect.NativeMethodAccessorImpl.invoke0(Native Method)
	at sun.reflect.NativeMethodAccessorImpl.invoke(NativeMethodAccessorImpl.java:62)
	at sun.reflect.DelegatingMethodAccessorImpl.invoke(DelegatingMethodAccessorImpl.java:43)
	at java.lang.reflect.Method.invoke(Method.java:498)
	at org.apache.maven.surefire.util.ReflectionUtils.invokeMethodWithArray(ReflectionUtils.java:189)
	at org.apache.maven.surefire.booter.ProviderFactory$ProviderProxy.invoke(ProviderFactory.java:165)
	at org.apache.maven.surefire.booter.ProviderFactory.invokeProvider(ProviderFactory.java:85)
	at org.apache.maven.surefire.booter.ForkedBooter.runSuitesInProcess(ForkedBooter.java:115)
	at org.apache.maven.surefire.booter.ForkedBooter.main(ForkedBooter.java:75)
</pre></div></td>
<td>33</td>
<td>com.selenium.thoughtworks.marsair.validation.validationTest@7823a2f9</td></tr>
<tr>
<td title='com.selenium.thoughtworks.marsair.bookticket.TicketBookingTest.ticketBookingTest()'><b>ticketBookingTest</b><br>Test class: com.selenium.thoughtworks.marsair.bookticket.TicketBookingTest<br>Parameters: {TCResult=Fail, PromotionalCode=JJ1-OPQ-540, Data Description=valid promo code not accepted, DepartureDate=July, Runmode=Y, DefectId=4.0, ReturnDate=December (two years from now), Browser=chrome}</td>
<td><div><pre>java.lang.AssertionError: Proper message is not displayed for VALID promotional code expected [true] but found [false]
	at com.selenium.thoughtworks.marsair.bookticket.TicketBookingTest.ticketBookingTest(TicketBookingTest.java:42)
... Removed 37 stack frames</pre></div><a href='#' onClick='toggleBox("stack-trace1647946662", this, "Click to show all stack frames", "Click to hide stack frames")'>Click to show all stack frames</a>
<div class='stack-trace' id='stack-trace1647946662'><pre>java.lang.AssertionError: Proper message is not displayed for VALID promotional code expected [true] but found [false]
	at org.testng.Assert.fail(Assert.java:94)
	at org.testng.Assert.failNotEquals(Assert.java:513)
	at org.testng.Assert.assertTrue(Assert.java:42)
	at com.selenium.thoughtworks.marsair.bookticket.TicketBookingTest.ticketBookingTest(TicketBookingTest.java:42)
	at sun.reflect.NativeMethodAccessorImpl.invoke0(Native Method)
	at sun.reflect.NativeMethodAccessorImpl.invoke(NativeMethodAccessorImpl.java:62)
	at sun.reflect.DelegatingMethodAccessorImpl.invoke(DelegatingMethodAccessorImpl.java:43)
	at java.lang.reflect.Method.invoke(Method.java:498)
	at org.testng.internal.MethodInvocationHelper.invokeMethod(MethodInvocationHelper.java:86)
	at org.testng.internal.Invoker.invokeMethod(Invoker.java:643)
	at org.testng.internal.Invoker.invokeTestMethod(Invoker.java:820)
	at org.testng.internal.Invoker.invokeTestMethods(Invoker.java:1128)
	at org.testng.internal.TestMethodWorker.invokeTestMethods(TestMethodWorker.java:129)
	at org.testng.internal.TestMethodWorker.run(TestMethodWorker.java:112)
	at org.testng.TestRunner.privateRun(TestRunner.java:782)
	at org.testng.TestRunner.run(TestRunner.java:632)
	at org.testng.SuiteRunner.runTest(SuiteRunner.java:366)
	at org.testng.SuiteRunner.runSequentially(SuiteRunner.java:361)
	at org.testng.SuiteRunner.privateRun(SuiteRunner.java:319)
	at org.testng.SuiteRunner.run(SuiteRunner.java:268)
	at org.testng.SuiteRunnerWorker.runSuite(SuiteRunnerWorker.java:52)
	at org.testng.SuiteRunnerWorker.run(SuiteRunnerWorker.java:86)
	at org.testng.TestNG.runSuitesSequentially(TestNG.java:1244)
	at org.testng.TestNG.runSuitesLocally(TestNG.java:1169)
	at org.testng.TestNG.run(TestNG.java:1064)
	at org.apache.maven.surefire.testng.TestNGExecutor.run(TestNGExecutor.java:77)
	at org.apache.maven.surefire.testng.TestNGDirectoryTestSuite.executeMulti(TestNGDirectoryTestSuite.java:159)
	at org.apache.maven.surefire.testng.TestNGDirectoryTestSuite.execute(TestNGDirectoryTestSuite.java:99)
	at org.apache.maven.surefire.testng.TestNGProvider.invoke(TestNGProvider.java:106)
	at sun.reflect.NativeMethodAccessorImpl.invoke0(Native Method)
	at sun.reflect.NativeMethodAccessorImpl.invoke(NativeMethodAccessorImpl.java:62)
	at sun.reflect.DelegatingMethodAccessorImpl.invoke(DelegatingMethodAccessorImpl.java:43)
	at java.lang.reflect.Method.invoke(Method.java:498)
	at org.apache.maven.surefire.util.ReflectionUtils.invokeMethodWithArray(ReflectionUtils.java:189)
	at org.apache.maven.surefire.booter.ProviderFactory$ProviderProxy.invoke(ProviderFactory.java:165)
	at org.apache.maven.surefire.booter.ProviderFactory.invokeProvider(ProviderFactory.java:85)
	at org.apache.maven.surefire.booter.ForkedBooter.runSuitesInProcess(ForkedBooter.java:115)
	at org.apache.maven.surefire.booter.ForkedBooter.main(ForkedBooter.java:75)
</pre></div></td>
<td>4</td>
<td>com.selenium.thoughtworks.marsair.bookticket.TicketBookingTest@1b604f19</td></tr>
</table><p>
<table width='100%' border='1' class='invocation-passed'>
<tr><td colspan='4' align='center'><b>PASSED TESTS</b></td></tr>
<tr><td><b>Test method</b></td>
<td width="30%"><b>Exception</b></td>
<td width="10%"><b>Time (seconds)</b></td>
<td><b>Instance</b></td>
</tr>
<tr>
<td title='com.selenium.thoughtworks.marsair.validation.validationTest.dropdownValidationTest()'><b>dropdownValidationTest</b><br>Test class: com.selenium.thoughtworks.marsair.validation.validationTest<br>Parameters: {TCResult=Pass, DropdownXpathFromPropertiesFile=DepartureDropdownValues_xpath, Runmode=Y, DefectId=}</td>
<td></td>
<td>6</td>
<td>com.selenium.thoughtworks.marsair.validation.validationTest@7823a2f9</td></tr>
<tr>
<td title='com.selenium.thoughtworks.marsair.validation.validationTest.dropdownValidationTest()'><b>dropdownValidationTest</b><br>Test class: com.selenium.thoughtworks.marsair.validation.validationTest<br>Parameters: {TCResult=Pass, DropdownXpathFromPropertiesFile=ReturnDropdownValues_xpath, Runmode=Y, DefectId=}</td>
<td></td>
<td>6</td>
<td>com.selenium.thoughtworks.marsair.validation.validationTest@7823a2f9</td></tr>
<tr>
<td title='com.selenium.thoughtworks.marsair.validation.validationTest.fieldValidationTest()'><b>fieldValidationTest</b><br>Test class: com.selenium.thoughtworks.marsair.validation.validationTest<br>Parameters: {TCResult=Pass, Runmode=Y, DefectId=, FieldXpathFromPropertiesFile=DepartureDropdown_xpath}</td>
<td></td>
<td>4</td>
<td>com.selenium.thoughtworks.marsair.validation.validationTest@7823a2f9</td></tr>
<tr>
<td title='com.selenium.thoughtworks.marsair.validation.validationTest.fieldValidationTest()'><b>fieldValidationTest</b><br>Test class: com.selenium.thoughtworks.marsair.validation.validationTest<br>Parameters: {TCResult=Pass, Runmode=Y, DefectId=, FieldXpathFromPropertiesFile=ReturnDropdown_xpath}</td>
<td></td>
<td>4</td>
<td>com.selenium.thoughtworks.marsair.validation.validationTest@7823a2f9</td></tr>
<tr>
<td title='com.selenium.thoughtworks.marsair.validation.validationTest.fieldValidationTest()'><b>fieldValidationTest</b><br>Test class: com.selenium.thoughtworks.marsair.validation.validationTest<br>Parameters: {TCResult=Pass, Runmode=Y, DefectId=, FieldXpathFromPropertiesFile=PromoCodeField_xpath}</td>
<td></td>
<td>4</td>
<td>com.selenium.thoughtworks.marsair.validation.validationTest@7823a2f9</td></tr>
<tr>
<td title='com.selenium.thoughtworks.marsair.validation.validationTest.fieldValidationTest()'><b>fieldValidationTest</b><br>Test class: com.selenium.thoughtworks.marsair.validation.validationTest<br>Parameters: {TCResult=Pass, Runmode=Y, DefectId=, FieldXpathFromPropertiesFile=LoginPgSearchBtn_xpath}</td>
<td></td>
<td>4</td>
<td>com.selenium.thoughtworks.marsair.validation.validationTest@7823a2f9</td></tr>
<tr>
<td title='com.selenium.thoughtworks.marsair.validation.validationTest.linkNavigateToHomePageTest()'><b>linkNavigateToHomePageTest</b><br>Test class: com.selenium.thoughtworks.marsair.validation.validationTest<br>Parameters: {TCResult=Pass, linksXpathFromPropertiesFile=marsAirLogo_xpath, Runmode=Y, DefectId=, Links=MarsAir Logo Link}</td>
<td></td>
<td>34</td>
<td>com.selenium.thoughtworks.marsair.validation.validationTest@7823a2f9</td></tr>
<tr>
<td title='com.selenium.thoughtworks.marsair.bookticket.TicketBookingTest.ticketBookingTest()'><b>ticketBookingTest</b><br>Test class: com.selenium.thoughtworks.marsair.bookticket.TicketBookingTest<br>Parameters: {TCResult=Pass, PromotionalCode=, Data Description=valid successful search where seats availabe message is displayed, DepartureDate=July, Runmode=Y, DefectId=, ReturnDate=December (two years from now), Browser=chrome}</td>
<td></td>
<td>6</td>
<td>com.selenium.thoughtworks.marsair.bookticket.TicketBookingTest@1b604f19</td></tr>
<tr>
<td title='com.selenium.thoughtworks.marsair.bookticket.TicketBookingTest.ticketBookingTest()'><b>ticketBookingTest</b><br>Test class: com.selenium.thoughtworks.marsair.bookticket.TicketBookingTest<br>Parameters: {TCResult=Pass, PromotionalCode=AF3-FJK-419, Data Description=invalid promocode; error message is checked, DepartureDate=July, Runmode=Y, DefectId=, ReturnDate=December (two years from now), Browser=chrome}</td>
<td></td>
<td>4</td>
<td>com.selenium.thoughtworks.marsair.bookticket.TicketBookingTest@1b604f19</td></tr>
<tr>
<td title='com.selenium.thoughtworks.marsair.bookticket.TicketBookingTest.ticketBookingTest()'><b>ticketBookingTest</b><br>Test class: com.selenium.thoughtworks.marsair.bookticket.TicketBookingTest<br>Parameters: {TCResult=Pass, PromotionalCode=AF3-FJK-418, Data Description=valid Promocode; message is checked, DepartureDate=July, Runmode=Y, DefectId=, ReturnDate=December (two years from now), Browser=chrome}</td>
<td></td>
<td>4</td>
<td>com.selenium.thoughtworks.marsair.bookticket.TicketBookingTest@1b604f19</td></tr>
<tr>
<td title='com.selenium.thoughtworks.marsair.bookticket.TicketBookingTest.ticketBookingTest()'><b>ticketBookingTest</b><br>Test class: com.selenium.thoughtworks.marsair.bookticket.TicketBookingTest<br>Parameters: {TCResult=Pass, PromotionalCode=, Data Description=schedule not possible; message dislayed is checked, DepartureDate=July, Runmode=Y, DefectId=, ReturnDate=December, Browser=chrome}</td>
<td></td>
<td>4</td>
<td>com.selenium.thoughtworks.marsair.bookticket.TicketBookingTest@1b604f19</td></tr>
<tr>
<td title='com.selenium.thoughtworks.marsair.bookticket.TicketBookingTest.ticketBookingTest()'><b>ticketBookingTest</b><br>Test class: com.selenium.thoughtworks.marsair.bookticket.TicketBookingTest<br>Parameters: {TCResult=Pass, PromotionalCode=AF3-FJK-418, Data Description=seats not available with promo code; message dislayed is checked, DepartureDate=July, Runmode=Y, DefectId=, ReturnDate=December (next year), Browser=chrome}</td>
<td></td>
<td>34</td>
<td>com.selenium.thoughtworks.marsair.bookticket.TicketBookingTest@1b604f19</td></tr>
<tr>
<td title='com.selenium.thoughtworks.marsair.bookticket.TicketBookingTest.ticketBookingTest()'><b>ticketBookingTest</b><br>Test class: com.selenium.thoughtworks.marsair.bookticket.TicketBookingTest<br>Parameters: {TCResult=Pass, PromotionalCode=, Data Description=seats not available without promo code; message dislayed is checked, DepartureDate=July, Runmode=Y, DefectId=, ReturnDate=December (next year), Browser=chrome}</td>
<td></td>
<td>34</td>
<td>com.selenium.thoughtworks.marsair.bookticket.TicketBookingTest@1b604f19</td></tr>
</table><p>
</body>
</html>