<?xml version="1.0" encoding="UTF-8"?>
<!-- Generated by org.testng.reporters.JUnitXMLReporter -->
<testsuite hostname="Test" name="Command line test" tests="18" failures="5" timestamp="17 Jul 2016 17:44:13 GMT" time="220.563" errors="0">
  <testcase name="ticketBookingTest" time="6.899" classname="com.selenium.thoughtworks.marsair.bookticket.TicketBookingTest"/>
  <testcase name="ticketBookingTest" time="4.976" classname="com.selenium.thoughtworks.marsair.bookticket.TicketBookingTest"/>
  <testcase name="ticketBookingTest" time="4.947" classname="com.selenium.thoughtworks.marsair.bookticket.TicketBookingTest"/>
  <testcase name="ticketBookingTest" time="4.613" classname="com.selenium.thoughtworks.marsair.bookticket.TicketBookingTest"/>
  <testcase name="ticketBookingTest" time="34.96" classname="com.selenium.thoughtworks.marsair.bookticket.TicketBookingTest"/>
  <testcase name="ticketBookingTest" time="34.491" classname="com.selenium.thoughtworks.marsair.bookticket.TicketBookingTest"/>
  <testcase name="ticketBookingTest" time="4.915" classname="com.selenium.thoughtworks.marsair.bookticket.TicketBookingTest">
    <failure type="java.lang.AssertionError" message="Proper message is not displayed for VALID promotional code expected [true] but found [false]">
      <![CDATA[java.lang.AssertionError: Proper message is not displayed for VALID promotional code expected [true] but found [false]
	at com.selenium.thoughtworks.marsair.bookticket.TicketBookingTest.ticketBookingTest(TicketBookingTest.java:42)
... Removed 37 stack frames]]>
    </failure>
  </testcase> <!-- ticketBookingTest -->
  <testcase name="dropdownValidationTest" time="6.465" classname="com.selenium.thoughtworks.marsair.validation.validationTest"/>
  <testcase name="dropdownValidationTest" time="6.584" classname="com.selenium.thoughtworks.marsair.validation.validationTest"/>
  <testcase name="fieldValidationTest" time="4.384" classname="com.selenium.thoughtworks.marsair.validation.validationTest"/>
  <testcase name="fieldValidationTest" time="4.488" classname="com.selenium.thoughtworks.marsair.validation.validationTest"/>
  <testcase name="fieldValidationTest" time="4.396" classname="com.selenium.thoughtworks.marsair.validation.validationTest"/>
  <testcase name="fieldValidationTest" time="4.251" classname="com.selenium.thoughtworks.marsair.validation.validationTest"/>
  <testcase name="labelValidationTest" time="3.44" classname="com.selenium.thoughtworks.marsair.validation.validationTest">
    <failure type="java.lang.AssertionError" message="Departure - Label not displayed correctly expected [true] but found [false]">
      <![CDATA[java.lang.AssertionError: Departure - Label not displayed correctly expected [true] but found [false]
	at com.selenium.thoughtworks.marsair.validation.validationTest.labelValidationTest(validationTest.java:48)
... Removed 37 stack frames]]>
    </failure>
  </testcase> <!-- labelValidationTest -->
  <testcase name="labelValidationTest" time="3.395" classname="com.selenium.thoughtworks.marsair.validation.validationTest">
    <failure type="java.lang.AssertionError" message="Arrival - Label not displayed correctly expected [true] but found [false]">
      <![CDATA[java.lang.AssertionError: Arrival - Label not displayed correctly expected [true] but found [false]
	at com.selenium.thoughtworks.marsair.validation.validationTest.labelValidationTest(validationTest.java:48)
... Removed 37 stack frames]]>
    </failure>
  </testcase> <!-- labelValidationTest -->
  <testcase name="labelValidationTest" time="3.465" classname="com.selenium.thoughtworks.marsair.validation.validationTest">
    <failure type="java.lang.AssertionError" message="Promo Code - Label not displayed correctly expected [true] but found [false]">
      <![CDATA[java.lang.AssertionError: Promo Code - Label not displayed correctly expected [true] but found [false]
	at com.selenium.thoughtworks.marsair.validation.validationTest.labelValidationTest(validationTest.java:48)
... Removed 37 stack frames]]>
    </failure>
  </testcase> <!-- labelValidationTest -->
  <testcase name="linkNavigateToHomePageTest" time="34.526" classname="com.selenium.thoughtworks.marsair.validation.validationTest"/>
  <testcase name="linkNavigateToHomePageTest" time="33.936" classname="com.selenium.thoughtworks.marsair.validation.validationTest">
    <failure type="java.lang.AssertionError" message="&amp;quot;Book a ticket to the red planet now!&amp;quot; link is not present on search results page expected [true] but found [false]">
      <![CDATA[java.lang.AssertionError: "Book a ticket to the red planet now!" link is not present on search results page expected [true] but found [false]
	at com.selenium.thoughtworks.marsair.validation.validationTest.linkNavigateToHomePageTest(validationTest.java:62)
... Removed 37 stack frames]]>
    </failure>
  </testcase> <!-- linkNavigateToHomePageTest -->
</testsuite> <!-- Command line test -->
