<html>
<head>
<title>TestNG:  Ticket booking Test</title>
<link href="../testng.css" rel="stylesheet" type="text/css" />
<link href="../my-testng.css" rel="stylesheet" type="text/css" />

<style type="text/css">
.log { display: none;} 
.stack-trace { display: none;} 
</style>
<script type="text/javascript">
<!--
function flip(e) {
  current = e.style.display;
  if (current == 'block') {
    e.style.display = 'none';
    return 0;
  }
  else {
    e.style.display = 'block';
    return 1;
  }
}

function toggleBox(szDivId, elem, msg1, msg2)
{
  var res = -1;  if (document.getElementById) {
    res = flip(document.getElementById(szDivId));
  }
  else if (document.all) {
    // this is the way old msie versions work
    res = flip(document.all[szDivId]);
  }
  if(elem) {
    if(res == 0) elem.innerHTML = msg1; else elem.innerHTML = msg2;
  }

}

function toggleAllBoxes() {
  if (document.getElementsByTagName) {
    d = document.getElementsByTagName('div');
    for (i = 0; i < d.length; i++) {
      if (d[i].className == 'log') {
        flip(d[i]);
      }
    }
  }
}

// -->
</script>

</head>
<body>
<h2 align='center'>Ticket booking Test</h2><table border='1' align="center">
<tr>
<td>Tests passed/Failed/Skipped:</td><td>1/0/6</td>
</tr><tr>
<td>Started on:</td><td>Tue Jul 19 14:19:52 BST 2016</td>
</tr>
<tr><td>Total time:</td><td>15 seconds (15643 ms)</td>
</tr><tr>
<td>Included groups:</td><td></td>
</tr><tr>
<td>Excluded groups:</td><td></td>
</tr>
</table><p/>
<small><i>(Hover the method name to see the test class name)</i></small><p/>
<table width='100%' border='1' class='invocation-passed'>
<tr><td colspan='4' align='center'><b>PASSED TESTS</b></td></tr>
<tr><td><b>Test method</b></td>
<td width="30%"><b>Exception</b></td>
<td width="10%"><b>Time (seconds)</b></td>
<td><b>Instance</b></td>
</tr>
<tr>
<td title='com.selenium.thoughtworks.marsair.bookticket.TicketBookingTest.ticketBookingTest()'><b>ticketBookingTest</b><br>Test class: com.selenium.thoughtworks.marsair.bookticket.TicketBookingTest<br>Parameters: {TCResult=Pass, PromotionalCode=, Data Description=valid successful search where seats availabe message is displayed, DepartureDate=July, Runmode=Y, DefectId=, ReturnDate=December (two years from now), Browser=Mozilla}</td>
<td></td>
<td>13</td>
<td>com.selenium.thoughtworks.marsair.bookticket.TicketBookingTest@21213b92</td></tr>
</table><p>
<table width='100%' border='1' class='invocation-skipped'>
<tr><td colspan='4' align='center'><b>SKIPPED TESTS</b></td></tr>
<tr><td><b>Test method</b></td>
<td width="30%"><b>Exception</b></td>
<td width="10%"><b>Time (seconds)</b></td>
<td><b>Instance</b></td>
</tr>
<tr>
<td title='com.selenium.thoughtworks.marsair.bookticket.TicketBookingTest.ticketBookingTest()'><b>ticketBookingTest</b><br>Test class: com.selenium.thoughtworks.marsair.bookticket.TicketBookingTest<br>Parameters: {TCResult=Pass, PromotionalCode=AF3-FJK-419, Data Description=invalid promocode; error message is checked, DepartureDate=July, Runmode=N, DefectId=, ReturnDate=December (two years from now), Browser=Mozilla}</td>
<td><div><pre>org.testng.SkipException: false dataset -&gt; false suite -&gt; true testcase -&gt; trueskipping the test ticketBookingTest from suite TicketBooking
	at com.selenium.thoughtworks.marsair.datadriven.TestBase.validateRunmode(TestBase.java:55)
	at com.selenium.thoughtworks.marsair.bookticket.TicketBookingTest.ticketBookingTest(TicketBookingTest.java:18)
... Removed 25 stack frames</pre></div><a href='#' onClick='toggleBox("stack-trace1517640897", this, "Click to show all stack frames", "Click to hide stack frames")'>Click to show all stack frames</a>
<div class='stack-trace' id='stack-trace1517640897'><pre>org.testng.SkipException: false dataset -&gt; false suite -&gt; true testcase -&gt; trueskipping the test ticketBookingTest from suite TicketBooking
	at com.selenium.thoughtworks.marsair.datadriven.TestBase.validateRunmode(TestBase.java:55)
	at com.selenium.thoughtworks.marsair.bookticket.TicketBookingTest.ticketBookingTest(TicketBookingTest.java:18)
	at sun.reflect.NativeMethodAccessorImpl.invoke0(Native Method)
	at sun.reflect.NativeMethodAccessorImpl.invoke(Unknown Source)
	at sun.reflect.DelegatingMethodAccessorImpl.invoke(Unknown Source)
	at java.lang.reflect.Method.invoke(Unknown Source)
	at org.testng.internal.MethodInvocationHelper.invokeMethod(MethodInvocationHelper.java:86)
	at org.testng.internal.Invoker.invokeMethod(Invoker.java:643)
	at org.testng.internal.Invoker.invokeTestMethod(Invoker.java:820)
	at org.testng.internal.Invoker.invokeTestMethods(Invoker.java:1128)
	at org.testng.internal.TestMethodWorker.invokeTestMethods(TestMethodWorker.java:129)
	at org.testng.internal.TestMethodWorker.run(TestMethodWorker.java:112)
	at org.testng.TestRunner.privateRun(TestRunner.java:782)
	at org.testng.TestRunner.run(TestRunner.java:632)
	at org.testng.SuiteRunner.runTest(SuiteRunner.java:366)
	at org.testng.SuiteRunner.runSequentially(SuiteRunner.java:361)
	at org.testng.SuiteRunner.privateRun(SuiteRunner.java:319)
	at org.testng.SuiteRunner.run(SuiteRunner.java:268)
	at org.testng.SuiteRunnerWorker.runSuite(SuiteRunnerWorker.java:52)
	at org.testng.SuiteRunnerWorker.run(SuiteRunnerWorker.java:86)
	at org.testng.TestNG.runSuitesSequentially(TestNG.java:1244)
	at org.testng.TestNG.runSuitesSequentially(TestNG.java:1240)
	at org.testng.TestNG.runSuitesLocally(TestNG.java:1169)
	at org.testng.TestNG.run(TestNG.java:1064)
	at org.testng.remote.AbstractRemoteTestNG.run(AbstractRemoteTestNG.java:126)
	at org.testng.remote.RemoteTestNG.initAndRun(RemoteTestNG.java:137)
	at org.testng.remote.RemoteTestNG.main(RemoteTestNG.java:58)
</pre></div></td>
<td>0</td>
<td>com.selenium.thoughtworks.marsair.bookticket.TicketBookingTest@21213b92</td></tr>
<tr>
<td title='com.selenium.thoughtworks.marsair.bookticket.TicketBookingTest.ticketBookingTest()'><b>ticketBookingTest</b><br>Test class: com.selenium.thoughtworks.marsair.bookticket.TicketBookingTest<br>Parameters: {TCResult=Pass, PromotionalCode=AF3-FJK-418, Data Description=valid Promocode; message is checked, DepartureDate=July, Runmode=N, DefectId=, ReturnDate=December (two years from now), Browser=chrome}</td>
<td><div><pre>org.testng.SkipException: false dataset -&gt; false suite -&gt; true testcase -&gt; trueskipping the test ticketBookingTest from suite TicketBooking
	at com.selenium.thoughtworks.marsair.datadriven.TestBase.validateRunmode(TestBase.java:55)
	at com.selenium.thoughtworks.marsair.bookticket.TicketBookingTest.ticketBookingTest(TicketBookingTest.java:18)
... Removed 25 stack frames</pre></div><a href='#' onClick='toggleBox("stack-trace1066615508", this, "Click to show all stack frames", "Click to hide stack frames")'>Click to show all stack frames</a>
<div class='stack-trace' id='stack-trace1066615508'><pre>org.testng.SkipException: false dataset -&gt; false suite -&gt; true testcase -&gt; trueskipping the test ticketBookingTest from suite TicketBooking
	at com.selenium.thoughtworks.marsair.datadriven.TestBase.validateRunmode(TestBase.java:55)
	at com.selenium.thoughtworks.marsair.bookticket.TicketBookingTest.ticketBookingTest(TicketBookingTest.java:18)
	at sun.reflect.NativeMethodAccessorImpl.invoke0(Native Method)
	at sun.reflect.NativeMethodAccessorImpl.invoke(Unknown Source)
	at sun.reflect.DelegatingMethodAccessorImpl.invoke(Unknown Source)
	at java.lang.reflect.Method.invoke(Unknown Source)
	at org.testng.internal.MethodInvocationHelper.invokeMethod(MethodInvocationHelper.java:86)
	at org.testng.internal.Invoker.invokeMethod(Invoker.java:643)
	at org.testng.internal.Invoker.invokeTestMethod(Invoker.java:820)
	at org.testng.internal.Invoker.invokeTestMethods(Invoker.java:1128)
	at org.testng.internal.TestMethodWorker.invokeTestMethods(TestMethodWorker.java:129)
	at org.testng.internal.TestMethodWorker.run(TestMethodWorker.java:112)
	at org.testng.TestRunner.privateRun(TestRunner.java:782)
	at org.testng.TestRunner.run(TestRunner.java:632)
	at org.testng.SuiteRunner.runTest(SuiteRunner.java:366)
	at org.testng.SuiteRunner.runSequentially(SuiteRunner.java:361)
	at org.testng.SuiteRunner.privateRun(SuiteRunner.java:319)
	at org.testng.SuiteRunner.run(SuiteRunner.java:268)
	at org.testng.SuiteRunnerWorker.runSuite(SuiteRunnerWorker.java:52)
	at org.testng.SuiteRunnerWorker.run(SuiteRunnerWorker.java:86)
	at org.testng.TestNG.runSuitesSequentially(TestNG.java:1244)
	at org.testng.TestNG.runSuitesSequentially(TestNG.java:1240)
	at org.testng.TestNG.runSuitesLocally(TestNG.java:1169)
	at org.testng.TestNG.run(TestNG.java:1064)
	at org.testng.remote.AbstractRemoteTestNG.run(AbstractRemoteTestNG.java:126)
	at org.testng.remote.RemoteTestNG.initAndRun(RemoteTestNG.java:137)
	at org.testng.remote.RemoteTestNG.main(RemoteTestNG.java:58)
</pre></div></td>
<td>0</td>
<td>com.selenium.thoughtworks.marsair.bookticket.TicketBookingTest@21213b92</td></tr>
<tr>
<td title='com.selenium.thoughtworks.marsair.bookticket.TicketBookingTest.ticketBookingTest()'><b>ticketBookingTest</b><br>Test class: com.selenium.thoughtworks.marsair.bookticket.TicketBookingTest<br>Parameters: {TCResult=Pass, PromotionalCode=, Data Description=schedule not possible; message dislayed is checked, DepartureDate=July, Runmode=N, DefectId=, ReturnDate=December, Browser=chrome}</td>
<td><div><pre>org.testng.SkipException: false dataset -&gt; false suite -&gt; true testcase -&gt; trueskipping the test ticketBookingTest from suite TicketBooking
	at com.selenium.thoughtworks.marsair.datadriven.TestBase.validateRunmode(TestBase.java:55)
	at com.selenium.thoughtworks.marsair.bookticket.TicketBookingTest.ticketBookingTest(TicketBookingTest.java:18)
... Removed 25 stack frames</pre></div><a href='#' onClick='toggleBox("stack-trace242282810", this, "Click to show all stack frames", "Click to hide stack frames")'>Click to show all stack frames</a>
<div class='stack-trace' id='stack-trace242282810'><pre>org.testng.SkipException: false dataset -&gt; false suite -&gt; true testcase -&gt; trueskipping the test ticketBookingTest from suite TicketBooking
	at com.selenium.thoughtworks.marsair.datadriven.TestBase.validateRunmode(TestBase.java:55)
	at com.selenium.thoughtworks.marsair.bookticket.TicketBookingTest.ticketBookingTest(TicketBookingTest.java:18)
	at sun.reflect.NativeMethodAccessorImpl.invoke0(Native Method)
	at sun.reflect.NativeMethodAccessorImpl.invoke(Unknown Source)
	at sun.reflect.DelegatingMethodAccessorImpl.invoke(Unknown Source)
	at java.lang.reflect.Method.invoke(Unknown Source)
	at org.testng.internal.MethodInvocationHelper.invokeMethod(MethodInvocationHelper.java:86)
	at org.testng.internal.Invoker.invokeMethod(Invoker.java:643)
	at org.testng.internal.Invoker.invokeTestMethod(Invoker.java:820)
	at org.testng.internal.Invoker.invokeTestMethods(Invoker.java:1128)
	at org.testng.internal.TestMethodWorker.invokeTestMethods(TestMethodWorker.java:129)
	at org.testng.internal.TestMethodWorker.run(TestMethodWorker.java:112)
	at org.testng.TestRunner.privateRun(TestRunner.java:782)
	at org.testng.TestRunner.run(TestRunner.java:632)
	at org.testng.SuiteRunner.runTest(SuiteRunner.java:366)
	at org.testng.SuiteRunner.runSequentially(SuiteRunner.java:361)
	at org.testng.SuiteRunner.privateRun(SuiteRunner.java:319)
	at org.testng.SuiteRunner.run(SuiteRunner.java:268)
	at org.testng.SuiteRunnerWorker.runSuite(SuiteRunnerWorker.java:52)
	at org.testng.SuiteRunnerWorker.run(SuiteRunnerWorker.java:86)
	at org.testng.TestNG.runSuitesSequentially(TestNG.java:1244)
	at org.testng.TestNG.runSuitesSequentially(TestNG.java:1240)
	at org.testng.TestNG.runSuitesLocally(TestNG.java:1169)
	at org.testng.TestNG.run(TestNG.java:1064)
	at org.testng.remote.AbstractRemoteTestNG.run(AbstractRemoteTestNG.java:126)
	at org.testng.remote.RemoteTestNG.initAndRun(RemoteTestNG.java:137)
	at org.testng.remote.RemoteTestNG.main(RemoteTestNG.java:58)
</pre></div></td>
<td>0</td>
<td>com.selenium.thoughtworks.marsair.bookticket.TicketBookingTest@21213b92</td></tr>
<tr>
<td title='com.selenium.thoughtworks.marsair.bookticket.TicketBookingTest.ticketBookingTest()'><b>ticketBookingTest</b><br>Test class: com.selenium.thoughtworks.marsair.bookticket.TicketBookingTest<br>Parameters: {TCResult=Pass, PromotionalCode=AF3-FJK-418, Data Description=seats not available with promo code; message dislayed is checked, DepartureDate=July, Runmode=N, DefectId=, ReturnDate=December (next year), Browser=chrome}</td>
<td><div><pre>org.testng.SkipException: false dataset -&gt; false suite -&gt; true testcase -&gt; trueskipping the test ticketBookingTest from suite TicketBooking
	at com.selenium.thoughtworks.marsair.datadriven.TestBase.validateRunmode(TestBase.java:55)
	at com.selenium.thoughtworks.marsair.bookticket.TicketBookingTest.ticketBookingTest(TicketBookingTest.java:18)
... Removed 25 stack frames</pre></div><a href='#' onClick='toggleBox("stack-trace1262548561", this, "Click to show all stack frames", "Click to hide stack frames")'>Click to show all stack frames</a>
<div class='stack-trace' id='stack-trace1262548561'><pre>org.testng.SkipException: false dataset -&gt; false suite -&gt; true testcase -&gt; trueskipping the test ticketBookingTest from suite TicketBooking
	at com.selenium.thoughtworks.marsair.datadriven.TestBase.validateRunmode(TestBase.java:55)
	at com.selenium.thoughtworks.marsair.bookticket.TicketBookingTest.ticketBookingTest(TicketBookingTest.java:18)
	at sun.reflect.NativeMethodAccessorImpl.invoke0(Native Method)
	at sun.reflect.NativeMethodAccessorImpl.invoke(Unknown Source)
	at sun.reflect.DelegatingMethodAccessorImpl.invoke(Unknown Source)
	at java.lang.reflect.Method.invoke(Unknown Source)
	at org.testng.internal.MethodInvocationHelper.invokeMethod(MethodInvocationHelper.java:86)
	at org.testng.internal.Invoker.invokeMethod(Invoker.java:643)
	at org.testng.internal.Invoker.invokeTestMethod(Invoker.java:820)
	at org.testng.internal.Invoker.invokeTestMethods(Invoker.java:1128)
	at org.testng.internal.TestMethodWorker.invokeTestMethods(TestMethodWorker.java:129)
	at org.testng.internal.TestMethodWorker.run(TestMethodWorker.java:112)
	at org.testng.TestRunner.privateRun(TestRunner.java:782)
	at org.testng.TestRunner.run(TestRunner.java:632)
	at org.testng.SuiteRunner.runTest(SuiteRunner.java:366)
	at org.testng.SuiteRunner.runSequentially(SuiteRunner.java:361)
	at org.testng.SuiteRunner.privateRun(SuiteRunner.java:319)
	at org.testng.SuiteRunner.run(SuiteRunner.java:268)
	at org.testng.SuiteRunnerWorker.runSuite(SuiteRunnerWorker.java:52)
	at org.testng.SuiteRunnerWorker.run(SuiteRunnerWorker.java:86)
	at org.testng.TestNG.runSuitesSequentially(TestNG.java:1244)
	at org.testng.TestNG.runSuitesSequentially(TestNG.java:1240)
	at org.testng.TestNG.runSuitesLocally(TestNG.java:1169)
	at org.testng.TestNG.run(TestNG.java:1064)
	at org.testng.remote.AbstractRemoteTestNG.run(AbstractRemoteTestNG.java:126)
	at org.testng.remote.RemoteTestNG.initAndRun(RemoteTestNG.java:137)
	at org.testng.remote.RemoteTestNG.main(RemoteTestNG.java:58)
</pre></div></td>
<td>0</td>
<td>com.selenium.thoughtworks.marsair.bookticket.TicketBookingTest@21213b92</td></tr>
<tr>
<td title='com.selenium.thoughtworks.marsair.bookticket.TicketBookingTest.ticketBookingTest()'><b>ticketBookingTest</b><br>Test class: com.selenium.thoughtworks.marsair.bookticket.TicketBookingTest<br>Parameters: {TCResult=Pass, PromotionalCode=, Data Description=seats not available without promo code; message dislayed is checked, DepartureDate=July, Runmode=N, DefectId=, ReturnDate=December (next year), Browser=chrome}</td>
<td><div><pre>org.testng.SkipException: false dataset -&gt; false suite -&gt; true testcase -&gt; trueskipping the test ticketBookingTest from suite TicketBooking
	at com.selenium.thoughtworks.marsair.datadriven.TestBase.validateRunmode(TestBase.java:55)
	at com.selenium.thoughtworks.marsair.bookticket.TicketBookingTest.ticketBookingTest(TicketBookingTest.java:18)
... Removed 25 stack frames</pre></div><a href='#' onClick='toggleBox("stack-trace224591451", this, "Click to show all stack frames", "Click to hide stack frames")'>Click to show all stack frames</a>
<div class='stack-trace' id='stack-trace224591451'><pre>org.testng.SkipException: false dataset -&gt; false suite -&gt; true testcase -&gt; trueskipping the test ticketBookingTest from suite TicketBooking
	at com.selenium.thoughtworks.marsair.datadriven.TestBase.validateRunmode(TestBase.java:55)
	at com.selenium.thoughtworks.marsair.bookticket.TicketBookingTest.ticketBookingTest(TicketBookingTest.java:18)
	at sun.reflect.NativeMethodAccessorImpl.invoke0(Native Method)
	at sun.reflect.NativeMethodAccessorImpl.invoke(Unknown Source)
	at sun.reflect.DelegatingMethodAccessorImpl.invoke(Unknown Source)
	at java.lang.reflect.Method.invoke(Unknown Source)
	at org.testng.internal.MethodInvocationHelper.invokeMethod(MethodInvocationHelper.java:86)
	at org.testng.internal.Invoker.invokeMethod(Invoker.java:643)
	at org.testng.internal.Invoker.invokeTestMethod(Invoker.java:820)
	at org.testng.internal.Invoker.invokeTestMethods(Invoker.java:1128)
	at org.testng.internal.TestMethodWorker.invokeTestMethods(TestMethodWorker.java:129)
	at org.testng.internal.TestMethodWorker.run(TestMethodWorker.java:112)
	at org.testng.TestRunner.privateRun(TestRunner.java:782)
	at org.testng.TestRunner.run(TestRunner.java:632)
	at org.testng.SuiteRunner.runTest(SuiteRunner.java:366)
	at org.testng.SuiteRunner.runSequentially(SuiteRunner.java:361)
	at org.testng.SuiteRunner.privateRun(SuiteRunner.java:319)
	at org.testng.SuiteRunner.run(SuiteRunner.java:268)
	at org.testng.SuiteRunnerWorker.runSuite(SuiteRunnerWorker.java:52)
	at org.testng.SuiteRunnerWorker.run(SuiteRunnerWorker.java:86)
	at org.testng.TestNG.runSuitesSequentially(TestNG.java:1244)
	at org.testng.TestNG.runSuitesSequentially(TestNG.java:1240)
	at org.testng.TestNG.runSuitesLocally(TestNG.java:1169)
	at org.testng.TestNG.run(TestNG.java:1064)
	at org.testng.remote.AbstractRemoteTestNG.run(AbstractRemoteTestNG.java:126)
	at org.testng.remote.RemoteTestNG.initAndRun(RemoteTestNG.java:137)
	at org.testng.remote.RemoteTestNG.main(RemoteTestNG.java:58)
</pre></div></td>
<td>0</td>
<td>com.selenium.thoughtworks.marsair.bookticket.TicketBookingTest@21213b92</td></tr>
<tr>
<td title='com.selenium.thoughtworks.marsair.bookticket.TicketBookingTest.ticketBookingTest()'><b>ticketBookingTest</b><br>Test class: com.selenium.thoughtworks.marsair.bookticket.TicketBookingTest<br>Parameters: {TCResult=Fail, PromotionalCode=JJ1-OPQ-540, Data Description=valid promo code not accepted, DepartureDate=July, Runmode=N, DefectId=4, ReturnDate=December (two years from now), Browser=chrome}</td>
<td><div><pre>org.testng.SkipException: false dataset -&gt; false suite -&gt; true testcase -&gt; trueskipping the test ticketBookingTest from suite TicketBooking
	at com.selenium.thoughtworks.marsair.datadriven.TestBase.validateRunmode(TestBase.java:55)
	at com.selenium.thoughtworks.marsair.bookticket.TicketBookingTest.ticketBookingTest(TicketBookingTest.java:18)
... Removed 25 stack frames</pre></div><a href='#' onClick='toggleBox("stack-trace86558824", this, "Click to show all stack frames", "Click to hide stack frames")'>Click to show all stack frames</a>
<div class='stack-trace' id='stack-trace86558824'><pre>org.testng.SkipException: false dataset -&gt; false suite -&gt; true testcase -&gt; trueskipping the test ticketBookingTest from suite TicketBooking
	at com.selenium.thoughtworks.marsair.datadriven.TestBase.validateRunmode(TestBase.java:55)
	at com.selenium.thoughtworks.marsair.bookticket.TicketBookingTest.ticketBookingTest(TicketBookingTest.java:18)
	at sun.reflect.NativeMethodAccessorImpl.invoke0(Native Method)
	at sun.reflect.NativeMethodAccessorImpl.invoke(Unknown Source)
	at sun.reflect.DelegatingMethodAccessorImpl.invoke(Unknown Source)
	at java.lang.reflect.Method.invoke(Unknown Source)
	at org.testng.internal.MethodInvocationHelper.invokeMethod(MethodInvocationHelper.java:86)
	at org.testng.internal.Invoker.invokeMethod(Invoker.java:643)
	at org.testng.internal.Invoker.invokeTestMethod(Invoker.java:820)
	at org.testng.internal.Invoker.invokeTestMethods(Invoker.java:1128)
	at org.testng.internal.TestMethodWorker.invokeTestMethods(TestMethodWorker.java:129)
	at org.testng.internal.TestMethodWorker.run(TestMethodWorker.java:112)
	at org.testng.TestRunner.privateRun(TestRunner.java:782)
	at org.testng.TestRunner.run(TestRunner.java:632)
	at org.testng.SuiteRunner.runTest(SuiteRunner.java:366)
	at org.testng.SuiteRunner.runSequentially(SuiteRunner.java:361)
	at org.testng.SuiteRunner.privateRun(SuiteRunner.java:319)
	at org.testng.SuiteRunner.run(SuiteRunner.java:268)
	at org.testng.SuiteRunnerWorker.runSuite(SuiteRunnerWorker.java:52)
	at org.testng.SuiteRunnerWorker.run(SuiteRunnerWorker.java:86)
	at org.testng.TestNG.runSuitesSequentially(TestNG.java:1244)
	at org.testng.TestNG.runSuitesSequentially(TestNG.java:1240)
	at org.testng.TestNG.runSuitesLocally(TestNG.java:1169)
	at org.testng.TestNG.run(TestNG.java:1064)
	at org.testng.remote.AbstractRemoteTestNG.run(AbstractRemoteTestNG.java:126)
	at org.testng.remote.RemoteTestNG.initAndRun(RemoteTestNG.java:137)
	at org.testng.remote.RemoteTestNG.main(RemoteTestNG.java:58)
</pre></div></td>
<td>0</td>
<td>com.selenium.thoughtworks.marsair.bookticket.TicketBookingTest@21213b92</td></tr>
</table><p>
</body>
</html>