<!DOCTYPE html PUBLIC "-//W3C//DTD XHTML 1.1//EN" "http://www.w3.org/TR/xhtml11/DTD/xhtml11.dtd">
<html xmlns="http://www.w3.org/1999/xhtml"><head><title>TestNG Report</title><style type="text/css">table {margin-bottom:10px;border-collapse:collapse;empty-cells:show}th,td {border:1px solid #009;padding:.25em .5em}th {vertical-align:bottom}td {vertical-align:top}table a {font-weight:bold}.stripe td {background-color: #E6EBF9}.num {text-align:right}.passedodd td {background-color: #3F3}.passedeven td {background-color: #0A0}.skippedodd td {background-color: #DDD}.skippedeven td {background-color: #CCC}.failedodd td,.attn {background-color: #F33}.failedeven td,.stripe .attn {background-color: #D00}.stacktrace {white-space:pre;font-family:monospace}.totop {font-size:85%;text-align:center;border-bottom:2px solid #000}</style></head><body><table><tr><th>Test</th><th># Passed</th><th># Skipped</th><th># Failed</th><th>Time (ms)</th><th>Included Groups</th><th>Excluded Groups</th></tr><tr><th colspan="7">Command line suite</th></tr><tr><td><a href="#t0">Command line test</a></td><td class="num">13</td><td class="num">0</td><td class="num attn">5</td><td class="num">220,563</td><td></td><td></td></tr></table><table><thead><tr><th>Class</th><th>Method</th><th>Start</th><th>Time (ms)</th></tr></thead><tbody><tr><th colspan="4">Command line suite</th></tr></tbody><tbody id="t0"><tr><th colspan="4">Command line test &#8212; failed</th></tr><tr class="failedeven"><td rowspan="1">com.selenium.thoughtworks.marsair.bookticket.TicketBookingTest</td><td><a href="#m0">ticketBookingTest</a></td><td rowspan="1">1468777332638</td><td rowspan="1">4915</td></tr><tr class="failedodd"><td rowspan="4">com.selenium.thoughtworks.marsair.validation.validationTest</td><td><a href="#m1">labelValidationTest</a></td><td rowspan="3">1468777374025</td><td rowspan="3">3395</td></tr><tr class="failedodd"><td><a href="#m2">labelValidationTest</a></td></tr><tr class="failedodd"><td><a href="#m3">labelValidationTest</a></td></tr><tr class="failedodd"><td><a href="#m4">linkNavigateToHomePageTest</a></td><td rowspan="1">1468777418812</td><td rowspan="1">33936</td></tr><tr><th colspan="4">Command line test &#8212; passed</th></tr><tr class="passedeven"><td rowspan="6">com.selenium.thoughtworks.marsair.bookticket.TicketBookingTest</td><td><a href="#m5">ticketBookingTest</a></td><td rowspan="6">1468777234027</td><td rowspan="6">6899</td></tr><tr class="passedeven"><td><a href="#m6">ticketBookingTest</a></td></tr><tr class="passedeven"><td><a href="#m7">ticketBookingTest</a></td></tr><tr class="passedeven"><td><a href="#m8">ticketBookingTest</a></td></tr><tr class="passedeven"><td><a href="#m9">ticketBookingTest</a></td></tr><tr class="passedeven"><td><a href="#m10">ticketBookingTest</a></td></tr><tr class="passedodd"><td rowspan="7">com.selenium.thoughtworks.marsair.validation.validationTest</td><td><a href="#m11">dropdownValidationTest</a></td><td rowspan="2">1468777338740</td><td rowspan="2">6465</td></tr><tr class="passedodd"><td><a href="#m12">dropdownValidationTest</a></td></tr><tr class="passedodd"><td><a href="#m13">fieldValidationTest</a></td><td rowspan="4">1468777351797</td><td rowspan="4">4384</td></tr><tr class="passedodd"><td><a href="#m14">fieldValidationTest</a></td></tr><tr class="passedodd"><td><a href="#m15">fieldValidationTest</a></td></tr><tr class="passedodd"><td><a href="#m16">fieldValidationTest</a></td></tr><tr class="passedodd"><td><a href="#m17">linkNavigateToHomePageTest</a></td><td rowspan="1">1468777383087</td><td rowspan="1">34526</td></tr></tbody></table><h2>Command line test</h2><h3 id="m0">com.selenium.thoughtworks.marsair.bookticket.TicketBookingTest#ticketBookingTest</h3><table class="result"><tr class="param"><th>Parameter #1</th></tr><tr class="param stripe"><td>{TCResult=Fail, PromotionalCode=JJ1-OPQ-540, Data Description=valid promo code not accepted, DepartureDate=July, Runmode=Y, DefectId=4.0, ReturnDate=December (two years from now), Browser=chrome}</td></tr><tr><th>Exception</th></tr><tr><td><div class="stacktrace">java.lang.AssertionError: Proper message is not displayed for VALID promotional code expected [true] but found [false]
	at com.selenium.thoughtworks.marsair.bookticket.TicketBookingTest.ticketBookingTest(TicketBookingTest.java:42)
... Removed 37 stack frames</div></td></tr></table><p class="totop"><a href="#summary">back to summary</a></p><h3 id="m1">com.selenium.thoughtworks.marsair.validation.validationTest#labelValidationTest</h3><table class="result"><tr class="param"><th>Parameter #1</th></tr><tr class="param stripe"><td>{TCResult=Fail, ExpectedLabel=Arrival, LabelXpathFromPropertiesFile=returnLabel_xpath, Runmode=Y, DefectId=1.0}</td></tr><tr><th>Exception</th></tr><tr><td><div class="stacktrace">java.lang.AssertionError: Arrival - Label not displayed correctly expected [true] but found [false]
	at com.selenium.thoughtworks.marsair.validation.validationTest.labelValidationTest(validationTest.java:48)
... Removed 37 stack frames</div></td></tr></table><p class="totop"><a href="#summary">back to summary</a></p><h3 id="m2">com.selenium.thoughtworks.marsair.validation.validationTest#labelValidationTest</h3><table class="result"><tr class="param"><th>Parameter #1</th></tr><tr class="param stripe"><td>{TCResult=Fail, ExpectedLabel=Departure, LabelXpathFromPropertiesFile=departureLabel_xpath, Runmode=Y, DefectId=1.0}</td></tr><tr><th>Exception</th></tr><tr><td><div class="stacktrace">java.lang.AssertionError: Departure - Label not displayed correctly expected [true] but found [false]
	at com.selenium.thoughtworks.marsair.validation.validationTest.labelValidationTest(validationTest.java:48)
... Removed 37 stack frames</div></td></tr></table><p class="totop"><a href="#summary">back to summary</a></p><h3 id="m3">com.selenium.thoughtworks.marsair.validation.validationTest#labelValidationTest</h3><table class="result"><tr class="param"><th>Parameter #1</th></tr><tr class="param stripe"><td>{TCResult=Fail, ExpectedLabel=Promo Code, LabelXpathFromPropertiesFile=popmocodeLabel_xpath, Runmode=Y, DefectId=1.0}</td></tr><tr><th>Exception</th></tr><tr><td><div class="stacktrace">java.lang.AssertionError: Promo Code - Label not displayed correctly expected [true] but found [false]
	at com.selenium.thoughtworks.marsair.validation.validationTest.labelValidationTest(validationTest.java:48)
... Removed 37 stack frames</div></td></tr></table><p class="totop"><a href="#summary">back to summary</a></p><h3 id="m4">com.selenium.thoughtworks.marsair.validation.validationTest#linkNavigateToHomePageTest</h3><table class="result"><tr class="param"><th>Parameter #1</th></tr><tr class="param stripe"><td>{TCResult=Fail, linksXpathFromPropertiesFile=bookTicketToRedPlanet_xpath, Runmode=Y, DefectId=2.0, Links=&quot;Book a ticket to the red planet now!&quot; link}</td></tr><tr><th>Exception</th></tr><tr><td><div class="stacktrace">java.lang.AssertionError: &quot;Book a ticket to the red planet now!&quot; link is not present on search results page expected [true] but found [false]
	at com.selenium.thoughtworks.marsair.validation.validationTest.linkNavigateToHomePageTest(validationTest.java:62)
... Removed 37 stack frames</div></td></tr></table><p class="totop"><a href="#summary">back to summary</a></p><h3 id="m5">com.selenium.thoughtworks.marsair.bookticket.TicketBookingTest#ticketBookingTest</h3><table class="result"><tr class="param"><th>Parameter #1</th></tr><tr class="param stripe"><td>{TCResult=Pass, PromotionalCode=, Data Description=valid successful search where seats availabe message is displayed, DepartureDate=July, Runmode=Y, DefectId=, ReturnDate=December (two years from now), Browser=chrome}</td></tr></table><p class="totop"><a href="#summary">back to summary</a></p><h3 id="m6">com.selenium.thoughtworks.marsair.bookticket.TicketBookingTest#ticketBookingTest</h3><table class="result"><tr class="param"><th>Parameter #1</th></tr><tr class="param stripe"><td>{TCResult=Pass, PromotionalCode=AF3-FJK-418, Data Description=valid Promocode; message is checked, DepartureDate=July, Runmode=Y, DefectId=, ReturnDate=December (two years from now), Browser=chrome}</td></tr></table><p class="totop"><a href="#summary">back to summary</a></p><h3 id="m7">com.selenium.thoughtworks.marsair.bookticket.TicketBookingTest#ticketBookingTest</h3><table class="result"><tr class="param"><th>Parameter #1</th></tr><tr class="param stripe"><td>{TCResult=Pass, PromotionalCode=, Data Description=schedule not possible; message dislayed is checked, DepartureDate=July, Runmode=Y, DefectId=, ReturnDate=December, Browser=chrome}</td></tr></table><p class="totop"><a href="#summary">back to summary</a></p><h3 id="m8">com.selenium.thoughtworks.marsair.bookticket.TicketBookingTest#ticketBookingTest</h3><table class="result"><tr class="param"><th>Parameter #1</th></tr><tr class="param stripe"><td>{TCResult=Pass, PromotionalCode=, Data Description=seats not available without promo code; message dislayed is checked, DepartureDate=July, Runmode=Y, DefectId=, ReturnDate=December (next year), Browser=chrome}</td></tr></table><p class="totop"><a href="#summary">back to summary</a></p><h3 id="m9">com.selenium.thoughtworks.marsair.bookticket.TicketBookingTest#ticketBookingTest</h3><table class="result"><tr class="param"><th>Parameter #1</th></tr><tr class="param stripe"><td>{TCResult=Pass, PromotionalCode=AF3-FJK-418, Data Description=seats not available with promo code; message dislayed is checked, DepartureDate=July, Runmode=Y, DefectId=, ReturnDate=December (next year), Browser=chrome}</td></tr></table><p class="totop"><a href="#summary">back to summary</a></p><h3 id="m10">com.selenium.thoughtworks.marsair.bookticket.TicketBookingTest#ticketBookingTest</h3><table class="result"><tr class="param"><th>Parameter #1</th></tr><tr class="param stripe"><td>{TCResult=Pass, PromotionalCode=AF3-FJK-419, Data Description=invalid promocode; error message is checked, DepartureDate=July, Runmode=Y, DefectId=, ReturnDate=December (two years from now), Browser=chrome}</td></tr></table><p class="totop"><a href="#summary">back to summary</a></p><h3 id="m11">com.selenium.thoughtworks.marsair.validation.validationTest#dropdownValidationTest</h3><table class="result"><tr class="param"><th>Parameter #1</th></tr><tr class="param stripe"><td>{TCResult=Pass, DropdownXpathFromPropertiesFile=DepartureDropdownValues_xpath, Runmode=Y, DefectId=}</td></tr></table><p class="totop"><a href="#summary">back to summary</a></p><h3 id="m12">com.selenium.thoughtworks.marsair.validation.validationTest#dropdownValidationTest</h3><table class="result"><tr class="param"><th>Parameter #1</th></tr><tr class="param stripe"><td>{TCResult=Pass, DropdownXpathFromPropertiesFile=ReturnDropdownValues_xpath, Runmode=Y, DefectId=}</td></tr></table><p class="totop"><a href="#summary">back to summary</a></p><h3 id="m13">com.selenium.thoughtworks.marsair.validation.validationTest#fieldValidationTest</h3><table class="result"><tr class="param"><th>Parameter #1</th></tr><tr class="param stripe"><td>{TCResult=Pass, Runmode=Y, DefectId=, FieldXpathFromPropertiesFile=DepartureDropdown_xpath}</td></tr></table><p class="totop"><a href="#summary">back to summary</a></p><h3 id="m14">com.selenium.thoughtworks.marsair.validation.validationTest#fieldValidationTest</h3><table class="result"><tr class="param"><th>Parameter #1</th></tr><tr class="param stripe"><td>{TCResult=Pass, Runmode=Y, DefectId=, FieldXpathFromPropertiesFile=LoginPgSearchBtn_xpath}</td></tr></table><p class="totop"><a href="#summary">back to summary</a></p><h3 id="m15">com.selenium.thoughtworks.marsair.validation.validationTest#fieldValidationTest</h3><table class="result"><tr class="param"><th>Parameter #1</th></tr><tr class="param stripe"><td>{TCResult=Pass, Runmode=Y, DefectId=, FieldXpathFromPropertiesFile=ReturnDropdown_xpath}</td></tr></table><p class="totop"><a href="#summary">back to summary</a></p><h3 id="m16">com.selenium.thoughtworks.marsair.validation.validationTest#fieldValidationTest</h3><table class="result"><tr class="param"><th>Parameter #1</th></tr><tr class="param stripe"><td>{TCResult=Pass, Runmode=Y, DefectId=, FieldXpathFromPropertiesFile=PromoCodeField_xpath}</td></tr></table><p class="totop"><a href="#summary">back to summary</a></p><h3 id="m17">com.selenium.thoughtworks.marsair.validation.validationTest#linkNavigateToHomePageTest</h3><table class="result"><tr class="param"><th>Parameter #1</th></tr><tr class="param stripe"><td>{TCResult=Pass, linksXpathFromPropertiesFile=marsAirLogo_xpath, Runmode=Y, DefectId=, Links=MarsAir Logo Link}</td></tr></table><p class="totop"><a href="#summary">back to summary</a></p></body></html>