<?xml version="1.0" encoding="UTF-8"?>
<testng-results skipped="0" failed="5" total="18" passed="13">
  <reporter-output>
  </reporter-output>
  <suite name="Command line suite" duration-ms="220563" started-at="2016-07-17T17:40:33Z" finished-at="2016-07-17T17:44:13Z">
    <groups>
    </groups>
    <test name="Command line test" duration-ms="220563" started-at="2016-07-17T17:40:33Z" finished-at="2016-07-17T17:44:13Z">
      <class name="com.selenium.thoughtworks.marsair.bookticket.TicketBookingTest">
        <test-method status="PASS" signature="ticketBookingTest(java.util.Hashtable)[pri:0, instance:com.selenium.thoughtworks.marsair.bookticket.TicketBookingTest@1b604f19]" name="ticketBookingTest" duration-ms="6899" started-at="2016-07-17T18:40:34Z" data-provider="TicketBookingDataProvider" finished-at="2016-07-17T18:40:40Z">
          <params>
            <param index="0">
              <value>
                <![CDATA[{TCResult=Pass, PromotionalCode=, Data Description=valid successful search where seats availabe message is displayed, DepartureDate=July, Runmode=Y, DefectId=, ReturnDate=December (two years from now), Browser=chrome}]]>
              </value>
            </param>
          </params>
          <reporter-output>
          </reporter-output>
        </test-method> <!-- ticketBookingTest -->
        <test-method status="PASS" signature="quitBrowser()[pri:0, instance:com.selenium.thoughtworks.marsair.bookticket.TicketBookingTest@1b604f19]" name="quitBrowser" is-config="true" duration-ms="1655" started-at="2016-07-17T18:40:40Z" finished-at="2016-07-17T18:40:42Z">
          <reporter-output>
          </reporter-output>
        </test-method> <!-- quitBrowser -->
        <test-method status="PASS" signature="ticketBookingTest(java.util.Hashtable)[pri:0, instance:com.selenium.thoughtworks.marsair.bookticket.TicketBookingTest@1b604f19]" name="ticketBookingTest" duration-ms="4976" started-at="2016-07-17T18:40:42Z" data-provider="TicketBookingDataProvider" finished-at="2016-07-17T18:40:47Z">
          <params>
            <param index="0">
              <value>
                <![CDATA[{TCResult=Pass, PromotionalCode=AF3-FJK-419, Data Description=invalid promocode; error message is checked, DepartureDate=July, Runmode=Y, DefectId=, ReturnDate=December (two years from now), Browser=chrome}]]>
              </value>
            </param>
          </params>
          <reporter-output>
          </reporter-output>
        </test-method> <!-- ticketBookingTest -->
        <test-method status="PASS" signature="quitBrowser()[pri:0, instance:com.selenium.thoughtworks.marsair.bookticket.TicketBookingTest@1b604f19]" name="quitBrowser" is-config="true" duration-ms="1268" started-at="2016-07-17T18:40:47Z" finished-at="2016-07-17T18:40:48Z">
          <reporter-output>
          </reporter-output>
        </test-method> <!-- quitBrowser -->
        <test-method status="PASS" signature="ticketBookingTest(java.util.Hashtable)[pri:0, instance:com.selenium.thoughtworks.marsair.bookticket.TicketBookingTest@1b604f19]" name="ticketBookingTest" duration-ms="4947" started-at="2016-07-17T18:40:48Z" data-provider="TicketBookingDataProvider" finished-at="2016-07-17T18:40:53Z">
          <params>
            <param index="0">
              <value>
                <![CDATA[{TCResult=Pass, PromotionalCode=AF3-FJK-418, Data Description=valid Promocode; message is checked, DepartureDate=July, Runmode=Y, DefectId=, ReturnDate=December (two years from now), Browser=chrome}]]>
              </value>
            </param>
          </params>
          <reporter-output>
          </reporter-output>
        </test-method> <!-- ticketBookingTest -->
        <test-method status="PASS" signature="quitBrowser()[pri:0, instance:com.selenium.thoughtworks.marsair.bookticket.TicketBookingTest@1b604f19]" name="quitBrowser" is-config="true" duration-ms="1210" started-at="2016-07-17T18:40:53Z" finished-at="2016-07-17T18:40:54Z">
          <reporter-output>
          </reporter-output>
        </test-method> <!-- quitBrowser -->
        <test-method status="PASS" signature="ticketBookingTest(java.util.Hashtable)[pri:0, instance:com.selenium.thoughtworks.marsair.bookticket.TicketBookingTest@1b604f19]" name="ticketBookingTest" duration-ms="4613" started-at="2016-07-17T18:40:54Z" data-provider="TicketBookingDataProvider" finished-at="2016-07-17T18:40:59Z">
          <params>
            <param index="0">
              <value>
                <![CDATA[{TCResult=Pass, PromotionalCode=, Data Description=schedule not possible; message dislayed is checked, DepartureDate=July, Runmode=Y, DefectId=, ReturnDate=December, Browser=chrome}]]>
              </value>
            </param>
          </params>
          <reporter-output>
          </reporter-output>
        </test-method> <!-- ticketBookingTest -->
        <test-method status="PASS" signature="quitBrowser()[pri:0, instance:com.selenium.thoughtworks.marsair.bookticket.TicketBookingTest@1b604f19]" name="quitBrowser" is-config="true" duration-ms="1204" started-at="2016-07-17T18:40:59Z" finished-at="2016-07-17T18:41:00Z">
          <reporter-output>
          </reporter-output>
        </test-method> <!-- quitBrowser -->
        <test-method status="PASS" signature="ticketBookingTest(java.util.Hashtable)[pri:0, instance:com.selenium.thoughtworks.marsair.bookticket.TicketBookingTest@1b604f19]" name="ticketBookingTest" duration-ms="34960" started-at="2016-07-17T18:41:00Z" data-provider="TicketBookingDataProvider" finished-at="2016-07-17T18:41:35Z">
          <params>
            <param index="0">
              <value>
                <![CDATA[{TCResult=Pass, PromotionalCode=AF3-FJK-418, Data Description=seats not available with promo code; message dislayed is checked, DepartureDate=July, Runmode=Y, DefectId=, ReturnDate=December (next year), Browser=chrome}]]>
              </value>
            </param>
          </params>
          <reporter-output>
          </reporter-output>
        </test-method> <!-- ticketBookingTest -->
        <test-method status="PASS" signature="quitBrowser()[pri:0, instance:com.selenium.thoughtworks.marsair.bookticket.TicketBookingTest@1b604f19]" name="quitBrowser" is-config="true" duration-ms="1165" started-at="2016-07-17T18:41:35Z" finished-at="2016-07-17T18:41:36Z">
          <reporter-output>
          </reporter-output>
        </test-method> <!-- quitBrowser -->
        <test-method status="PASS" signature="ticketBookingTest(java.util.Hashtable)[pri:0, instance:com.selenium.thoughtworks.marsair.bookticket.TicketBookingTest@1b604f19]" name="ticketBookingTest" duration-ms="34491" started-at="2016-07-17T18:41:36Z" data-provider="TicketBookingDataProvider" finished-at="2016-07-17T18:42:11Z">
          <params>
            <param index="0">
              <value>
                <![CDATA[{TCResult=Pass, PromotionalCode=, Data Description=seats not available without promo code; message dislayed is checked, DepartureDate=July, Runmode=Y, DefectId=, ReturnDate=December (next year), Browser=chrome}]]>
              </value>
            </param>
          </params>
          <reporter-output>
          </reporter-output>
        </test-method> <!-- ticketBookingTest -->
        <test-method status="PASS" signature="quitBrowser()[pri:0, instance:com.selenium.thoughtworks.marsair.bookticket.TicketBookingTest@1b604f19]" name="quitBrowser" is-config="true" duration-ms="1211" started-at="2016-07-17T18:42:11Z" finished-at="2016-07-17T18:42:12Z">
          <reporter-output>
          </reporter-output>
        </test-method> <!-- quitBrowser -->
        <test-method status="FAIL" signature="ticketBookingTest(java.util.Hashtable)[pri:0, instance:com.selenium.thoughtworks.marsair.bookticket.TicketBookingTest@1b604f19]" name="ticketBookingTest" duration-ms="4915" started-at="2016-07-17T18:42:12Z" data-provider="TicketBookingDataProvider" finished-at="2016-07-17T18:42:17Z">
          <params>
            <param index="0">
              <value>
                <![CDATA[{TCResult=Fail, PromotionalCode=JJ1-OPQ-540, Data Description=valid promo code not accepted, DepartureDate=July, Runmode=Y, DefectId=4.0, ReturnDate=December (two years from now), Browser=chrome}]]>
              </value>
            </param>
          </params>
          <exception class="java.lang.AssertionError">
            <message>
              <![CDATA[Proper message is not displayed for VALID promotional code expected [true] but found [false]]]>
            </message>
            <full-stacktrace>
              <![CDATA[java.lang.AssertionError: Proper message is not displayed for VALID promotional code expected [true] but found [false]
	at org.testng.Assert.fail(Assert.java:94)
	at org.testng.Assert.failNotEquals(Assert.java:513)
	at org.testng.Assert.assertTrue(Assert.java:42)
	at com.selenium.thoughtworks.marsair.bookticket.TicketBookingTest.ticketBookingTest(TicketBookingTest.java:42)
	at sun.reflect.NativeMethodAccessorImpl.invoke0(Native Method)
	at sun.reflect.NativeMethodAccessorImpl.invoke(NativeMethodAccessorImpl.java:62)
	at sun.reflect.DelegatingMethodAccessorImpl.invoke(DelegatingMethodAccessorImpl.java:43)
	at java.lang.reflect.Method.invoke(Method.java:498)
	at org.testng.internal.MethodInvocationHelper.invokeMethod(MethodInvocationHelper.java:86)
	at org.testng.internal.Invoker.invokeMethod(Invoker.java:643)
	at org.testng.internal.Invoker.invokeTestMethod(Invoker.java:820)
	at org.testng.internal.Invoker.invokeTestMethods(Invoker.java:1128)
	at org.testng.internal.TestMethodWorker.invokeTestMethods(TestMethodWorker.java:129)
	at org.testng.internal.TestMethodWorker.run(TestMethodWorker.java:112)
	at org.testng.TestRunner.privateRun(TestRunner.java:782)
	at org.testng.TestRunner.run(TestRunner.java:632)
	at org.testng.SuiteRunner.runTest(SuiteRunner.java:366)
	at org.testng.SuiteRunner.runSequentially(SuiteRunner.java:361)
	at org.testng.SuiteRunner.privateRun(SuiteRunner.java:319)
	at org.testng.SuiteRunner.run(SuiteRunner.java:268)
	at org.testng.SuiteRunnerWorker.runSuite(SuiteRunnerWorker.java:52)
	at org.testng.SuiteRunnerWorker.run(SuiteRunnerWorker.java:86)
	at org.testng.TestNG.runSuitesSequentially(TestNG.java:1244)
	at org.testng.TestNG.runSuitesLocally(TestNG.java:1169)
	at org.testng.TestNG.run(TestNG.java:1064)
	at org.apache.maven.surefire.testng.TestNGExecutor.run(TestNGExecutor.java:77)
	at org.apache.maven.surefire.testng.TestNGDirectoryTestSuite.executeMulti(TestNGDirectoryTestSuite.java:159)
	at org.apache.maven.surefire.testng.TestNGDirectoryTestSuite.execute(TestNGDirectoryTestSuite.java:99)
	at org.apache.maven.surefire.testng.TestNGProvider.invoke(TestNGProvider.java:106)
	at sun.reflect.NativeMethodAccessorImpl.invoke0(Native Method)
	at sun.reflect.NativeMethodAccessorImpl.invoke(NativeMethodAccessorImpl.java:62)
	at sun.reflect.DelegatingMethodAccessorImpl.invoke(DelegatingMethodAccessorImpl.java:43)
	at java.lang.reflect.Method.invoke(Method.java:498)
	at org.apache.maven.surefire.util.ReflectionUtils.invokeMethodWithArray(ReflectionUtils.java:189)
	at org.apache.maven.surefire.booter.ProviderFactory$ProviderProxy.invoke(ProviderFactory.java:165)
	at org.apache.maven.surefire.booter.ProviderFactory.invokeProvider(ProviderFactory.java:85)
	at org.apache.maven.surefire.booter.ForkedBooter.runSuitesInProcess(ForkedBooter.java:115)
	at org.apache.maven.surefire.booter.ForkedBooter.main(ForkedBooter.java:75)
]]>
            </full-stacktrace>
          </exception> <!-- java.lang.AssertionError -->
          <reporter-output>
          </reporter-output>
        </test-method> <!-- ticketBookingTest -->
        <test-method status="PASS" signature="quitBrowser()[pri:0, instance:com.selenium.thoughtworks.marsair.bookticket.TicketBookingTest@1b604f19]" name="quitBrowser" is-config="true" duration-ms="1161" started-at="2016-07-17T18:42:17Z" finished-at="2016-07-17T18:42:18Z">
          <reporter-output>
          </reporter-output>
        </test-method> <!-- quitBrowser -->
      </class> <!-- com.selenium.thoughtworks.marsair.bookticket.TicketBookingTest -->
      <class name="com.selenium.thoughtworks.marsair.validation.validationTest">
        <test-method status="PASS" signature="dropdownValidationTest(java.util.Hashtable)[pri:0, instance:com.selenium.thoughtworks.marsair.validation.validationTest@7823a2f9]" name="dropdownValidationTest" duration-ms="6465" started-at="2016-07-17T18:42:18Z" data-provider="FieldValidationDataProvider" finished-at="2016-07-17T18:42:25Z">
          <params>
            <param index="0">
              <value>
                <![CDATA[{TCResult=Pass, DropdownXpathFromPropertiesFile=DepartureDropdownValues_xpath, Runmode=Y, DefectId=}]]>
              </value>
            </param>
          </params>
          <reporter-output>
          </reporter-output>
        </test-method> <!-- dropdownValidationTest -->
        <test-method status="PASS" signature="quitBrowser()[pri:0, instance:com.selenium.thoughtworks.marsair.validation.validationTest@7823a2f9]" name="quitBrowser" is-config="true" duration-ms="1" started-at="2016-07-17T18:42:25Z" finished-at="2016-07-17T18:42:25Z">
          <reporter-output>
          </reporter-output>
        </test-method> <!-- quitBrowser -->
        <test-method status="PASS" signature="dropdownValidationTest(java.util.Hashtable)[pri:0, instance:com.selenium.thoughtworks.marsair.validation.validationTest@7823a2f9]" name="dropdownValidationTest" duration-ms="6584" started-at="2016-07-17T18:42:25Z" data-provider="FieldValidationDataProvider" finished-at="2016-07-17T18:42:31Z">
          <params>
            <param index="0">
              <value>
                <![CDATA[{TCResult=Pass, DropdownXpathFromPropertiesFile=ReturnDropdownValues_xpath, Runmode=Y, DefectId=}]]>
              </value>
            </param>
          </params>
          <reporter-output>
          </reporter-output>
        </test-method> <!-- dropdownValidationTest -->
        <test-method status="PASS" signature="quitBrowser()[pri:0, instance:com.selenium.thoughtworks.marsair.validation.validationTest@7823a2f9]" name="quitBrowser" is-config="true" duration-ms="1" started-at="2016-07-17T18:42:31Z" finished-at="2016-07-17T18:42:31Z">
          <reporter-output>
          </reporter-output>
        </test-method> <!-- quitBrowser -->
        <test-method status="PASS" signature="fieldValidationTest(java.util.Hashtable)[pri:0, instance:com.selenium.thoughtworks.marsair.validation.validationTest@7823a2f9]" name="fieldValidationTest" duration-ms="4384" started-at="2016-07-17T18:42:31Z" data-provider="FieldValidationDataProvider" finished-at="2016-07-17T18:42:36Z">
          <params>
            <param index="0">
              <value>
                <![CDATA[{TCResult=Pass, Runmode=Y, DefectId=, FieldXpathFromPropertiesFile=DepartureDropdown_xpath}]]>
              </value>
            </param>
          </params>
          <reporter-output>
          </reporter-output>
        </test-method> <!-- fieldValidationTest -->
        <test-method status="PASS" signature="quitBrowser()[pri:0, instance:com.selenium.thoughtworks.marsair.validation.validationTest@7823a2f9]" name="quitBrowser" is-config="true" duration-ms="0" started-at="2016-07-17T18:42:36Z" finished-at="2016-07-17T18:42:36Z">
          <reporter-output>
          </reporter-output>
        </test-method> <!-- quitBrowser -->
        <test-method status="PASS" signature="fieldValidationTest(java.util.Hashtable)[pri:0, instance:com.selenium.thoughtworks.marsair.validation.validationTest@7823a2f9]" name="fieldValidationTest" duration-ms="4488" started-at="2016-07-17T18:42:36Z" data-provider="FieldValidationDataProvider" finished-at="2016-07-17T18:42:40Z">
          <params>
            <param index="0">
              <value>
                <![CDATA[{TCResult=Pass, Runmode=Y, DefectId=, FieldXpathFromPropertiesFile=ReturnDropdown_xpath}]]>
              </value>
            </param>
          </params>
          <reporter-output>
          </reporter-output>
        </test-method> <!-- fieldValidationTest -->
        <test-method status="PASS" signature="quitBrowser()[pri:0, instance:com.selenium.thoughtworks.marsair.validation.validationTest@7823a2f9]" name="quitBrowser" is-config="true" duration-ms="0" started-at="2016-07-17T18:42:40Z" finished-at="2016-07-17T18:42:40Z">
          <reporter-output>
          </reporter-output>
        </test-method> <!-- quitBrowser -->
        <test-method status="PASS" signature="fieldValidationTest(java.util.Hashtable)[pri:0, instance:com.selenium.thoughtworks.marsair.validation.validationTest@7823a2f9]" name="fieldValidationTest" duration-ms="4396" started-at="2016-07-17T18:42:40Z" data-provider="FieldValidationDataProvider" finished-at="2016-07-17T18:42:45Z">
          <params>
            <param index="0">
              <value>
                <![CDATA[{TCResult=Pass, Runmode=Y, DefectId=, FieldXpathFromPropertiesFile=PromoCodeField_xpath}]]>
              </value>
            </param>
          </params>
          <reporter-output>
          </reporter-output>
        </test-method> <!-- fieldValidationTest -->
        <test-method status="PASS" signature="quitBrowser()[pri:0, instance:com.selenium.thoughtworks.marsair.validation.validationTest@7823a2f9]" name="quitBrowser" is-config="true" duration-ms="0" started-at="2016-07-17T18:42:45Z" finished-at="2016-07-17T18:42:45Z">
          <reporter-output>
          </reporter-output>
        </test-method> <!-- quitBrowser -->
        <test-method status="PASS" signature="fieldValidationTest(java.util.Hashtable)[pri:0, instance:com.selenium.thoughtworks.marsair.validation.validationTest@7823a2f9]" name="fieldValidationTest" duration-ms="4251" started-at="2016-07-17T18:42:45Z" data-provider="FieldValidationDataProvider" finished-at="2016-07-17T18:42:49Z">
          <params>
            <param index="0">
              <value>
                <![CDATA[{TCResult=Pass, Runmode=Y, DefectId=, FieldXpathFromPropertiesFile=LoginPgSearchBtn_xpath}]]>
              </value>
            </param>
          </params>
          <reporter-output>
          </reporter-output>
        </test-method> <!-- fieldValidationTest -->
        <test-method status="PASS" signature="quitBrowser()[pri:0, instance:com.selenium.thoughtworks.marsair.validation.validationTest@7823a2f9]" name="quitBrowser" is-config="true" duration-ms="1" started-at="2016-07-17T18:42:49Z" finished-at="2016-07-17T18:42:49Z">
          <reporter-output>
          </reporter-output>
        </test-method> <!-- quitBrowser -->
        <test-method status="FAIL" signature="labelValidationTest(java.util.Hashtable)[pri:0, instance:com.selenium.thoughtworks.marsair.validation.validationTest@7823a2f9]" name="labelValidationTest" duration-ms="3440" started-at="2016-07-17T18:42:49Z" data-provider="FieldValidationDataProvider" finished-at="2016-07-17T18:42:52Z">
          <params>
            <param index="0">
              <value>
                <![CDATA[{TCResult=Fail, ExpectedLabel=Departure, LabelXpathFromPropertiesFile=departureLabel_xpath, Runmode=Y, DefectId=1.0}]]>
              </value>
            </param>
          </params>
          <exception class="java.lang.AssertionError">
            <message>
              <![CDATA[Departure - Label not displayed correctly expected [true] but found [false]]]>
            </message>
            <full-stacktrace>
              <![CDATA[java.lang.AssertionError: Departure - Label not displayed correctly expected [true] but found [false]
	at org.testng.Assert.fail(Assert.java:94)
	at org.testng.Assert.failNotEquals(Assert.java:513)
	at org.testng.Assert.assertTrue(Assert.java:42)
	at com.selenium.thoughtworks.marsair.validation.validationTest.labelValidationTest(validationTest.java:48)
	at sun.reflect.NativeMethodAccessorImpl.invoke0(Native Method)
	at sun.reflect.NativeMethodAccessorImpl.invoke(NativeMethodAccessorImpl.java:62)
	at sun.reflect.DelegatingMethodAccessorImpl.invoke(DelegatingMethodAccessorImpl.java:43)
	at java.lang.reflect.Method.invoke(Method.java:498)
	at org.testng.internal.MethodInvocationHelper.invokeMethod(MethodInvocationHelper.java:86)
	at org.testng.internal.Invoker.invokeMethod(Invoker.java:643)
	at org.testng.internal.Invoker.invokeTestMethod(Invoker.java:820)
	at org.testng.internal.Invoker.invokeTestMethods(Invoker.java:1128)
	at org.testng.internal.TestMethodWorker.invokeTestMethods(TestMethodWorker.java:129)
	at org.testng.internal.TestMethodWorker.run(TestMethodWorker.java:112)
	at org.testng.TestRunner.privateRun(TestRunner.java:782)
	at org.testng.TestRunner.run(TestRunner.java:632)
	at org.testng.SuiteRunner.runTest(SuiteRunner.java:366)
	at org.testng.SuiteRunner.runSequentially(SuiteRunner.java:361)
	at org.testng.SuiteRunner.privateRun(SuiteRunner.java:319)
	at org.testng.SuiteRunner.run(SuiteRunner.java:268)
	at org.testng.SuiteRunnerWorker.runSuite(SuiteRunnerWorker.java:52)
	at org.testng.SuiteRunnerWorker.run(SuiteRunnerWorker.java:86)
	at org.testng.TestNG.runSuitesSequentially(TestNG.java:1244)
	at org.testng.TestNG.runSuitesLocally(TestNG.java:1169)
	at org.testng.TestNG.run(TestNG.java:1064)
	at org.apache.maven.surefire.testng.TestNGExecutor.run(TestNGExecutor.java:77)
	at org.apache.maven.surefire.testng.TestNGDirectoryTestSuite.executeMulti(TestNGDirectoryTestSuite.java:159)
	at org.apache.maven.surefire.testng.TestNGDirectoryTestSuite.execute(TestNGDirectoryTestSuite.java:99)
	at org.apache.maven.surefire.testng.TestNGProvider.invoke(TestNGProvider.java:106)
	at sun.reflect.NativeMethodAccessorImpl.invoke0(Native Method)
	at sun.reflect.NativeMethodAccessorImpl.invoke(NativeMethodAccessorImpl.java:62)
	at sun.reflect.DelegatingMethodAccessorImpl.invoke(DelegatingMethodAccessorImpl.java:43)
	at java.lang.reflect.Method.invoke(Method.java:498)
	at org.apache.maven.surefire.util.ReflectionUtils.invokeMethodWithArray(ReflectionUtils.java:189)
	at org.apache.maven.surefire.booter.ProviderFactory$ProviderProxy.invoke(ProviderFactory.java:165)
	at org.apache.maven.surefire.booter.ProviderFactory.invokeProvider(ProviderFactory.java:85)
	at org.apache.maven.surefire.booter.ForkedBooter.runSuitesInProcess(ForkedBooter.java:115)
	at org.apache.maven.surefire.booter.ForkedBooter.main(ForkedBooter.java:75)
]]>
            </full-stacktrace>
          </exception> <!-- java.lang.AssertionError -->
          <reporter-output>
          </reporter-output>
        </test-method> <!-- labelValidationTest -->
        <test-method status="PASS" signature="quitBrowser()[pri:0, instance:com.selenium.thoughtworks.marsair.validation.validationTest@7823a2f9]" name="quitBrowser" is-config="true" duration-ms="1254" started-at="2016-07-17T18:42:52Z" finished-at="2016-07-17T18:42:54Z">
          <reporter-output>
          </reporter-output>
        </test-method> <!-- quitBrowser -->
        <test-method status="FAIL" signature="labelValidationTest(java.util.Hashtable)[pri:0, instance:com.selenium.thoughtworks.marsair.validation.validationTest@7823a2f9]" name="labelValidationTest" duration-ms="3395" started-at="2016-07-17T18:42:54Z" data-provider="FieldValidationDataProvider" finished-at="2016-07-17T18:42:57Z">
          <params>
            <param index="0">
              <value>
                <![CDATA[{TCResult=Fail, ExpectedLabel=Arrival, LabelXpathFromPropertiesFile=returnLabel_xpath, Runmode=Y, DefectId=1.0}]]>
              </value>
            </param>
          </params>
          <exception class="java.lang.AssertionError">
            <message>
              <![CDATA[Arrival - Label not displayed correctly expected [true] but found [false]]]>
            </message>
            <full-stacktrace>
              <![CDATA[java.lang.AssertionError: Arrival - Label not displayed correctly expected [true] but found [false]
	at org.testng.Assert.fail(Assert.java:94)
	at org.testng.Assert.failNotEquals(Assert.java:513)
	at org.testng.Assert.assertTrue(Assert.java:42)
	at com.selenium.thoughtworks.marsair.validation.validationTest.labelValidationTest(validationTest.java:48)
	at sun.reflect.NativeMethodAccessorImpl.invoke0(Native Method)
	at sun.reflect.NativeMethodAccessorImpl.invoke(NativeMethodAccessorImpl.java:62)
	at sun.reflect.DelegatingMethodAccessorImpl.invoke(DelegatingMethodAccessorImpl.java:43)
	at java.lang.reflect.Method.invoke(Method.java:498)
	at org.testng.internal.MethodInvocationHelper.invokeMethod(MethodInvocationHelper.java:86)
	at org.testng.internal.Invoker.invokeMethod(Invoker.java:643)
	at org.testng.internal.Invoker.invokeTestMethod(Invoker.java:820)
	at org.testng.internal.Invoker.invokeTestMethods(Invoker.java:1128)
	at org.testng.internal.TestMethodWorker.invokeTestMethods(TestMethodWorker.java:129)
	at org.testng.internal.TestMethodWorker.run(TestMethodWorker.java:112)
	at org.testng.TestRunner.privateRun(TestRunner.java:782)
	at org.testng.TestRunner.run(TestRunner.java:632)
	at org.testng.SuiteRunner.runTest(SuiteRunner.java:366)
	at org.testng.SuiteRunner.runSequentially(SuiteRunner.java:361)
	at org.testng.SuiteRunner.privateRun(SuiteRunner.java:319)
	at org.testng.SuiteRunner.run(SuiteRunner.java:268)
	at org.testng.SuiteRunnerWorker.runSuite(SuiteRunnerWorker.java:52)
	at org.testng.SuiteRunnerWorker.run(SuiteRunnerWorker.java:86)
	at org.testng.TestNG.runSuitesSequentially(TestNG.java:1244)
	at org.testng.TestNG.runSuitesLocally(TestNG.java:1169)
	at org.testng.TestNG.run(TestNG.java:1064)
	at org.apache.maven.surefire.testng.TestNGExecutor.run(TestNGExecutor.java:77)
	at org.apache.maven.surefire.testng.TestNGDirectoryTestSuite.executeMulti(TestNGDirectoryTestSuite.java:159)
	at org.apache.maven.surefire.testng.TestNGDirectoryTestSuite.execute(TestNGDirectoryTestSuite.java:99)
	at org.apache.maven.surefire.testng.TestNGProvider.invoke(TestNGProvider.java:106)
	at sun.reflect.NativeMethodAccessorImpl.invoke0(Native Method)
	at sun.reflect.NativeMethodAccessorImpl.invoke(NativeMethodAccessorImpl.java:62)
	at sun.reflect.DelegatingMethodAccessorImpl.invoke(DelegatingMethodAccessorImpl.java:43)
	at java.lang.reflect.Method.invoke(Method.java:498)
	at org.apache.maven.surefire.util.ReflectionUtils.invokeMethodWithArray(ReflectionUtils.java:189)
	at org.apache.maven.surefire.booter.ProviderFactory$ProviderProxy.invoke(ProviderFactory.java:165)
	at org.apache.maven.surefire.booter.ProviderFactory.invokeProvider(ProviderFactory.java:85)
	at org.apache.maven.surefire.booter.ForkedBooter.runSuitesInProcess(ForkedBooter.java:115)
	at org.apache.maven.surefire.booter.ForkedBooter.main(ForkedBooter.java:75)
]]>
            </full-stacktrace>
          </exception> <!-- java.lang.AssertionError -->
          <reporter-output>
          </reporter-output>
        </test-method> <!-- labelValidationTest -->
        <test-method status="PASS" signature="quitBrowser()[pri:0, instance:com.selenium.thoughtworks.marsair.validation.validationTest@7823a2f9]" name="quitBrowser" is-config="true" duration-ms="1090" started-at="2016-07-17T18:42:57Z" finished-at="2016-07-17T18:42:58Z">
          <reporter-output>
          </reporter-output>
        </test-method> <!-- quitBrowser -->
        <test-method status="FAIL" signature="labelValidationTest(java.util.Hashtable)[pri:0, instance:com.selenium.thoughtworks.marsair.validation.validationTest@7823a2f9]" name="labelValidationTest" duration-ms="3465" started-at="2016-07-17T18:42:58Z" data-provider="FieldValidationDataProvider" finished-at="2016-07-17T18:43:01Z">
          <params>
            <param index="0">
              <value>
                <![CDATA[{TCResult=Fail, ExpectedLabel=Promo Code, LabelXpathFromPropertiesFile=popmocodeLabel_xpath, Runmode=Y, DefectId=1.0}]]>
              </value>
            </param>
          </params>
          <exception class="java.lang.AssertionError">
            <message>
              <![CDATA[Promo Code - Label not displayed correctly expected [true] but found [false]]]>
            </message>
            <full-stacktrace>
              <![CDATA[java.lang.AssertionError: Promo Code - Label not displayed correctly expected [true] but found [false]
	at org.testng.Assert.fail(Assert.java:94)
	at org.testng.Assert.failNotEquals(Assert.java:513)
	at org.testng.Assert.assertTrue(Assert.java:42)
	at com.selenium.thoughtworks.marsair.validation.validationTest.labelValidationTest(validationTest.java:48)
	at sun.reflect.NativeMethodAccessorImpl.invoke0(Native Method)
	at sun.reflect.NativeMethodAccessorImpl.invoke(NativeMethodAccessorImpl.java:62)
	at sun.reflect.DelegatingMethodAccessorImpl.invoke(DelegatingMethodAccessorImpl.java:43)
	at java.lang.reflect.Method.invoke(Method.java:498)
	at org.testng.internal.MethodInvocationHelper.invokeMethod(MethodInvocationHelper.java:86)
	at org.testng.internal.Invoker.invokeMethod(Invoker.java:643)
	at org.testng.internal.Invoker.invokeTestMethod(Invoker.java:820)
	at org.testng.internal.Invoker.invokeTestMethods(Invoker.java:1128)
	at org.testng.internal.TestMethodWorker.invokeTestMethods(TestMethodWorker.java:129)
	at org.testng.internal.TestMethodWorker.run(TestMethodWorker.java:112)
	at org.testng.TestRunner.privateRun(TestRunner.java:782)
	at org.testng.TestRunner.run(TestRunner.java:632)
	at org.testng.SuiteRunner.runTest(SuiteRunner.java:366)
	at org.testng.SuiteRunner.runSequentially(SuiteRunner.java:361)
	at org.testng.SuiteRunner.privateRun(SuiteRunner.java:319)
	at org.testng.SuiteRunner.run(SuiteRunner.java:268)
	at org.testng.SuiteRunnerWorker.runSuite(SuiteRunnerWorker.java:52)
	at org.testng.SuiteRunnerWorker.run(SuiteRunnerWorker.java:86)
	at org.testng.TestNG.runSuitesSequentially(TestNG.java:1244)
	at org.testng.TestNG.runSuitesLocally(TestNG.java:1169)
	at org.testng.TestNG.run(TestNG.java:1064)
	at org.apache.maven.surefire.testng.TestNGExecutor.run(TestNGExecutor.java:77)
	at org.apache.maven.surefire.testng.TestNGDirectoryTestSuite.executeMulti(TestNGDirectoryTestSuite.java:159)
	at org.apache.maven.surefire.testng.TestNGDirectoryTestSuite.execute(TestNGDirectoryTestSuite.java:99)
	at org.apache.maven.surefire.testng.TestNGProvider.invoke(TestNGProvider.java:106)
	at sun.reflect.NativeMethodAccessorImpl.invoke0(Native Method)
	at sun.reflect.NativeMethodAccessorImpl.invoke(NativeMethodAccessorImpl.java:62)
	at sun.reflect.DelegatingMethodAccessorImpl.invoke(DelegatingMethodAccessorImpl.java:43)
	at java.lang.reflect.Method.invoke(Method.java:498)
	at org.apache.maven.surefire.util.ReflectionUtils.invokeMethodWithArray(ReflectionUtils.java:189)
	at org.apache.maven.surefire.booter.ProviderFactory$ProviderProxy.invoke(ProviderFactory.java:165)
	at org.apache.maven.surefire.booter.ProviderFactory.invokeProvider(ProviderFactory.java:85)
	at org.apache.maven.surefire.booter.ForkedBooter.runSuitesInProcess(ForkedBooter.java:115)
	at org.apache.maven.surefire.booter.ForkedBooter.main(ForkedBooter.java:75)
]]>
            </full-stacktrace>
          </exception> <!-- java.lang.AssertionError -->
          <reporter-output>
          </reporter-output>
        </test-method> <!-- labelValidationTest -->
        <test-method status="PASS" signature="quitBrowser()[pri:0, instance:com.selenium.thoughtworks.marsair.validation.validationTest@7823a2f9]" name="quitBrowser" is-config="true" duration-ms="1103" started-at="2016-07-17T18:43:01Z" finished-at="2016-07-17T18:43:03Z">
          <reporter-output>
          </reporter-output>
        </test-method> <!-- quitBrowser -->
        <test-method status="PASS" signature="linkNavigateToHomePageTest(java.util.Hashtable)[pri:0, instance:com.selenium.thoughtworks.marsair.validation.validationTest@7823a2f9]" name="linkNavigateToHomePageTest" duration-ms="34526" started-at="2016-07-17T18:43:03Z" data-provider="FieldValidationDataProvider" finished-at="2016-07-17T18:43:37Z">
          <params>
            <param index="0">
              <value>
                <![CDATA[{TCResult=Pass, linksXpathFromPropertiesFile=marsAirLogo_xpath, Runmode=Y, DefectId=, Links=MarsAir Logo Link}]]>
              </value>
            </param>
          </params>
          <reporter-output>
          </reporter-output>
        </test-method> <!-- linkNavigateToHomePageTest -->
        <test-method status="PASS" signature="quitBrowser()[pri:0, instance:com.selenium.thoughtworks.marsair.validation.validationTest@7823a2f9]" name="quitBrowser" is-config="true" duration-ms="1198" started-at="2016-07-17T18:43:37Z" finished-at="2016-07-17T18:43:38Z">
          <reporter-output>
          </reporter-output>
        </test-method> <!-- quitBrowser -->
        <test-method status="FAIL" signature="linkNavigateToHomePageTest(java.util.Hashtable)[pri:0, instance:com.selenium.thoughtworks.marsair.validation.validationTest@7823a2f9]" name="linkNavigateToHomePageTest" duration-ms="33936" started-at="2016-07-17T18:43:38Z" data-provider="FieldValidationDataProvider" finished-at="2016-07-17T18:44:12Z">
          <params>
            <param index="0">
              <value>
                <![CDATA[{TCResult=Fail, linksXpathFromPropertiesFile=bookTicketToRedPlanet_xpath, Runmode=Y, DefectId=2.0, Links="Book a ticket to the red planet now!" link}]]>
              </value>
            </param>
          </params>
          <exception class="java.lang.AssertionError">
            <message>
              <![CDATA["Book a ticket to the red planet now!" link is not present on search results page expected [true] but found [false]]]>
            </message>
            <full-stacktrace>
              <![CDATA[java.lang.AssertionError: "Book a ticket to the red planet now!" link is not present on search results page expected [true] but found [false]
	at org.testng.Assert.fail(Assert.java:94)
	at org.testng.Assert.failNotEquals(Assert.java:513)
	at org.testng.Assert.assertTrue(Assert.java:42)
	at com.selenium.thoughtworks.marsair.validation.validationTest.linkNavigateToHomePageTest(validationTest.java:62)
	at sun.reflect.NativeMethodAccessorImpl.invoke0(Native Method)
	at sun.reflect.NativeMethodAccessorImpl.invoke(NativeMethodAccessorImpl.java:62)
	at sun.reflect.DelegatingMethodAccessorImpl.invoke(DelegatingMethodAccessorImpl.java:43)
	at java.lang.reflect.Method.invoke(Method.java:498)
	at org.testng.internal.MethodInvocationHelper.invokeMethod(MethodInvocationHelper.java:86)
	at org.testng.internal.Invoker.invokeMethod(Invoker.java:643)
	at org.testng.internal.Invoker.invokeTestMethod(Invoker.java:820)
	at org.testng.internal.Invoker.invokeTestMethods(Invoker.java:1128)
	at org.testng.internal.TestMethodWorker.invokeTestMethods(TestMethodWorker.java:129)
	at org.testng.internal.TestMethodWorker.run(TestMethodWorker.java:112)
	at org.testng.TestRunner.privateRun(TestRunner.java:782)
	at org.testng.TestRunner.run(TestRunner.java:632)
	at org.testng.SuiteRunner.runTest(SuiteRunner.java:366)
	at org.testng.SuiteRunner.runSequentially(SuiteRunner.java:361)
	at org.testng.SuiteRunner.privateRun(SuiteRunner.java:319)
	at org.testng.SuiteRunner.run(SuiteRunner.java:268)
	at org.testng.SuiteRunnerWorker.runSuite(SuiteRunnerWorker.java:52)
	at org.testng.SuiteRunnerWorker.run(SuiteRunnerWorker.java:86)
	at org.testng.TestNG.runSuitesSequentially(TestNG.java:1244)
	at org.testng.TestNG.runSuitesLocally(TestNG.java:1169)
	at org.testng.TestNG.run(TestNG.java:1064)
	at org.apache.maven.surefire.testng.TestNGExecutor.run(TestNGExecutor.java:77)
	at org.apache.maven.surefire.testng.TestNGDirectoryTestSuite.executeMulti(TestNGDirectoryTestSuite.java:159)
	at org.apache.maven.surefire.testng.TestNGDirectoryTestSuite.execute(TestNGDirectoryTestSuite.java:99)
	at org.apache.maven.surefire.testng.TestNGProvider.invoke(TestNGProvider.java:106)
	at sun.reflect.NativeMethodAccessorImpl.invoke0(Native Method)
	at sun.reflect.NativeMethodAccessorImpl.invoke(NativeMethodAccessorImpl.java:62)
	at sun.reflect.DelegatingMethodAccessorImpl.invoke(DelegatingMethodAccessorImpl.java:43)
	at java.lang.reflect.Method.invoke(Method.java:498)
	at org.apache.maven.surefire.util.ReflectionUtils.invokeMethodWithArray(ReflectionUtils.java:189)
	at org.apache.maven.surefire.booter.ProviderFactory$ProviderProxy.invoke(ProviderFactory.java:165)
	at org.apache.maven.surefire.booter.ProviderFactory.invokeProvider(ProviderFactory.java:85)
	at org.apache.maven.surefire.booter.ForkedBooter.runSuitesInProcess(ForkedBooter.java:115)
	at org.apache.maven.surefire.booter.ForkedBooter.main(ForkedBooter.java:75)
]]>
            </full-stacktrace>
          </exception> <!-- java.lang.AssertionError -->
          <reporter-output>
          </reporter-output>
        </test-method> <!-- linkNavigateToHomePageTest -->
        <test-method status="PASS" signature="quitBrowser()[pri:0, instance:com.selenium.thoughtworks.marsair.validation.validationTest@7823a2f9]" name="quitBrowser" is-config="true" duration-ms="1152" started-at="2016-07-17T18:44:12Z" finished-at="2016-07-17T18:44:13Z">
          <reporter-output>
          </reporter-output>
        </test-method> <!-- quitBrowser -->
      </class> <!-- com.selenium.thoughtworks.marsair.validation.validationTest -->
    </test> <!-- Command line test -->
  </suite> <!-- Command line suite -->
</testng-results>
