<!DOCTYPE html PUBLIC "-//W3C//DTD XHTML 1.1//EN" "http://www.w3.org/TR/xhtml11/DTD/xhtml11.dtd">
<html xmlns="http://www.w3.org/1999/xhtml"><head><title>TestNG Report</title><style type="text/css">table {margin-bottom:10px;border-collapse:collapse;empty-cells:show}th,td {border:1px solid #009;padding:.25em .5em}th {vertical-align:bottom}td {vertical-align:top}table a {font-weight:bold}.stripe td {background-color: #E6EBF9}.num {text-align:right}.passedodd td {background-color: #3F3}.passedeven td {background-color: #0A0}.skippedodd td {background-color: #DDD}.skippedeven td {background-color: #CCC}.failedodd td,.attn {background-color: #F33}.failedeven td,.stripe .attn {background-color: #D00}.stacktrace {white-space:pre;font-family:monospace}.totop {font-size:85%;text-align:center;border-bottom:2px solid #000}</style></head><body><table><tr><th>Test</th><th># Passed</th><th># Skipped</th><th># Failed</th><th>Time (ms)</th><th>Included Groups</th><th>Excluded Groups</th></tr><tr><th colspan="7">ValidationTest</th></tr><tr><td><a href="#t0">Validating editable fields</a></td><td class="num">0</td><td class="num attn">11</td><td class="num">0</td><td class="num">510</td><td></td><td></td></tr><tr><th colspan="7">TicketBooking</th></tr><tr class="stripe"><td><a href="#t1">Ticket booking Test</a></td><td class="num">1</td><td class="num attn">6</td><td class="num">0</td><td class="num">15,643</td><td></td><td></td></tr><tr><th colspan="7">My Project</th></tr><tr><th>Total</th><th class="num">1</th><th class="num attn">17</th><th class="num">0</th><th class="num">16,153</th><th colspan="2"></th></tr></table><table><thead><tr><th>Class</th><th>Method</th><th>Start</th><th>Time (ms)</th></tr></thead><tbody><tr><th colspan="4">ValidationTest</th></tr></tbody><tbody id="t0"><tr><th colspan="4">Validating editable fields &#8212; skipped</th></tr><tr class="skippedeven"><td rowspan="11">com.selenium.thoughtworks.marsair.validation.validationTest</td><td><a href="#m0">dropdownValidationTest</a></td><td rowspan="2">1468934408205</td><td rowspan="2">22</td></tr><tr class="skippedeven"><td><a href="#m1">dropdownValidationTest</a></td></tr><tr class="skippedeven"><td><a href="#m2">fieldValidationTest</a></td><td rowspan="4">1468934408307</td><td rowspan="4">32</td></tr><tr class="skippedeven"><td><a href="#m3">fieldValidationTest</a></td></tr><tr class="skippedeven"><td><a href="#m4">fieldValidationTest</a></td></tr><tr class="skippedeven"><td><a href="#m5">fieldValidationTest</a></td></tr><tr class="skippedeven"><td><a href="#m6">labelValidationTest</a></td><td rowspan="3">1468934408496</td><td rowspan="3">30</td></tr><tr class="skippedeven"><td><a href="#m7">labelValidationTest</a></td></tr><tr class="skippedeven"><td><a href="#m8">labelValidationTest</a></td></tr><tr class="skippedeven"><td><a href="#m9">linkNavigateToHomePageTest</a></td><td rowspan="2">1468934408584</td><td rowspan="2">66</td></tr><tr class="skippedeven"><td><a href="#m10">linkNavigateToHomePageTest</a></td></tr></tbody><tbody><tr><th colspan="4">TicketBooking</th></tr></tbody><tbody id="t1"><tr><th colspan="4">Ticket booking Test &#8212; skipped</th></tr><tr class="skippedeven"><td rowspan="6">com.selenium.thoughtworks.marsair.bookticket.TicketBookingTest</td><td><a href="#m11">ticketBookingTest</a></td><td rowspan="6">1468934408022</td><td rowspan="6">23</td></tr><tr class="skippedeven"><td><a href="#m12">ticketBookingTest</a></td></tr><tr class="skippedeven"><td><a href="#m13">ticketBookingTest</a></td></tr><tr class="skippedeven"><td><a href="#m14">ticketBookingTest</a></td></tr><tr class="skippedeven"><td><a href="#m15">ticketBookingTest</a></td></tr><tr class="skippedeven"><td><a href="#m16">ticketBookingTest</a></td></tr><tr><th colspan="4">Ticket booking Test &#8212; passed</th></tr><tr class="passedeven"><td rowspan="1">com.selenium.thoughtworks.marsair.bookticket.TicketBookingTest</td><td><a href="#m17">ticketBookingTest</a></td><td rowspan="1">1468934392904</td><td rowspan="1">13405</td></tr></tbody><tbody><tr><th colspan="4">My Project</th></tr></tbody></table><h2>Validating editable fields</h2><h3 id="m0">com.selenium.thoughtworks.marsair.validation.validationTest#dropdownValidationTest</h3><table class="result"><tr class="param"><th>Parameter #1</th></tr><tr class="param stripe"><td>{TCResult=Pass, DropdownXpathFromPropertiesFile=DepartureDropdownValues_xpath, Runmode=Y, DefectId=}</td></tr><tr><th>Exception</th></tr><tr><td><div class="stacktrace">org.testng.SkipException: false dataset -&gt; true suite -&gt; false testcase -&gt; trueskipping the test dropdownValidationTest from suite FieldValidation
	at com.selenium.thoughtworks.marsair.datadriven.TestBase.validateRunmode(TestBase.java:55)
	at com.selenium.thoughtworks.marsair.validation.validationTest.dropdownValidationTest(validationTest.java:33)
... Removed 25 stack frames</div></td></tr></table><p class="totop"><a href="#summary">back to summary</a></p><h3 id="m1">com.selenium.thoughtworks.marsair.validation.validationTest#dropdownValidationTest</h3><table class="result"><tr class="param"><th>Parameter #1</th></tr><tr class="param stripe"><td>{TCResult=Pass, DropdownXpathFromPropertiesFile=ReturnDropdownValues_xpath, Runmode=Y, DefectId=}</td></tr><tr><th>Exception</th></tr><tr><td><div class="stacktrace">org.testng.SkipException: false dataset -&gt; true suite -&gt; false testcase -&gt; trueskipping the test dropdownValidationTest from suite FieldValidation
	at com.selenium.thoughtworks.marsair.datadriven.TestBase.validateRunmode(TestBase.java:55)
	at com.selenium.thoughtworks.marsair.validation.validationTest.dropdownValidationTest(validationTest.java:33)
... Removed 25 stack frames</div></td></tr></table><p class="totop"><a href="#summary">back to summary</a></p><h3 id="m2">com.selenium.thoughtworks.marsair.validation.validationTest#fieldValidationTest</h3><table class="result"><tr class="param"><th>Parameter #1</th></tr><tr class="param stripe"><td>{TCResult=Pass, Runmode=Y, DefectId=, FieldXpathFromPropertiesFile=ReturnDropdown_xpath}</td></tr><tr><th>Exception</th></tr><tr><td><div class="stacktrace">org.testng.SkipException: false dataset -&gt; true suite -&gt; false testcase -&gt; trueskipping the test fieldValidationTest from suite FieldValidation
	at com.selenium.thoughtworks.marsair.datadriven.TestBase.validateRunmode(TestBase.java:55)
	at com.selenium.thoughtworks.marsair.validation.validationTest.fieldValidationTest(validationTest.java:20)
... Removed 25 stack frames</div></td></tr></table><p class="totop"><a href="#summary">back to summary</a></p><h3 id="m3">com.selenium.thoughtworks.marsair.validation.validationTest#fieldValidationTest</h3><table class="result"><tr class="param"><th>Parameter #1</th></tr><tr class="param stripe"><td>{TCResult=Pass, Runmode=Y, DefectId=, FieldXpathFromPropertiesFile=PromoCodeField_xpath}</td></tr><tr><th>Exception</th></tr><tr><td><div class="stacktrace">org.testng.SkipException: false dataset -&gt; true suite -&gt; false testcase -&gt; trueskipping the test fieldValidationTest from suite FieldValidation
	at com.selenium.thoughtworks.marsair.datadriven.TestBase.validateRunmode(TestBase.java:55)
	at com.selenium.thoughtworks.marsair.validation.validationTest.fieldValidationTest(validationTest.java:20)
... Removed 25 stack frames</div></td></tr></table><p class="totop"><a href="#summary">back to summary</a></p><h3 id="m4">com.selenium.thoughtworks.marsair.validation.validationTest#fieldValidationTest</h3><table class="result"><tr class="param"><th>Parameter #1</th></tr><tr class="param stripe"><td>{TCResult=Pass, Runmode=Y, DefectId=, FieldXpathFromPropertiesFile=DepartureDropdown_xpath}</td></tr><tr><th>Exception</th></tr><tr><td><div class="stacktrace">org.testng.SkipException: false dataset -&gt; true suite -&gt; false testcase -&gt; trueskipping the test fieldValidationTest from suite FieldValidation
	at com.selenium.thoughtworks.marsair.datadriven.TestBase.validateRunmode(TestBase.java:55)
	at com.selenium.thoughtworks.marsair.validation.validationTest.fieldValidationTest(validationTest.java:20)
... Removed 25 stack frames</div></td></tr></table><p class="totop"><a href="#summary">back to summary</a></p><h3 id="m5">com.selenium.thoughtworks.marsair.validation.validationTest#fieldValidationTest</h3><table class="result"><tr class="param"><th>Parameter #1</th></tr><tr class="param stripe"><td>{TCResult=Pass, Runmode=Y, DefectId=, FieldXpathFromPropertiesFile=LoginPgSearchBtn_xpath}</td></tr><tr><th>Exception</th></tr><tr><td><div class="stacktrace">org.testng.SkipException: false dataset -&gt; true suite -&gt; false testcase -&gt; trueskipping the test fieldValidationTest from suite FieldValidation
	at com.selenium.thoughtworks.marsair.datadriven.TestBase.validateRunmode(TestBase.java:55)
	at com.selenium.thoughtworks.marsair.validation.validationTest.fieldValidationTest(validationTest.java:20)
... Removed 25 stack frames</div></td></tr></table><p class="totop"><a href="#summary">back to summary</a></p><h3 id="m6">com.selenium.thoughtworks.marsair.validation.validationTest#labelValidationTest</h3><table class="result"><tr class="param"><th>Parameter #1</th></tr><tr class="param stripe"><td>{TCResult=Fail, ExpectedLabel=Arrival, LabelXpathFromPropertiesFile=returnLabel_xpath, Runmode=Y, DefectId=1.0}</td></tr><tr><th>Exception</th></tr><tr><td><div class="stacktrace">org.testng.SkipException: false dataset -&gt; true suite -&gt; false testcase -&gt; trueskipping the test labelValidationTest from suite FieldValidation
	at com.selenium.thoughtworks.marsair.datadriven.TestBase.validateRunmode(TestBase.java:55)
	at com.selenium.thoughtworks.marsair.validation.validationTest.labelValidationTest(validationTest.java:44)
... Removed 25 stack frames</div></td></tr></table><p class="totop"><a href="#summary">back to summary</a></p><h3 id="m7">com.selenium.thoughtworks.marsair.validation.validationTest#labelValidationTest</h3><table class="result"><tr class="param"><th>Parameter #1</th></tr><tr class="param stripe"><td>{TCResult=Fail, ExpectedLabel=Departure, LabelXpathFromPropertiesFile=departureLabel_xpath, Runmode=Y, DefectId=1.0}</td></tr><tr><th>Exception</th></tr><tr><td><div class="stacktrace">org.testng.SkipException: false dataset -&gt; true suite -&gt; false testcase -&gt; trueskipping the test labelValidationTest from suite FieldValidation
	at com.selenium.thoughtworks.marsair.datadriven.TestBase.validateRunmode(TestBase.java:55)
	at com.selenium.thoughtworks.marsair.validation.validationTest.labelValidationTest(validationTest.java:44)
... Removed 25 stack frames</div></td></tr></table><p class="totop"><a href="#summary">back to summary</a></p><h3 id="m8">com.selenium.thoughtworks.marsair.validation.validationTest#labelValidationTest</h3><table class="result"><tr class="param"><th>Parameter #1</th></tr><tr class="param stripe"><td>{TCResult=Fail, ExpectedLabel=Promo Code, LabelXpathFromPropertiesFile=popmocodeLabel_xpath, Runmode=Y, DefectId=1.0}</td></tr><tr><th>Exception</th></tr><tr><td><div class="stacktrace">org.testng.SkipException: false dataset -&gt; true suite -&gt; false testcase -&gt; trueskipping the test labelValidationTest from suite FieldValidation
	at com.selenium.thoughtworks.marsair.datadriven.TestBase.validateRunmode(TestBase.java:55)
	at com.selenium.thoughtworks.marsair.validation.validationTest.labelValidationTest(validationTest.java:44)
... Removed 25 stack frames</div></td></tr></table><p class="totop"><a href="#summary">back to summary</a></p><h3 id="m9">com.selenium.thoughtworks.marsair.validation.validationTest#linkNavigateToHomePageTest</h3><table class="result"><tr class="param"><th>Parameter #1</th></tr><tr class="param stripe"><td>{TCResult=Fail, linksXpathFromPropertiesFile=bookTicketToRedPlanet_xpath, Runmode=Y, DefectId=2.0, Links=&quot;Book a ticket to the red planet now!&quot; link}</td></tr><tr><th>Exception</th></tr><tr><td><div class="stacktrace">org.testng.SkipException: false dataset -&gt; true suite -&gt; false testcase -&gt; trueskipping the test linkNavigateToHomePageTest from suite FieldValidation
	at com.selenium.thoughtworks.marsair.datadriven.TestBase.validateRunmode(TestBase.java:55)
	at com.selenium.thoughtworks.marsair.validation.validationTest.linkNavigateToHomePageTest(validationTest.java:56)
... Removed 25 stack frames</div></td></tr></table><p class="totop"><a href="#summary">back to summary</a></p><h3 id="m10">com.selenium.thoughtworks.marsair.validation.validationTest#linkNavigateToHomePageTest</h3><table class="result"><tr class="param"><th>Parameter #1</th></tr><tr class="param stripe"><td>{TCResult=Pass, linksXpathFromPropertiesFile=marsAirLogo_xpath, Runmode=Y, DefectId=, Links=MarsAir Logo Link}</td></tr><tr><th>Exception</th></tr><tr><td><div class="stacktrace">org.testng.SkipException: false dataset -&gt; true suite -&gt; false testcase -&gt; trueskipping the test linkNavigateToHomePageTest from suite FieldValidation
	at com.selenium.thoughtworks.marsair.datadriven.TestBase.validateRunmode(TestBase.java:55)
	at com.selenium.thoughtworks.marsair.validation.validationTest.linkNavigateToHomePageTest(validationTest.java:56)
... Removed 25 stack frames</div></td></tr></table><p class="totop"><a href="#summary">back to summary</a></p><h2>Ticket booking Test</h2><h3 id="m11">com.selenium.thoughtworks.marsair.bookticket.TicketBookingTest#ticketBookingTest</h3><table class="result"><tr class="param"><th>Parameter #1</th></tr><tr class="param stripe"><td>{TCResult=Fail, PromotionalCode=JJ1-OPQ-540, Data Description=valid promo code not accepted, DepartureDate=July, Runmode=N, DefectId=4, ReturnDate=December (two years from now), Browser=chrome}</td></tr><tr><th>Exception</th></tr><tr><td><div class="stacktrace">org.testng.SkipException: false dataset -&gt; false suite -&gt; true testcase -&gt; trueskipping the test ticketBookingTest from suite TicketBooking
	at com.selenium.thoughtworks.marsair.datadriven.TestBase.validateRunmode(TestBase.java:55)
	at com.selenium.thoughtworks.marsair.bookticket.TicketBookingTest.ticketBookingTest(TicketBookingTest.java:18)
... Removed 25 stack frames</div></td></tr></table><p class="totop"><a href="#summary">back to summary</a></p><h3 id="m12">com.selenium.thoughtworks.marsair.bookticket.TicketBookingTest#ticketBookingTest</h3><table class="result"><tr class="param"><th>Parameter #1</th></tr><tr class="param stripe"><td>{TCResult=Pass, PromotionalCode=AF3-FJK-418, Data Description=seats not available with promo code; message dislayed is checked, DepartureDate=July, Runmode=N, DefectId=, ReturnDate=December (next year), Browser=chrome}</td></tr><tr><th>Exception</th></tr><tr><td><div class="stacktrace">org.testng.SkipException: false dataset -&gt; false suite -&gt; true testcase -&gt; trueskipping the test ticketBookingTest from suite TicketBooking
	at com.selenium.thoughtworks.marsair.datadriven.TestBase.validateRunmode(TestBase.java:55)
	at com.selenium.thoughtworks.marsair.bookticket.TicketBookingTest.ticketBookingTest(TicketBookingTest.java:18)
... Removed 25 stack frames</div></td></tr></table><p class="totop"><a href="#summary">back to summary</a></p><h3 id="m13">com.selenium.thoughtworks.marsair.bookticket.TicketBookingTest#ticketBookingTest</h3><table class="result"><tr class="param"><th>Parameter #1</th></tr><tr class="param stripe"><td>{TCResult=Pass, PromotionalCode=AF3-FJK-419, Data Description=invalid promocode; error message is checked, DepartureDate=July, Runmode=N, DefectId=, ReturnDate=December (two years from now), Browser=Mozilla}</td></tr><tr><th>Exception</th></tr><tr><td><div class="stacktrace">org.testng.SkipException: false dataset -&gt; false suite -&gt; true testcase -&gt; trueskipping the test ticketBookingTest from suite TicketBooking
	at com.selenium.thoughtworks.marsair.datadriven.TestBase.validateRunmode(TestBase.java:55)
	at com.selenium.thoughtworks.marsair.bookticket.TicketBookingTest.ticketBookingTest(TicketBookingTest.java:18)
... Removed 25 stack frames</div></td></tr></table><p class="totop"><a href="#summary">back to summary</a></p><h3 id="m14">com.selenium.thoughtworks.marsair.bookticket.TicketBookingTest#ticketBookingTest</h3><table class="result"><tr class="param"><th>Parameter #1</th></tr><tr class="param stripe"><td>{TCResult=Pass, PromotionalCode=AF3-FJK-418, Data Description=valid Promocode; message is checked, DepartureDate=July, Runmode=N, DefectId=, ReturnDate=December (two years from now), Browser=chrome}</td></tr><tr><th>Exception</th></tr><tr><td><div class="stacktrace">org.testng.SkipException: false dataset -&gt; false suite -&gt; true testcase -&gt; trueskipping the test ticketBookingTest from suite TicketBooking
	at com.selenium.thoughtworks.marsair.datadriven.TestBase.validateRunmode(TestBase.java:55)
	at com.selenium.thoughtworks.marsair.bookticket.TicketBookingTest.ticketBookingTest(TicketBookingTest.java:18)
... Removed 25 stack frames</div></td></tr></table><p class="totop"><a href="#summary">back to summary</a></p><h3 id="m15">com.selenium.thoughtworks.marsair.bookticket.TicketBookingTest#ticketBookingTest</h3><table class="result"><tr class="param"><th>Parameter #1</th></tr><tr class="param stripe"><td>{TCResult=Pass, PromotionalCode=, Data Description=seats not available without promo code; message dislayed is checked, DepartureDate=July, Runmode=N, DefectId=, ReturnDate=December (next year), Browser=chrome}</td></tr><tr><th>Exception</th></tr><tr><td><div class="stacktrace">org.testng.SkipException: false dataset -&gt; false suite -&gt; true testcase -&gt; trueskipping the test ticketBookingTest from suite TicketBooking
	at com.selenium.thoughtworks.marsair.datadriven.TestBase.validateRunmode(TestBase.java:55)
	at com.selenium.thoughtworks.marsair.bookticket.TicketBookingTest.ticketBookingTest(TicketBookingTest.java:18)
... Removed 25 stack frames</div></td></tr></table><p class="totop"><a href="#summary">back to summary</a></p><h3 id="m16">com.selenium.thoughtworks.marsair.bookticket.TicketBookingTest#ticketBookingTest</h3><table class="result"><tr class="param"><th>Parameter #1</th></tr><tr class="param stripe"><td>{TCResult=Pass, PromotionalCode=, Data Description=schedule not possible; message dislayed is checked, DepartureDate=July, Runmode=N, DefectId=, ReturnDate=December, Browser=chrome}</td></tr><tr><th>Exception</th></tr><tr><td><div class="stacktrace">org.testng.SkipException: false dataset -&gt; false suite -&gt; true testcase -&gt; trueskipping the test ticketBookingTest from suite TicketBooking
	at com.selenium.thoughtworks.marsair.datadriven.TestBase.validateRunmode(TestBase.java:55)
	at com.selenium.thoughtworks.marsair.bookticket.TicketBookingTest.ticketBookingTest(TicketBookingTest.java:18)
... Removed 25 stack frames</div></td></tr></table><p class="totop"><a href="#summary">back to summary</a></p><h3 id="m17">com.selenium.thoughtworks.marsair.bookticket.TicketBookingTest#ticketBookingTest</h3><table class="result"><tr class="param"><th>Parameter #1</th></tr><tr class="param stripe"><td>{TCResult=Pass, PromotionalCode=, Data Description=valid successful search where seats availabe message is displayed, DepartureDate=July, Runmode=Y, DefectId=, ReturnDate=December (two years from now), Browser=Mozilla}</td></tr></table><p class="totop"><a href="#summary">back to summary</a></p></body></html>