<?xml version="1.0" encoding="UTF-8"?>
<testng-results skipped="17" failed="0" total="18" passed="1">
  <reporter-output>
  </reporter-output>
  <suite name="ValidationTest" duration-ms="510" started-at="2016-07-19T13:20:08Z" finished-at="2016-07-19T13:20:08Z">
    <groups>
    </groups>
    <test name="Validating editable fields" duration-ms="510" started-at="2016-07-19T13:20:08Z" finished-at="2016-07-19T13:20:08Z">
      <class name="com.selenium.thoughtworks.marsair.validation.validationTest">
        <test-method status="SKIP" signature="dropdownValidationTest(java.util.Hashtable)[pri:0, instance:com.selenium.thoughtworks.marsair.validation.validationTest@18eed359]" name="dropdownValidationTest" duration-ms="22" started-at="2016-07-19T14:20:08Z" data-provider="FieldValidationDataProvider" finished-at="2016-07-19T14:20:08Z">
          <params>
            <param index="0">
              <value>
                <![CDATA[{TCResult=Pass, DropdownXpathFromPropertiesFile=DepartureDropdownValues_xpath, Runmode=Y, DefectId=}]]>
              </value>
            </param>
          </params>
          <exception class="org.testng.SkipException">
            <message>
              <![CDATA[false dataset -> true suite -> false testcase -> trueskipping the test dropdownValidationTest from suite FieldValidation]]>
            </message>
            <full-stacktrace>
              <![CDATA[org.testng.SkipException: false dataset -> true suite -> false testcase -> trueskipping the test dropdownValidationTest from suite FieldValidation
	at com.selenium.thoughtworks.marsair.datadriven.TestBase.validateRunmode(TestBase.java:55)
	at com.selenium.thoughtworks.marsair.validation.validationTest.dropdownValidationTest(validationTest.java:33)
	at sun.reflect.NativeMethodAccessorImpl.invoke0(Native Method)
	at sun.reflect.NativeMethodAccessorImpl.invoke(Unknown Source)
	at sun.reflect.DelegatingMethodAccessorImpl.invoke(Unknown Source)
	at java.lang.reflect.Method.invoke(Unknown Source)
	at org.testng.internal.MethodInvocationHelper.invokeMethod(MethodInvocationHelper.java:86)
	at org.testng.internal.Invoker.invokeMethod(Invoker.java:643)
	at org.testng.internal.Invoker.invokeTestMethod(Invoker.java:820)
	at org.testng.internal.Invoker.invokeTestMethods(Invoker.java:1128)
	at org.testng.internal.TestMethodWorker.invokeTestMethods(TestMethodWorker.java:129)
	at org.testng.internal.TestMethodWorker.run(TestMethodWorker.java:112)
	at org.testng.TestRunner.privateRun(TestRunner.java:782)
	at org.testng.TestRunner.run(TestRunner.java:632)
	at org.testng.SuiteRunner.runTest(SuiteRunner.java:366)
	at org.testng.SuiteRunner.runSequentially(SuiteRunner.java:361)
	at org.testng.SuiteRunner.privateRun(SuiteRunner.java:319)
	at org.testng.SuiteRunner.run(SuiteRunner.java:268)
	at org.testng.SuiteRunnerWorker.runSuite(SuiteRunnerWorker.java:52)
	at org.testng.SuiteRunnerWorker.run(SuiteRunnerWorker.java:86)
	at org.testng.TestNG.runSuitesSequentially(TestNG.java:1244)
	at org.testng.TestNG.runSuitesSequentially(TestNG.java:1240)
	at org.testng.TestNG.runSuitesLocally(TestNG.java:1169)
	at org.testng.TestNG.run(TestNG.java:1064)
	at org.testng.remote.AbstractRemoteTestNG.run(AbstractRemoteTestNG.java:126)
	at org.testng.remote.RemoteTestNG.initAndRun(RemoteTestNG.java:137)
	at org.testng.remote.RemoteTestNG.main(RemoteTestNG.java:58)
]]>
            </full-stacktrace>
          </exception> <!-- org.testng.SkipException -->
          <reporter-output>
          </reporter-output>
        </test-method> <!-- dropdownValidationTest -->
        <test-method status="PASS" signature="quitBrowser()[pri:0, instance:com.selenium.thoughtworks.marsair.validation.validationTest@18eed359]" name="quitBrowser" is-config="true" duration-ms="1" started-at="2016-07-19T14:20:08Z" finished-at="2016-07-19T14:20:08Z">
          <reporter-output>
          </reporter-output>
        </test-method> <!-- quitBrowser -->
        <test-method status="SKIP" signature="dropdownValidationTest(java.util.Hashtable)[pri:0, instance:com.selenium.thoughtworks.marsair.validation.validationTest@18eed359]" name="dropdownValidationTest" duration-ms="12" started-at="2016-07-19T14:20:08Z" data-provider="FieldValidationDataProvider" finished-at="2016-07-19T14:20:08Z">
          <params>
            <param index="0">
              <value>
                <![CDATA[{TCResult=Pass, DropdownXpathFromPropertiesFile=ReturnDropdownValues_xpath, Runmode=Y, DefectId=}]]>
              </value>
            </param>
          </params>
          <exception class="org.testng.SkipException">
            <message>
              <![CDATA[false dataset -> true suite -> false testcase -> trueskipping the test dropdownValidationTest from suite FieldValidation]]>
            </message>
            <full-stacktrace>
              <![CDATA[org.testng.SkipException: false dataset -> true suite -> false testcase -> trueskipping the test dropdownValidationTest from suite FieldValidation
	at com.selenium.thoughtworks.marsair.datadriven.TestBase.validateRunmode(TestBase.java:55)
	at com.selenium.thoughtworks.marsair.validation.validationTest.dropdownValidationTest(validationTest.java:33)
	at sun.reflect.NativeMethodAccessorImpl.invoke0(Native Method)
	at sun.reflect.NativeMethodAccessorImpl.invoke(Unknown Source)
	at sun.reflect.DelegatingMethodAccessorImpl.invoke(Unknown Source)
	at java.lang.reflect.Method.invoke(Unknown Source)
	at org.testng.internal.MethodInvocationHelper.invokeMethod(MethodInvocationHelper.java:86)
	at org.testng.internal.Invoker.invokeMethod(Invoker.java:643)
	at org.testng.internal.Invoker.invokeTestMethod(Invoker.java:820)
	at org.testng.internal.Invoker.invokeTestMethods(Invoker.java:1128)
	at org.testng.internal.TestMethodWorker.invokeTestMethods(TestMethodWorker.java:129)
	at org.testng.internal.TestMethodWorker.run(TestMethodWorker.java:112)
	at org.testng.TestRunner.privateRun(TestRunner.java:782)
	at org.testng.TestRunner.run(TestRunner.java:632)
	at org.testng.SuiteRunner.runTest(SuiteRunner.java:366)
	at org.testng.SuiteRunner.runSequentially(SuiteRunner.java:361)
	at org.testng.SuiteRunner.privateRun(SuiteRunner.java:319)
	at org.testng.SuiteRunner.run(SuiteRunner.java:268)
	at org.testng.SuiteRunnerWorker.runSuite(SuiteRunnerWorker.java:52)
	at org.testng.SuiteRunnerWorker.run(SuiteRunnerWorker.java:86)
	at org.testng.TestNG.runSuitesSequentially(TestNG.java:1244)
	at org.testng.TestNG.runSuitesSequentially(TestNG.java:1240)
	at org.testng.TestNG.runSuitesLocally(TestNG.java:1169)
	at org.testng.TestNG.run(TestNG.java:1064)
	at org.testng.remote.AbstractRemoteTestNG.run(AbstractRemoteTestNG.java:126)
	at org.testng.remote.RemoteTestNG.initAndRun(RemoteTestNG.java:137)
	at org.testng.remote.RemoteTestNG.main(RemoteTestNG.java:58)
]]>
            </full-stacktrace>
          </exception> <!-- org.testng.SkipException -->
          <reporter-output>
          </reporter-output>
        </test-method> <!-- dropdownValidationTest -->
        <test-method status="PASS" signature="quitBrowser()[pri:0, instance:com.selenium.thoughtworks.marsair.validation.validationTest@18eed359]" name="quitBrowser" is-config="true" duration-ms="0" started-at="2016-07-19T14:20:08Z" finished-at="2016-07-19T14:20:08Z">
          <reporter-output>
          </reporter-output>
        </test-method> <!-- quitBrowser -->
        <test-method status="SKIP" signature="fieldValidationTest(java.util.Hashtable)[pri:0, instance:com.selenium.thoughtworks.marsair.validation.validationTest@18eed359]" name="fieldValidationTest" duration-ms="20" started-at="2016-07-19T14:20:08Z" data-provider="FieldValidationDataProvider" finished-at="2016-07-19T14:20:08Z">
          <params>
            <param index="0">
              <value>
                <![CDATA[{TCResult=Pass, Runmode=Y, DefectId=, FieldXpathFromPropertiesFile=DepartureDropdown_xpath}]]>
              </value>
            </param>
          </params>
          <exception class="org.testng.SkipException">
            <message>
              <![CDATA[false dataset -> true suite -> false testcase -> trueskipping the test fieldValidationTest from suite FieldValidation]]>
            </message>
            <full-stacktrace>
              <![CDATA[org.testng.SkipException: false dataset -> true suite -> false testcase -> trueskipping the test fieldValidationTest from suite FieldValidation
	at com.selenium.thoughtworks.marsair.datadriven.TestBase.validateRunmode(TestBase.java:55)
	at com.selenium.thoughtworks.marsair.validation.validationTest.fieldValidationTest(validationTest.java:20)
	at sun.reflect.NativeMethodAccessorImpl.invoke0(Native Method)
	at sun.reflect.NativeMethodAccessorImpl.invoke(Unknown Source)
	at sun.reflect.DelegatingMethodAccessorImpl.invoke(Unknown Source)
	at java.lang.reflect.Method.invoke(Unknown Source)
	at org.testng.internal.MethodInvocationHelper.invokeMethod(MethodInvocationHelper.java:86)
	at org.testng.internal.Invoker.invokeMethod(Invoker.java:643)
	at org.testng.internal.Invoker.invokeTestMethod(Invoker.java:820)
	at org.testng.internal.Invoker.invokeTestMethods(Invoker.java:1128)
	at org.testng.internal.TestMethodWorker.invokeTestMethods(TestMethodWorker.java:129)
	at org.testng.internal.TestMethodWorker.run(TestMethodWorker.java:112)
	at org.testng.TestRunner.privateRun(TestRunner.java:782)
	at org.testng.TestRunner.run(TestRunner.java:632)
	at org.testng.SuiteRunner.runTest(SuiteRunner.java:366)
	at org.testng.SuiteRunner.runSequentially(SuiteRunner.java:361)
	at org.testng.SuiteRunner.privateRun(SuiteRunner.java:319)
	at org.testng.SuiteRunner.run(SuiteRunner.java:268)
	at org.testng.SuiteRunnerWorker.runSuite(SuiteRunnerWorker.java:52)
	at org.testng.SuiteRunnerWorker.run(SuiteRunnerWorker.java:86)
	at org.testng.TestNG.runSuitesSequentially(TestNG.java:1244)
	at org.testng.TestNG.runSuitesSequentially(TestNG.java:1240)
	at org.testng.TestNG.runSuitesLocally(TestNG.java:1169)
	at org.testng.TestNG.run(TestNG.java:1064)
	at org.testng.remote.AbstractRemoteTestNG.run(AbstractRemoteTestNG.java:126)
	at org.testng.remote.RemoteTestNG.initAndRun(RemoteTestNG.java:137)
	at org.testng.remote.RemoteTestNG.main(RemoteTestNG.java:58)
]]>
            </full-stacktrace>
          </exception> <!-- org.testng.SkipException -->
          <reporter-output>
          </reporter-output>
        </test-method> <!-- fieldValidationTest -->
        <test-method status="PASS" signature="quitBrowser()[pri:0, instance:com.selenium.thoughtworks.marsair.validation.validationTest@18eed359]" name="quitBrowser" is-config="true" duration-ms="1" started-at="2016-07-19T14:20:08Z" finished-at="2016-07-19T14:20:08Z">
          <reporter-output>
          </reporter-output>
        </test-method> <!-- quitBrowser -->
        <test-method status="SKIP" signature="fieldValidationTest(java.util.Hashtable)[pri:0, instance:com.selenium.thoughtworks.marsair.validation.validationTest@18eed359]" name="fieldValidationTest" duration-ms="32" started-at="2016-07-19T14:20:08Z" data-provider="FieldValidationDataProvider" finished-at="2016-07-19T14:20:08Z">
          <params>
            <param index="0">
              <value>
                <![CDATA[{TCResult=Pass, Runmode=Y, DefectId=, FieldXpathFromPropertiesFile=ReturnDropdown_xpath}]]>
              </value>
            </param>
          </params>
          <exception class="org.testng.SkipException">
            <message>
              <![CDATA[false dataset -> true suite -> false testcase -> trueskipping the test fieldValidationTest from suite FieldValidation]]>
            </message>
            <full-stacktrace>
              <![CDATA[org.testng.SkipException: false dataset -> true suite -> false testcase -> trueskipping the test fieldValidationTest from suite FieldValidation
	at com.selenium.thoughtworks.marsair.datadriven.TestBase.validateRunmode(TestBase.java:55)
	at com.selenium.thoughtworks.marsair.validation.validationTest.fieldValidationTest(validationTest.java:20)
	at sun.reflect.NativeMethodAccessorImpl.invoke0(Native Method)
	at sun.reflect.NativeMethodAccessorImpl.invoke(Unknown Source)
	at sun.reflect.DelegatingMethodAccessorImpl.invoke(Unknown Source)
	at java.lang.reflect.Method.invoke(Unknown Source)
	at org.testng.internal.MethodInvocationHelper.invokeMethod(MethodInvocationHelper.java:86)
	at org.testng.internal.Invoker.invokeMethod(Invoker.java:643)
	at org.testng.internal.Invoker.invokeTestMethod(Invoker.java:820)
	at org.testng.internal.Invoker.invokeTestMethods(Invoker.java:1128)
	at org.testng.internal.TestMethodWorker.invokeTestMethods(TestMethodWorker.java:129)
	at org.testng.internal.TestMethodWorker.run(TestMethodWorker.java:112)
	at org.testng.TestRunner.privateRun(TestRunner.java:782)
	at org.testng.TestRunner.run(TestRunner.java:632)
	at org.testng.SuiteRunner.runTest(SuiteRunner.java:366)
	at org.testng.SuiteRunner.runSequentially(SuiteRunner.java:361)
	at org.testng.SuiteRunner.privateRun(SuiteRunner.java:319)
	at org.testng.SuiteRunner.run(SuiteRunner.java:268)
	at org.testng.SuiteRunnerWorker.runSuite(SuiteRunnerWorker.java:52)
	at org.testng.SuiteRunnerWorker.run(SuiteRunnerWorker.java:86)
	at org.testng.TestNG.runSuitesSequentially(TestNG.java:1244)
	at org.testng.TestNG.runSuitesSequentially(TestNG.java:1240)
	at org.testng.TestNG.runSuitesLocally(TestNG.java:1169)
	at org.testng.TestNG.run(TestNG.java:1064)
	at org.testng.remote.AbstractRemoteTestNG.run(AbstractRemoteTestNG.java:126)
	at org.testng.remote.RemoteTestNG.initAndRun(RemoteTestNG.java:137)
	at org.testng.remote.RemoteTestNG.main(RemoteTestNG.java:58)
]]>
            </full-stacktrace>
          </exception> <!-- org.testng.SkipException -->
          <reporter-output>
          </reporter-output>
        </test-method> <!-- fieldValidationTest -->
        <test-method status="PASS" signature="quitBrowser()[pri:0, instance:com.selenium.thoughtworks.marsair.validation.validationTest@18eed359]" name="quitBrowser" is-config="true" duration-ms="6" started-at="2016-07-19T14:20:08Z" finished-at="2016-07-19T14:20:08Z">
          <reporter-output>
          </reporter-output>
        </test-method> <!-- quitBrowser -->
        <test-method status="SKIP" signature="fieldValidationTest(java.util.Hashtable)[pri:0, instance:com.selenium.thoughtworks.marsair.validation.validationTest@18eed359]" name="fieldValidationTest" duration-ms="19" started-at="2016-07-19T14:20:08Z" data-provider="FieldValidationDataProvider" finished-at="2016-07-19T14:20:08Z">
          <params>
            <param index="0">
              <value>
                <![CDATA[{TCResult=Pass, Runmode=Y, DefectId=, FieldXpathFromPropertiesFile=PromoCodeField_xpath}]]>
              </value>
            </param>
          </params>
          <exception class="org.testng.SkipException">
            <message>
              <![CDATA[false dataset -> true suite -> false testcase -> trueskipping the test fieldValidationTest from suite FieldValidation]]>
            </message>
            <full-stacktrace>
              <![CDATA[org.testng.SkipException: false dataset -> true suite -> false testcase -> trueskipping the test fieldValidationTest from suite FieldValidation
	at com.selenium.thoughtworks.marsair.datadriven.TestBase.validateRunmode(TestBase.java:55)
	at com.selenium.thoughtworks.marsair.validation.validationTest.fieldValidationTest(validationTest.java:20)
	at sun.reflect.NativeMethodAccessorImpl.invoke0(Native Method)
	at sun.reflect.NativeMethodAccessorImpl.invoke(Unknown Source)
	at sun.reflect.DelegatingMethodAccessorImpl.invoke(Unknown Source)
	at java.lang.reflect.Method.invoke(Unknown Source)
	at org.testng.internal.MethodInvocationHelper.invokeMethod(MethodInvocationHelper.java:86)
	at org.testng.internal.Invoker.invokeMethod(Invoker.java:643)
	at org.testng.internal.Invoker.invokeTestMethod(Invoker.java:820)
	at org.testng.internal.Invoker.invokeTestMethods(Invoker.java:1128)
	at org.testng.internal.TestMethodWorker.invokeTestMethods(TestMethodWorker.java:129)
	at org.testng.internal.TestMethodWorker.run(TestMethodWorker.java:112)
	at org.testng.TestRunner.privateRun(TestRunner.java:782)
	at org.testng.TestRunner.run(TestRunner.java:632)
	at org.testng.SuiteRunner.runTest(SuiteRunner.java:366)
	at org.testng.SuiteRunner.runSequentially(SuiteRunner.java:361)
	at org.testng.SuiteRunner.privateRun(SuiteRunner.java:319)
	at org.testng.SuiteRunner.run(SuiteRunner.java:268)
	at org.testng.SuiteRunnerWorker.runSuite(SuiteRunnerWorker.java:52)
	at org.testng.SuiteRunnerWorker.run(SuiteRunnerWorker.java:86)
	at org.testng.TestNG.runSuitesSequentially(TestNG.java:1244)
	at org.testng.TestNG.runSuitesSequentially(TestNG.java:1240)
	at org.testng.TestNG.runSuitesLocally(TestNG.java:1169)
	at org.testng.TestNG.run(TestNG.java:1064)
	at org.testng.remote.AbstractRemoteTestNG.run(AbstractRemoteTestNG.java:126)
	at org.testng.remote.RemoteTestNG.initAndRun(RemoteTestNG.java:137)
	at org.testng.remote.RemoteTestNG.main(RemoteTestNG.java:58)
]]>
            </full-stacktrace>
          </exception> <!-- org.testng.SkipException -->
          <reporter-output>
          </reporter-output>
        </test-method> <!-- fieldValidationTest -->
        <test-method status="PASS" signature="quitBrowser()[pri:0, instance:com.selenium.thoughtworks.marsair.validation.validationTest@18eed359]" name="quitBrowser" is-config="true" duration-ms="1" started-at="2016-07-19T14:20:08Z" finished-at="2016-07-19T14:20:08Z">
          <reporter-output>
          </reporter-output>
        </test-method> <!-- quitBrowser -->
        <test-method status="SKIP" signature="fieldValidationTest(java.util.Hashtable)[pri:0, instance:com.selenium.thoughtworks.marsair.validation.validationTest@18eed359]" name="fieldValidationTest" duration-ms="11" started-at="2016-07-19T14:20:08Z" data-provider="FieldValidationDataProvider" finished-at="2016-07-19T14:20:08Z">
          <params>
            <param index="0">
              <value>
                <![CDATA[{TCResult=Pass, Runmode=Y, DefectId=, FieldXpathFromPropertiesFile=LoginPgSearchBtn_xpath}]]>
              </value>
            </param>
          </params>
          <exception class="org.testng.SkipException">
            <message>
              <![CDATA[false dataset -> true suite -> false testcase -> trueskipping the test fieldValidationTest from suite FieldValidation]]>
            </message>
            <full-stacktrace>
              <![CDATA[org.testng.SkipException: false dataset -> true suite -> false testcase -> trueskipping the test fieldValidationTest from suite FieldValidation
	at com.selenium.thoughtworks.marsair.datadriven.TestBase.validateRunmode(TestBase.java:55)
	at com.selenium.thoughtworks.marsair.validation.validationTest.fieldValidationTest(validationTest.java:20)
	at sun.reflect.NativeMethodAccessorImpl.invoke0(Native Method)
	at sun.reflect.NativeMethodAccessorImpl.invoke(Unknown Source)
	at sun.reflect.DelegatingMethodAccessorImpl.invoke(Unknown Source)
	at java.lang.reflect.Method.invoke(Unknown Source)
	at org.testng.internal.MethodInvocationHelper.invokeMethod(MethodInvocationHelper.java:86)
	at org.testng.internal.Invoker.invokeMethod(Invoker.java:643)
	at org.testng.internal.Invoker.invokeTestMethod(Invoker.java:820)
	at org.testng.internal.Invoker.invokeTestMethods(Invoker.java:1128)
	at org.testng.internal.TestMethodWorker.invokeTestMethods(TestMethodWorker.java:129)
	at org.testng.internal.TestMethodWorker.run(TestMethodWorker.java:112)
	at org.testng.TestRunner.privateRun(TestRunner.java:782)
	at org.testng.TestRunner.run(TestRunner.java:632)
	at org.testng.SuiteRunner.runTest(SuiteRunner.java:366)
	at org.testng.SuiteRunner.runSequentially(SuiteRunner.java:361)
	at org.testng.SuiteRunner.privateRun(SuiteRunner.java:319)
	at org.testng.SuiteRunner.run(SuiteRunner.java:268)
	at org.testng.SuiteRunnerWorker.runSuite(SuiteRunnerWorker.java:52)
	at org.testng.SuiteRunnerWorker.run(SuiteRunnerWorker.java:86)
	at org.testng.TestNG.runSuitesSequentially(TestNG.java:1244)
	at org.testng.TestNG.runSuitesSequentially(TestNG.java:1240)
	at org.testng.TestNG.runSuitesLocally(TestNG.java:1169)
	at org.testng.TestNG.run(TestNG.java:1064)
	at org.testng.remote.AbstractRemoteTestNG.run(AbstractRemoteTestNG.java:126)
	at org.testng.remote.RemoteTestNG.initAndRun(RemoteTestNG.java:137)
	at org.testng.remote.RemoteTestNG.main(RemoteTestNG.java:58)
]]>
            </full-stacktrace>
          </exception> <!-- org.testng.SkipException -->
          <reporter-output>
          </reporter-output>
        </test-method> <!-- fieldValidationTest -->
        <test-method status="PASS" signature="quitBrowser()[pri:0, instance:com.selenium.thoughtworks.marsair.validation.validationTest@18eed359]" name="quitBrowser" is-config="true" duration-ms="0" started-at="2016-07-19T14:20:08Z" finished-at="2016-07-19T14:20:08Z">
          <reporter-output>
          </reporter-output>
        </test-method> <!-- quitBrowser -->
        <test-method status="SKIP" signature="labelValidationTest(java.util.Hashtable)[pri:0, instance:com.selenium.thoughtworks.marsair.validation.validationTest@18eed359]" name="labelValidationTest" duration-ms="51" started-at="2016-07-19T14:20:08Z" data-provider="FieldValidationDataProvider" finished-at="2016-07-19T14:20:08Z">
          <params>
            <param index="0">
              <value>
                <![CDATA[{TCResult=Fail, ExpectedLabel=Departure, LabelXpathFromPropertiesFile=departureLabel_xpath, Runmode=Y, DefectId=1.0}]]>
              </value>
            </param>
          </params>
          <exception class="org.testng.SkipException">
            <message>
              <![CDATA[false dataset -> true suite -> false testcase -> trueskipping the test labelValidationTest from suite FieldValidation]]>
            </message>
            <full-stacktrace>
              <![CDATA[org.testng.SkipException: false dataset -> true suite -> false testcase -> trueskipping the test labelValidationTest from suite FieldValidation
	at com.selenium.thoughtworks.marsair.datadriven.TestBase.validateRunmode(TestBase.java:55)
	at com.selenium.thoughtworks.marsair.validation.validationTest.labelValidationTest(validationTest.java:44)
	at sun.reflect.NativeMethodAccessorImpl.invoke0(Native Method)
	at sun.reflect.NativeMethodAccessorImpl.invoke(Unknown Source)
	at sun.reflect.DelegatingMethodAccessorImpl.invoke(Unknown Source)
	at java.lang.reflect.Method.invoke(Unknown Source)
	at org.testng.internal.MethodInvocationHelper.invokeMethod(MethodInvocationHelper.java:86)
	at org.testng.internal.Invoker.invokeMethod(Invoker.java:643)
	at org.testng.internal.Invoker.invokeTestMethod(Invoker.java:820)
	at org.testng.internal.Invoker.invokeTestMethods(Invoker.java:1128)
	at org.testng.internal.TestMethodWorker.invokeTestMethods(TestMethodWorker.java:129)
	at org.testng.internal.TestMethodWorker.run(TestMethodWorker.java:112)
	at org.testng.TestRunner.privateRun(TestRunner.java:782)
	at org.testng.TestRunner.run(TestRunner.java:632)
	at org.testng.SuiteRunner.runTest(SuiteRunner.java:366)
	at org.testng.SuiteRunner.runSequentially(SuiteRunner.java:361)
	at org.testng.SuiteRunner.privateRun(SuiteRunner.java:319)
	at org.testng.SuiteRunner.run(SuiteRunner.java:268)
	at org.testng.SuiteRunnerWorker.runSuite(SuiteRunnerWorker.java:52)
	at org.testng.SuiteRunnerWorker.run(SuiteRunnerWorker.java:86)
	at org.testng.TestNG.runSuitesSequentially(TestNG.java:1244)
	at org.testng.TestNG.runSuitesSequentially(TestNG.java:1240)
	at org.testng.TestNG.runSuitesLocally(TestNG.java:1169)
	at org.testng.TestNG.run(TestNG.java:1064)
	at org.testng.remote.AbstractRemoteTestNG.run(AbstractRemoteTestNG.java:126)
	at org.testng.remote.RemoteTestNG.initAndRun(RemoteTestNG.java:137)
	at org.testng.remote.RemoteTestNG.main(RemoteTestNG.java:58)
]]>
            </full-stacktrace>
          </exception> <!-- org.testng.SkipException -->
          <reporter-output>
          </reporter-output>
        </test-method> <!-- labelValidationTest -->
        <test-method status="PASS" signature="quitBrowser()[pri:0, instance:com.selenium.thoughtworks.marsair.validation.validationTest@18eed359]" name="quitBrowser" is-config="true" duration-ms="1" started-at="2016-07-19T14:20:08Z" finished-at="2016-07-19T14:20:08Z">
          <reporter-output>
          </reporter-output>
        </test-method> <!-- quitBrowser -->
        <test-method status="SKIP" signature="labelValidationTest(java.util.Hashtable)[pri:0, instance:com.selenium.thoughtworks.marsair.validation.validationTest@18eed359]" name="labelValidationTest" duration-ms="30" started-at="2016-07-19T14:20:08Z" data-provider="FieldValidationDataProvider" finished-at="2016-07-19T14:20:08Z">
          <params>
            <param index="0">
              <value>
                <![CDATA[{TCResult=Fail, ExpectedLabel=Arrival, LabelXpathFromPropertiesFile=returnLabel_xpath, Runmode=Y, DefectId=1.0}]]>
              </value>
            </param>
          </params>
          <exception class="org.testng.SkipException">
            <message>
              <![CDATA[false dataset -> true suite -> false testcase -> trueskipping the test labelValidationTest from suite FieldValidation]]>
            </message>
            <full-stacktrace>
              <![CDATA[org.testng.SkipException: false dataset -> true suite -> false testcase -> trueskipping the test labelValidationTest from suite FieldValidation
	at com.selenium.thoughtworks.marsair.datadriven.TestBase.validateRunmode(TestBase.java:55)
	at com.selenium.thoughtworks.marsair.validation.validationTest.labelValidationTest(validationTest.java:44)
	at sun.reflect.NativeMethodAccessorImpl.invoke0(Native Method)
	at sun.reflect.NativeMethodAccessorImpl.invoke(Unknown Source)
	at sun.reflect.DelegatingMethodAccessorImpl.invoke(Unknown Source)
	at java.lang.reflect.Method.invoke(Unknown Source)
	at org.testng.internal.MethodInvocationHelper.invokeMethod(MethodInvocationHelper.java:86)
	at org.testng.internal.Invoker.invokeMethod(Invoker.java:643)
	at org.testng.internal.Invoker.invokeTestMethod(Invoker.java:820)
	at org.testng.internal.Invoker.invokeTestMethods(Invoker.java:1128)
	at org.testng.internal.TestMethodWorker.invokeTestMethods(TestMethodWorker.java:129)
	at org.testng.internal.TestMethodWorker.run(TestMethodWorker.java:112)
	at org.testng.TestRunner.privateRun(TestRunner.java:782)
	at org.testng.TestRunner.run(TestRunner.java:632)
	at org.testng.SuiteRunner.runTest(SuiteRunner.java:366)
	at org.testng.SuiteRunner.runSequentially(SuiteRunner.java:361)
	at org.testng.SuiteRunner.privateRun(SuiteRunner.java:319)
	at org.testng.SuiteRunner.run(SuiteRunner.java:268)
	at org.testng.SuiteRunnerWorker.runSuite(SuiteRunnerWorker.java:52)
	at org.testng.SuiteRunnerWorker.run(SuiteRunnerWorker.java:86)
	at org.testng.TestNG.runSuitesSequentially(TestNG.java:1244)
	at org.testng.TestNG.runSuitesSequentially(TestNG.java:1240)
	at org.testng.TestNG.runSuitesLocally(TestNG.java:1169)
	at org.testng.TestNG.run(TestNG.java:1064)
	at org.testng.remote.AbstractRemoteTestNG.run(AbstractRemoteTestNG.java:126)
	at org.testng.remote.RemoteTestNG.initAndRun(RemoteTestNG.java:137)
	at org.testng.remote.RemoteTestNG.main(RemoteTestNG.java:58)
]]>
            </full-stacktrace>
          </exception> <!-- org.testng.SkipException -->
          <reporter-output>
          </reporter-output>
        </test-method> <!-- labelValidationTest -->
        <test-method status="PASS" signature="quitBrowser()[pri:0, instance:com.selenium.thoughtworks.marsair.validation.validationTest@18eed359]" name="quitBrowser" is-config="true" duration-ms="1" started-at="2016-07-19T14:20:08Z" finished-at="2016-07-19T14:20:08Z">
          <reporter-output>
          </reporter-output>
        </test-method> <!-- quitBrowser -->
        <test-method status="SKIP" signature="labelValidationTest(java.util.Hashtable)[pri:0, instance:com.selenium.thoughtworks.marsair.validation.validationTest@18eed359]" name="labelValidationTest" duration-ms="22" started-at="2016-07-19T14:20:08Z" data-provider="FieldValidationDataProvider" finished-at="2016-07-19T14:20:08Z">
          <params>
            <param index="0">
              <value>
                <![CDATA[{TCResult=Fail, ExpectedLabel=Promo Code, LabelXpathFromPropertiesFile=popmocodeLabel_xpath, Runmode=Y, DefectId=1.0}]]>
              </value>
            </param>
          </params>
          <exception class="org.testng.SkipException">
            <message>
              <![CDATA[false dataset -> true suite -> false testcase -> trueskipping the test labelValidationTest from suite FieldValidation]]>
            </message>
            <full-stacktrace>
              <![CDATA[org.testng.SkipException: false dataset -> true suite -> false testcase -> trueskipping the test labelValidationTest from suite FieldValidation
	at com.selenium.thoughtworks.marsair.datadriven.TestBase.validateRunmode(TestBase.java:55)
	at com.selenium.thoughtworks.marsair.validation.validationTest.labelValidationTest(validationTest.java:44)
	at sun.reflect.NativeMethodAccessorImpl.invoke0(Native Method)
	at sun.reflect.NativeMethodAccessorImpl.invoke(Unknown Source)
	at sun.reflect.DelegatingMethodAccessorImpl.invoke(Unknown Source)
	at java.lang.reflect.Method.invoke(Unknown Source)
	at org.testng.internal.MethodInvocationHelper.invokeMethod(MethodInvocationHelper.java:86)
	at org.testng.internal.Invoker.invokeMethod(Invoker.java:643)
	at org.testng.internal.Invoker.invokeTestMethod(Invoker.java:820)
	at org.testng.internal.Invoker.invokeTestMethods(Invoker.java:1128)
	at org.testng.internal.TestMethodWorker.invokeTestMethods(TestMethodWorker.java:129)
	at org.testng.internal.TestMethodWorker.run(TestMethodWorker.java:112)
	at org.testng.TestRunner.privateRun(TestRunner.java:782)
	at org.testng.TestRunner.run(TestRunner.java:632)
	at org.testng.SuiteRunner.runTest(SuiteRunner.java:366)
	at org.testng.SuiteRunner.runSequentially(SuiteRunner.java:361)
	at org.testng.SuiteRunner.privateRun(SuiteRunner.java:319)
	at org.testng.SuiteRunner.run(SuiteRunner.java:268)
	at org.testng.SuiteRunnerWorker.runSuite(SuiteRunnerWorker.java:52)
	at org.testng.SuiteRunnerWorker.run(SuiteRunnerWorker.java:86)
	at org.testng.TestNG.runSuitesSequentially(TestNG.java:1244)
	at org.testng.TestNG.runSuitesSequentially(TestNG.java:1240)
	at org.testng.TestNG.runSuitesLocally(TestNG.java:1169)
	at org.testng.TestNG.run(TestNG.java:1064)
	at org.testng.remote.AbstractRemoteTestNG.run(AbstractRemoteTestNG.java:126)
	at org.testng.remote.RemoteTestNG.initAndRun(RemoteTestNG.java:137)
	at org.testng.remote.RemoteTestNG.main(RemoteTestNG.java:58)
]]>
            </full-stacktrace>
          </exception> <!-- org.testng.SkipException -->
          <reporter-output>
          </reporter-output>
        </test-method> <!-- labelValidationTest -->
        <test-method status="PASS" signature="quitBrowser()[pri:0, instance:com.selenium.thoughtworks.marsair.validation.validationTest@18eed359]" name="quitBrowser" is-config="true" duration-ms="0" started-at="2016-07-19T14:20:08Z" finished-at="2016-07-19T14:20:08Z">
          <reporter-output>
          </reporter-output>
        </test-method> <!-- quitBrowser -->
        <test-method status="SKIP" signature="linkNavigateToHomePageTest(java.util.Hashtable)[pri:0, instance:com.selenium.thoughtworks.marsair.validation.validationTest@18eed359]" name="linkNavigateToHomePageTest" duration-ms="16" started-at="2016-07-19T14:20:08Z" data-provider="FieldValidationDataProvider" finished-at="2016-07-19T14:20:08Z">
          <params>
            <param index="0">
              <value>
                <![CDATA[{TCResult=Pass, linksXpathFromPropertiesFile=marsAirLogo_xpath, Runmode=Y, DefectId=, Links=MarsAir Logo Link}]]>
              </value>
            </param>
          </params>
          <exception class="org.testng.SkipException">
            <message>
              <![CDATA[false dataset -> true suite -> false testcase -> trueskipping the test linkNavigateToHomePageTest from suite FieldValidation]]>
            </message>
            <full-stacktrace>
              <![CDATA[org.testng.SkipException: false dataset -> true suite -> false testcase -> trueskipping the test linkNavigateToHomePageTest from suite FieldValidation
	at com.selenium.thoughtworks.marsair.datadriven.TestBase.validateRunmode(TestBase.java:55)
	at com.selenium.thoughtworks.marsair.validation.validationTest.linkNavigateToHomePageTest(validationTest.java:56)
	at sun.reflect.NativeMethodAccessorImpl.invoke0(Native Method)
	at sun.reflect.NativeMethodAccessorImpl.invoke(Unknown Source)
	at sun.reflect.DelegatingMethodAccessorImpl.invoke(Unknown Source)
	at java.lang.reflect.Method.invoke(Unknown Source)
	at org.testng.internal.MethodInvocationHelper.invokeMethod(MethodInvocationHelper.java:86)
	at org.testng.internal.Invoker.invokeMethod(Invoker.java:643)
	at org.testng.internal.Invoker.invokeTestMethod(Invoker.java:820)
	at org.testng.internal.Invoker.invokeTestMethods(Invoker.java:1128)
	at org.testng.internal.TestMethodWorker.invokeTestMethods(TestMethodWorker.java:129)
	at org.testng.internal.TestMethodWorker.run(TestMethodWorker.java:112)
	at org.testng.TestRunner.privateRun(TestRunner.java:782)
	at org.testng.TestRunner.run(TestRunner.java:632)
	at org.testng.SuiteRunner.runTest(SuiteRunner.java:366)
	at org.testng.SuiteRunner.runSequentially(SuiteRunner.java:361)
	at org.testng.SuiteRunner.privateRun(SuiteRunner.java:319)
	at org.testng.SuiteRunner.run(SuiteRunner.java:268)
	at org.testng.SuiteRunnerWorker.runSuite(SuiteRunnerWorker.java:52)
	at org.testng.SuiteRunnerWorker.run(SuiteRunnerWorker.java:86)
	at org.testng.TestNG.runSuitesSequentially(TestNG.java:1244)
	at org.testng.TestNG.runSuitesSequentially(TestNG.java:1240)
	at org.testng.TestNG.runSuitesLocally(TestNG.java:1169)
	at org.testng.TestNG.run(TestNG.java:1064)
	at org.testng.remote.AbstractRemoteTestNG.run(AbstractRemoteTestNG.java:126)
	at org.testng.remote.RemoteTestNG.initAndRun(RemoteTestNG.java:137)
	at org.testng.remote.RemoteTestNG.main(RemoteTestNG.java:58)
]]>
            </full-stacktrace>
          </exception> <!-- org.testng.SkipException -->
          <reporter-output>
          </reporter-output>
        </test-method> <!-- linkNavigateToHomePageTest -->
        <test-method status="SKIP" signature="linkNavigateToHomePageTest(java.util.Hashtable)[pri:0, instance:com.selenium.thoughtworks.marsair.validation.validationTest@18eed359]" name="linkNavigateToHomePageTest" duration-ms="66" started-at="2016-07-19T14:20:08Z" data-provider="FieldValidationDataProvider" finished-at="2016-07-19T14:20:08Z">
          <params>
            <param index="0">
              <value>
                <![CDATA[{TCResult=Fail, linksXpathFromPropertiesFile=bookTicketToRedPlanet_xpath, Runmode=Y, DefectId=2.0, Links="Book a ticket to the red planet now!" link}]]>
              </value>
            </param>
          </params>
          <exception class="org.testng.SkipException">
            <message>
              <![CDATA[false dataset -> true suite -> false testcase -> trueskipping the test linkNavigateToHomePageTest from suite FieldValidation]]>
            </message>
            <full-stacktrace>
              <![CDATA[org.testng.SkipException: false dataset -> true suite -> false testcase -> trueskipping the test linkNavigateToHomePageTest from suite FieldValidation
	at com.selenium.thoughtworks.marsair.datadriven.TestBase.validateRunmode(TestBase.java:55)
	at com.selenium.thoughtworks.marsair.validation.validationTest.linkNavigateToHomePageTest(validationTest.java:56)
	at sun.reflect.NativeMethodAccessorImpl.invoke0(Native Method)
	at sun.reflect.NativeMethodAccessorImpl.invoke(Unknown Source)
	at sun.reflect.DelegatingMethodAccessorImpl.invoke(Unknown Source)
	at java.lang.reflect.Method.invoke(Unknown Source)
	at org.testng.internal.MethodInvocationHelper.invokeMethod(MethodInvocationHelper.java:86)
	at org.testng.internal.Invoker.invokeMethod(Invoker.java:643)
	at org.testng.internal.Invoker.invokeTestMethod(Invoker.java:820)
	at org.testng.internal.Invoker.invokeTestMethods(Invoker.java:1128)
	at org.testng.internal.TestMethodWorker.invokeTestMethods(TestMethodWorker.java:129)
	at org.testng.internal.TestMethodWorker.run(TestMethodWorker.java:112)
	at org.testng.TestRunner.privateRun(TestRunner.java:782)
	at org.testng.TestRunner.run(TestRunner.java:632)
	at org.testng.SuiteRunner.runTest(SuiteRunner.java:366)
	at org.testng.SuiteRunner.runSequentially(SuiteRunner.java:361)
	at org.testng.SuiteRunner.privateRun(SuiteRunner.java:319)
	at org.testng.SuiteRunner.run(SuiteRunner.java:268)
	at org.testng.SuiteRunnerWorker.runSuite(SuiteRunnerWorker.java:52)
	at org.testng.SuiteRunnerWorker.run(SuiteRunnerWorker.java:86)
	at org.testng.TestNG.runSuitesSequentially(TestNG.java:1244)
	at org.testng.TestNG.runSuitesSequentially(TestNG.java:1240)
	at org.testng.TestNG.runSuitesLocally(TestNG.java:1169)
	at org.testng.TestNG.run(TestNG.java:1064)
	at org.testng.remote.AbstractRemoteTestNG.run(AbstractRemoteTestNG.java:126)
	at org.testng.remote.RemoteTestNG.initAndRun(RemoteTestNG.java:137)
	at org.testng.remote.RemoteTestNG.main(RemoteTestNG.java:58)
]]>
            </full-stacktrace>
          </exception> <!-- org.testng.SkipException -->
          <reporter-output>
          </reporter-output>
        </test-method> <!-- linkNavigateToHomePageTest -->
        <test-method status="PASS" signature="quitBrowser()[pri:0, instance:com.selenium.thoughtworks.marsair.validation.validationTest@18eed359]" name="quitBrowser" is-config="true" duration-ms="0" started-at="2016-07-19T14:20:08Z" finished-at="2016-07-19T14:20:08Z">
          <reporter-output>
          </reporter-output>
        </test-method> <!-- quitBrowser -->
        <test-method status="PASS" signature="quitBrowser()[pri:0, instance:com.selenium.thoughtworks.marsair.validation.validationTest@18eed359]" name="quitBrowser" is-config="true" duration-ms="1" started-at="2016-07-19T14:20:08Z" finished-at="2016-07-19T14:20:08Z">
          <reporter-output>
          </reporter-output>
        </test-method> <!-- quitBrowser -->
      </class> <!-- com.selenium.thoughtworks.marsair.validation.validationTest -->
    </test> <!-- Validating editable fields -->
  </suite> <!-- ValidationTest -->
  <suite name="TicketBooking" duration-ms="15643" started-at="2016-07-19T13:19:52Z" finished-at="2016-07-19T13:20:08Z">
    <groups>
    </groups>
    <test name="Ticket booking Test" duration-ms="15643" started-at="2016-07-19T13:19:52Z" finished-at="2016-07-19T13:20:08Z">
      <class name="com.selenium.thoughtworks.marsair.bookticket.TicketBookingTest">
        <test-method status="PASS" signature="ticketBookingTest(java.util.Hashtable)[pri:0, instance:com.selenium.thoughtworks.marsair.bookticket.TicketBookingTest@21213b92]" name="ticketBookingTest" duration-ms="13405" started-at="2016-07-19T14:19:52Z" data-provider="TicketBookingDataProvider" finished-at="2016-07-19T14:20:06Z">
          <params>
            <param index="0">
              <value>
                <![CDATA[{TCResult=Pass, PromotionalCode=, Data Description=valid successful search where seats availabe message is displayed, DepartureDate=July, Runmode=Y, DefectId=, ReturnDate=December (two years from now), Browser=Mozilla}]]>
              </value>
            </param>
          </params>
          <reporter-output>
          </reporter-output>
        </test-method> <!-- ticketBookingTest -->
        <test-method status="PASS" signature="quitBrowser()[pri:0, instance:com.selenium.thoughtworks.marsair.bookticket.TicketBookingTest@21213b92]" name="quitBrowser" is-config="true" duration-ms="1493" started-at="2016-07-19T14:20:06Z" finished-at="2016-07-19T14:20:07Z">
          <reporter-output>
          </reporter-output>
        </test-method> <!-- quitBrowser -->
        <test-method status="SKIP" signature="ticketBookingTest(java.util.Hashtable)[pri:0, instance:com.selenium.thoughtworks.marsair.bookticket.TicketBookingTest@21213b92]" name="ticketBookingTest" duration-ms="26" started-at="2016-07-19T14:20:07Z" data-provider="TicketBookingDataProvider" finished-at="2016-07-19T14:20:07Z">
          <params>
            <param index="0">
              <value>
                <![CDATA[{TCResult=Pass, PromotionalCode=AF3-FJK-419, Data Description=invalid promocode; error message is checked, DepartureDate=July, Runmode=N, DefectId=, ReturnDate=December (two years from now), Browser=Mozilla}]]>
              </value>
            </param>
          </params>
          <exception class="org.testng.SkipException">
            <message>
              <![CDATA[false dataset -> false suite -> true testcase -> trueskipping the test ticketBookingTest from suite TicketBooking]]>
            </message>
            <full-stacktrace>
              <![CDATA[org.testng.SkipException: false dataset -> false suite -> true testcase -> trueskipping the test ticketBookingTest from suite TicketBooking
	at com.selenium.thoughtworks.marsair.datadriven.TestBase.validateRunmode(TestBase.java:55)
	at com.selenium.thoughtworks.marsair.bookticket.TicketBookingTest.ticketBookingTest(TicketBookingTest.java:18)
	at sun.reflect.NativeMethodAccessorImpl.invoke0(Native Method)
	at sun.reflect.NativeMethodAccessorImpl.invoke(Unknown Source)
	at sun.reflect.DelegatingMethodAccessorImpl.invoke(Unknown Source)
	at java.lang.reflect.Method.invoke(Unknown Source)
	at org.testng.internal.MethodInvocationHelper.invokeMethod(MethodInvocationHelper.java:86)
	at org.testng.internal.Invoker.invokeMethod(Invoker.java:643)
	at org.testng.internal.Invoker.invokeTestMethod(Invoker.java:820)
	at org.testng.internal.Invoker.invokeTestMethods(Invoker.java:1128)
	at org.testng.internal.TestMethodWorker.invokeTestMethods(TestMethodWorker.java:129)
	at org.testng.internal.TestMethodWorker.run(TestMethodWorker.java:112)
	at org.testng.TestRunner.privateRun(TestRunner.java:782)
	at org.testng.TestRunner.run(TestRunner.java:632)
	at org.testng.SuiteRunner.runTest(SuiteRunner.java:366)
	at org.testng.SuiteRunner.runSequentially(SuiteRunner.java:361)
	at org.testng.SuiteRunner.privateRun(SuiteRunner.java:319)
	at org.testng.SuiteRunner.run(SuiteRunner.java:268)
	at org.testng.SuiteRunnerWorker.runSuite(SuiteRunnerWorker.java:52)
	at org.testng.SuiteRunnerWorker.run(SuiteRunnerWorker.java:86)
	at org.testng.TestNG.runSuitesSequentially(TestNG.java:1244)
	at org.testng.TestNG.runSuitesSequentially(TestNG.java:1240)
	at org.testng.TestNG.runSuitesLocally(TestNG.java:1169)
	at org.testng.TestNG.run(TestNG.java:1064)
	at org.testng.remote.AbstractRemoteTestNG.run(AbstractRemoteTestNG.java:126)
	at org.testng.remote.RemoteTestNG.initAndRun(RemoteTestNG.java:137)
	at org.testng.remote.RemoteTestNG.main(RemoteTestNG.java:58)
]]>
            </full-stacktrace>
          </exception> <!-- org.testng.SkipException -->
          <reporter-output>
          </reporter-output>
        </test-method> <!-- ticketBookingTest -->
        <test-method status="PASS" signature="quitBrowser()[pri:0, instance:com.selenium.thoughtworks.marsair.bookticket.TicketBookingTest@21213b92]" name="quitBrowser" is-config="true" duration-ms="1" started-at="2016-07-19T14:20:07Z" finished-at="2016-07-19T14:20:07Z">
          <reporter-output>
          </reporter-output>
        </test-method> <!-- quitBrowser -->
        <test-method status="SKIP" signature="ticketBookingTest(java.util.Hashtable)[pri:0, instance:com.selenium.thoughtworks.marsair.bookticket.TicketBookingTest@21213b92]" name="ticketBookingTest" duration-ms="62" started-at="2016-07-19T14:20:07Z" data-provider="TicketBookingDataProvider" finished-at="2016-07-19T14:20:07Z">
          <params>
            <param index="0">
              <value>
                <![CDATA[{TCResult=Pass, PromotionalCode=AF3-FJK-418, Data Description=valid Promocode; message is checked, DepartureDate=July, Runmode=N, DefectId=, ReturnDate=December (two years from now), Browser=chrome}]]>
              </value>
            </param>
          </params>
          <exception class="org.testng.SkipException">
            <message>
              <![CDATA[false dataset -> false suite -> true testcase -> trueskipping the test ticketBookingTest from suite TicketBooking]]>
            </message>
            <full-stacktrace>
              <![CDATA[org.testng.SkipException: false dataset -> false suite -> true testcase -> trueskipping the test ticketBookingTest from suite TicketBooking
	at com.selenium.thoughtworks.marsair.datadriven.TestBase.validateRunmode(TestBase.java:55)
	at com.selenium.thoughtworks.marsair.bookticket.TicketBookingTest.ticketBookingTest(TicketBookingTest.java:18)
	at sun.reflect.NativeMethodAccessorImpl.invoke0(Native Method)
	at sun.reflect.NativeMethodAccessorImpl.invoke(Unknown Source)
	at sun.reflect.DelegatingMethodAccessorImpl.invoke(Unknown Source)
	at java.lang.reflect.Method.invoke(Unknown Source)
	at org.testng.internal.MethodInvocationHelper.invokeMethod(MethodInvocationHelper.java:86)
	at org.testng.internal.Invoker.invokeMethod(Invoker.java:643)
	at org.testng.internal.Invoker.invokeTestMethod(Invoker.java:820)
	at org.testng.internal.Invoker.invokeTestMethods(Invoker.java:1128)
	at org.testng.internal.TestMethodWorker.invokeTestMethods(TestMethodWorker.java:129)
	at org.testng.internal.TestMethodWorker.run(TestMethodWorker.java:112)
	at org.testng.TestRunner.privateRun(TestRunner.java:782)
	at org.testng.TestRunner.run(TestRunner.java:632)
	at org.testng.SuiteRunner.runTest(SuiteRunner.java:366)
	at org.testng.SuiteRunner.runSequentially(SuiteRunner.java:361)
	at org.testng.SuiteRunner.privateRun(SuiteRunner.java:319)
	at org.testng.SuiteRunner.run(SuiteRunner.java:268)
	at org.testng.SuiteRunnerWorker.runSuite(SuiteRunnerWorker.java:52)
	at org.testng.SuiteRunnerWorker.run(SuiteRunnerWorker.java:86)
	at org.testng.TestNG.runSuitesSequentially(TestNG.java:1244)
	at org.testng.TestNG.runSuitesSequentially(TestNG.java:1240)
	at org.testng.TestNG.runSuitesLocally(TestNG.java:1169)
	at org.testng.TestNG.run(TestNG.java:1064)
	at org.testng.remote.AbstractRemoteTestNG.run(AbstractRemoteTestNG.java:126)
	at org.testng.remote.RemoteTestNG.initAndRun(RemoteTestNG.java:137)
	at org.testng.remote.RemoteTestNG.main(RemoteTestNG.java:58)
]]>
            </full-stacktrace>
          </exception> <!-- org.testng.SkipException -->
          <reporter-output>
          </reporter-output>
        </test-method> <!-- ticketBookingTest -->
        <test-method status="PASS" signature="quitBrowser()[pri:0, instance:com.selenium.thoughtworks.marsair.bookticket.TicketBookingTest@21213b92]" name="quitBrowser" is-config="true" duration-ms="0" started-at="2016-07-19T14:20:07Z" finished-at="2016-07-19T14:20:07Z">
          <reporter-output>
          </reporter-output>
        </test-method> <!-- quitBrowser -->
        <test-method status="SKIP" signature="ticketBookingTest(java.util.Hashtable)[pri:0, instance:com.selenium.thoughtworks.marsair.bookticket.TicketBookingTest@21213b92]" name="ticketBookingTest" duration-ms="23" started-at="2016-07-19T14:20:07Z" data-provider="TicketBookingDataProvider" finished-at="2016-07-19T14:20:07Z">
          <params>
            <param index="0">
              <value>
                <![CDATA[{TCResult=Pass, PromotionalCode=, Data Description=schedule not possible; message dislayed is checked, DepartureDate=July, Runmode=N, DefectId=, ReturnDate=December, Browser=chrome}]]>
              </value>
            </param>
          </params>
          <exception class="org.testng.SkipException">
            <message>
              <![CDATA[false dataset -> false suite -> true testcase -> trueskipping the test ticketBookingTest from suite TicketBooking]]>
            </message>
            <full-stacktrace>
              <![CDATA[org.testng.SkipException: false dataset -> false suite -> true testcase -> trueskipping the test ticketBookingTest from suite TicketBooking
	at com.selenium.thoughtworks.marsair.datadriven.TestBase.validateRunmode(TestBase.java:55)
	at com.selenium.thoughtworks.marsair.bookticket.TicketBookingTest.ticketBookingTest(TicketBookingTest.java:18)
	at sun.reflect.NativeMethodAccessorImpl.invoke0(Native Method)
	at sun.reflect.NativeMethodAccessorImpl.invoke(Unknown Source)
	at sun.reflect.DelegatingMethodAccessorImpl.invoke(Unknown Source)
	at java.lang.reflect.Method.invoke(Unknown Source)
	at org.testng.internal.MethodInvocationHelper.invokeMethod(MethodInvocationHelper.java:86)
	at org.testng.internal.Invoker.invokeMethod(Invoker.java:643)
	at org.testng.internal.Invoker.invokeTestMethod(Invoker.java:820)
	at org.testng.internal.Invoker.invokeTestMethods(Invoker.java:1128)
	at org.testng.internal.TestMethodWorker.invokeTestMethods(TestMethodWorker.java:129)
	at org.testng.internal.TestMethodWorker.run(TestMethodWorker.java:112)
	at org.testng.TestRunner.privateRun(TestRunner.java:782)
	at org.testng.TestRunner.run(TestRunner.java:632)
	at org.testng.SuiteRunner.runTest(SuiteRunner.java:366)
	at org.testng.SuiteRunner.runSequentially(SuiteRunner.java:361)
	at org.testng.SuiteRunner.privateRun(SuiteRunner.java:319)
	at org.testng.SuiteRunner.run(SuiteRunner.java:268)
	at org.testng.SuiteRunnerWorker.runSuite(SuiteRunnerWorker.java:52)
	at org.testng.SuiteRunnerWorker.run(SuiteRunnerWorker.java:86)
	at org.testng.TestNG.runSuitesSequentially(TestNG.java:1244)
	at org.testng.TestNG.runSuitesSequentially(TestNG.java:1240)
	at org.testng.TestNG.runSuitesLocally(TestNG.java:1169)
	at org.testng.TestNG.run(TestNG.java:1064)
	at org.testng.remote.AbstractRemoteTestNG.run(AbstractRemoteTestNG.java:126)
	at org.testng.remote.RemoteTestNG.initAndRun(RemoteTestNG.java:137)
	at org.testng.remote.RemoteTestNG.main(RemoteTestNG.java:58)
]]>
            </full-stacktrace>
          </exception> <!-- org.testng.SkipException -->
          <reporter-output>
          </reporter-output>
        </test-method> <!-- ticketBookingTest -->
        <test-method status="SKIP" signature="ticketBookingTest(java.util.Hashtable)[pri:0, instance:com.selenium.thoughtworks.marsair.bookticket.TicketBookingTest@21213b92]" name="ticketBookingTest" duration-ms="26" started-at="2016-07-19T14:20:07Z" data-provider="TicketBookingDataProvider" finished-at="2016-07-19T14:20:07Z">
          <params>
            <param index="0">
              <value>
                <![CDATA[{TCResult=Pass, PromotionalCode=AF3-FJK-418, Data Description=seats not available with promo code; message dislayed is checked, DepartureDate=July, Runmode=N, DefectId=, ReturnDate=December (next year), Browser=chrome}]]>
              </value>
            </param>
          </params>
          <exception class="org.testng.SkipException">
            <message>
              <![CDATA[false dataset -> false suite -> true testcase -> trueskipping the test ticketBookingTest from suite TicketBooking]]>
            </message>
            <full-stacktrace>
              <![CDATA[org.testng.SkipException: false dataset -> false suite -> true testcase -> trueskipping the test ticketBookingTest from suite TicketBooking
	at com.selenium.thoughtworks.marsair.datadriven.TestBase.validateRunmode(TestBase.java:55)
	at com.selenium.thoughtworks.marsair.bookticket.TicketBookingTest.ticketBookingTest(TicketBookingTest.java:18)
	at sun.reflect.NativeMethodAccessorImpl.invoke0(Native Method)
	at sun.reflect.NativeMethodAccessorImpl.invoke(Unknown Source)
	at sun.reflect.DelegatingMethodAccessorImpl.invoke(Unknown Source)
	at java.lang.reflect.Method.invoke(Unknown Source)
	at org.testng.internal.MethodInvocationHelper.invokeMethod(MethodInvocationHelper.java:86)
	at org.testng.internal.Invoker.invokeMethod(Invoker.java:643)
	at org.testng.internal.Invoker.invokeTestMethod(Invoker.java:820)
	at org.testng.internal.Invoker.invokeTestMethods(Invoker.java:1128)
	at org.testng.internal.TestMethodWorker.invokeTestMethods(TestMethodWorker.java:129)
	at org.testng.internal.TestMethodWorker.run(TestMethodWorker.java:112)
	at org.testng.TestRunner.privateRun(TestRunner.java:782)
	at org.testng.TestRunner.run(TestRunner.java:632)
	at org.testng.SuiteRunner.runTest(SuiteRunner.java:366)
	at org.testng.SuiteRunner.runSequentially(SuiteRunner.java:361)
	at org.testng.SuiteRunner.privateRun(SuiteRunner.java:319)
	at org.testng.SuiteRunner.run(SuiteRunner.java:268)
	at org.testng.SuiteRunnerWorker.runSuite(SuiteRunnerWorker.java:52)
	at org.testng.SuiteRunnerWorker.run(SuiteRunnerWorker.java:86)
	at org.testng.TestNG.runSuitesSequentially(TestNG.java:1244)
	at org.testng.TestNG.runSuitesSequentially(TestNG.java:1240)
	at org.testng.TestNG.runSuitesLocally(TestNG.java:1169)
	at org.testng.TestNG.run(TestNG.java:1064)
	at org.testng.remote.AbstractRemoteTestNG.run(AbstractRemoteTestNG.java:126)
	at org.testng.remote.RemoteTestNG.initAndRun(RemoteTestNG.java:137)
	at org.testng.remote.RemoteTestNG.main(RemoteTestNG.java:58)
]]>
            </full-stacktrace>
          </exception> <!-- org.testng.SkipException -->
          <reporter-output>
          </reporter-output>
        </test-method> <!-- ticketBookingTest -->
        <test-method status="PASS" signature="quitBrowser()[pri:0, instance:com.selenium.thoughtworks.marsair.bookticket.TicketBookingTest@21213b92]" name="quitBrowser" is-config="true" duration-ms="0" started-at="2016-07-19T14:20:07Z" finished-at="2016-07-19T14:20:07Z">
          <reporter-output>
          </reporter-output>
        </test-method> <!-- quitBrowser -->
        <test-method status="PASS" signature="quitBrowser()[pri:0, instance:com.selenium.thoughtworks.marsair.bookticket.TicketBookingTest@21213b92]" name="quitBrowser" is-config="true" duration-ms="5" started-at="2016-07-19T14:20:07Z" finished-at="2016-07-19T14:20:07Z">
          <reporter-output>
          </reporter-output>
        </test-method> <!-- quitBrowser -->
        <test-method status="SKIP" signature="ticketBookingTest(java.util.Hashtable)[pri:0, instance:com.selenium.thoughtworks.marsair.bookticket.TicketBookingTest@21213b92]" name="ticketBookingTest" duration-ms="19" started-at="2016-07-19T14:20:07Z" data-provider="TicketBookingDataProvider" finished-at="2016-07-19T14:20:08Z">
          <params>
            <param index="0">
              <value>
                <![CDATA[{TCResult=Pass, PromotionalCode=, Data Description=seats not available without promo code; message dislayed is checked, DepartureDate=July, Runmode=N, DefectId=, ReturnDate=December (next year), Browser=chrome}]]>
              </value>
            </param>
          </params>
          <exception class="org.testng.SkipException">
            <message>
              <![CDATA[false dataset -> false suite -> true testcase -> trueskipping the test ticketBookingTest from suite TicketBooking]]>
            </message>
            <full-stacktrace>
              <![CDATA[org.testng.SkipException: false dataset -> false suite -> true testcase -> trueskipping the test ticketBookingTest from suite TicketBooking
	at com.selenium.thoughtworks.marsair.datadriven.TestBase.validateRunmode(TestBase.java:55)
	at com.selenium.thoughtworks.marsair.bookticket.TicketBookingTest.ticketBookingTest(TicketBookingTest.java:18)
	at sun.reflect.NativeMethodAccessorImpl.invoke0(Native Method)
	at sun.reflect.NativeMethodAccessorImpl.invoke(Unknown Source)
	at sun.reflect.DelegatingMethodAccessorImpl.invoke(Unknown Source)
	at java.lang.reflect.Method.invoke(Unknown Source)
	at org.testng.internal.MethodInvocationHelper.invokeMethod(MethodInvocationHelper.java:86)
	at org.testng.internal.Invoker.invokeMethod(Invoker.java:643)
	at org.testng.internal.Invoker.invokeTestMethod(Invoker.java:820)
	at org.testng.internal.Invoker.invokeTestMethods(Invoker.java:1128)
	at org.testng.internal.TestMethodWorker.invokeTestMethods(TestMethodWorker.java:129)
	at org.testng.internal.TestMethodWorker.run(TestMethodWorker.java:112)
	at org.testng.TestRunner.privateRun(TestRunner.java:782)
	at org.testng.TestRunner.run(TestRunner.java:632)
	at org.testng.SuiteRunner.runTest(SuiteRunner.java:366)
	at org.testng.SuiteRunner.runSequentially(SuiteRunner.java:361)
	at org.testng.SuiteRunner.privateRun(SuiteRunner.java:319)
	at org.testng.SuiteRunner.run(SuiteRunner.java:268)
	at org.testng.SuiteRunnerWorker.runSuite(SuiteRunnerWorker.java:52)
	at org.testng.SuiteRunnerWorker.run(SuiteRunnerWorker.java:86)
	at org.testng.TestNG.runSuitesSequentially(TestNG.java:1244)
	at org.testng.TestNG.runSuitesSequentially(TestNG.java:1240)
	at org.testng.TestNG.runSuitesLocally(TestNG.java:1169)
	at org.testng.TestNG.run(TestNG.java:1064)
	at org.testng.remote.AbstractRemoteTestNG.run(AbstractRemoteTestNG.java:126)
	at org.testng.remote.RemoteTestNG.initAndRun(RemoteTestNG.java:137)
	at org.testng.remote.RemoteTestNG.main(RemoteTestNG.java:58)
]]>
            </full-stacktrace>
          </exception> <!-- org.testng.SkipException -->
          <reporter-output>
          </reporter-output>
        </test-method> <!-- ticketBookingTest -->
        <test-method status="PASS" signature="quitBrowser()[pri:0, instance:com.selenium.thoughtworks.marsair.bookticket.TicketBookingTest@21213b92]" name="quitBrowser" is-config="true" duration-ms="0" started-at="2016-07-19T14:20:08Z" finished-at="2016-07-19T14:20:08Z">
          <reporter-output>
          </reporter-output>
        </test-method> <!-- quitBrowser -->
        <test-method status="SKIP" signature="ticketBookingTest(java.util.Hashtable)[pri:0, instance:com.selenium.thoughtworks.marsair.bookticket.TicketBookingTest@21213b92]" name="ticketBookingTest" duration-ms="23" started-at="2016-07-19T14:20:08Z" data-provider="TicketBookingDataProvider" finished-at="2016-07-19T14:20:08Z">
          <params>
            <param index="0">
              <value>
                <![CDATA[{TCResult=Fail, PromotionalCode=JJ1-OPQ-540, Data Description=valid promo code not accepted, DepartureDate=July, Runmode=N, DefectId=4, ReturnDate=December (two years from now), Browser=chrome}]]>
              </value>
            </param>
          </params>
          <exception class="org.testng.SkipException">
            <message>
              <![CDATA[false dataset -> false suite -> true testcase -> trueskipping the test ticketBookingTest from suite TicketBooking]]>
            </message>
            <full-stacktrace>
              <![CDATA[org.testng.SkipException: false dataset -> false suite -> true testcase -> trueskipping the test ticketBookingTest from suite TicketBooking
	at com.selenium.thoughtworks.marsair.datadriven.TestBase.validateRunmode(TestBase.java:55)
	at com.selenium.thoughtworks.marsair.bookticket.TicketBookingTest.ticketBookingTest(TicketBookingTest.java:18)
	at sun.reflect.NativeMethodAccessorImpl.invoke0(Native Method)
	at sun.reflect.NativeMethodAccessorImpl.invoke(Unknown Source)
	at sun.reflect.DelegatingMethodAccessorImpl.invoke(Unknown Source)
	at java.lang.reflect.Method.invoke(Unknown Source)
	at org.testng.internal.MethodInvocationHelper.invokeMethod(MethodInvocationHelper.java:86)
	at org.testng.internal.Invoker.invokeMethod(Invoker.java:643)
	at org.testng.internal.Invoker.invokeTestMethod(Invoker.java:820)
	at org.testng.internal.Invoker.invokeTestMethods(Invoker.java:1128)
	at org.testng.internal.TestMethodWorker.invokeTestMethods(TestMethodWorker.java:129)
	at org.testng.internal.TestMethodWorker.run(TestMethodWorker.java:112)
	at org.testng.TestRunner.privateRun(TestRunner.java:782)
	at org.testng.TestRunner.run(TestRunner.java:632)
	at org.testng.SuiteRunner.runTest(SuiteRunner.java:366)
	at org.testng.SuiteRunner.runSequentially(SuiteRunner.java:361)
	at org.testng.SuiteRunner.privateRun(SuiteRunner.java:319)
	at org.testng.SuiteRunner.run(SuiteRunner.java:268)
	at org.testng.SuiteRunnerWorker.runSuite(SuiteRunnerWorker.java:52)
	at org.testng.SuiteRunnerWorker.run(SuiteRunnerWorker.java:86)
	at org.testng.TestNG.runSuitesSequentially(TestNG.java:1244)
	at org.testng.TestNG.runSuitesSequentially(TestNG.java:1240)
	at org.testng.TestNG.runSuitesLocally(TestNG.java:1169)
	at org.testng.TestNG.run(TestNG.java:1064)
	at org.testng.remote.AbstractRemoteTestNG.run(AbstractRemoteTestNG.java:126)
	at org.testng.remote.RemoteTestNG.initAndRun(RemoteTestNG.java:137)
	at org.testng.remote.RemoteTestNG.main(RemoteTestNG.java:58)
]]>
            </full-stacktrace>
          </exception> <!-- org.testng.SkipException -->
          <reporter-output>
          </reporter-output>
        </test-method> <!-- ticketBookingTest -->
        <test-method status="PASS" signature="quitBrowser()[pri:0, instance:com.selenium.thoughtworks.marsair.bookticket.TicketBookingTest@21213b92]" name="quitBrowser" is-config="true" duration-ms="0" started-at="2016-07-19T14:20:08Z" finished-at="2016-07-19T14:20:08Z">
          <reporter-output>
          </reporter-output>
        </test-method> <!-- quitBrowser -->
      </class> <!-- com.selenium.thoughtworks.marsair.bookticket.TicketBookingTest -->
    </test> <!-- Ticket booking Test -->
  </suite> <!-- TicketBooking -->
  <suite name="My Project" duration-ms="0" started-at="2016-07-19T13:20:09Z" finished-at="2016-07-19T13:20:09Z">
    <groups>
    </groups>
  </suite> <!-- My Project -->
</testng-results>
